Log file open, 09/04/20 15:31:58
LogWindows: Failed to load 'aqProf.dll' (GetLastError=126)
LogWindows: File 'aqProf.dll' does not exist
LogWindows: Failed to load 'VtuneApi.dll' (GetLastError=126)
LogWindows: File 'VtuneApi.dll' does not exist
LogWindows: Failed to load 'VtuneApi32e.dll' (GetLastError=126)
LogWindows: File 'VtuneApi32e.dll' does not exist
LogConsoleResponse: Display: Failed to find resolution value strings in scalability ini. Falling back to default.
LogInit: Display: Running engine for game: Ancient_Warriors
LogPakFile: Registered encryption key '00000000000000000000000000000000': 0 pak files mounted, 0 remain pending
LogPlatformFile: Not using cached read wrapper
LogTaskGraph: Started task graph with 5 named threads and 35 total threads with 3 sets of task threads.
LogStats: Stats thread started at 0.418666
LogD3D11RHI: Loaded GFSDK_Aftermath_Lib.x64.dll
LogWindows: Failed to load '../../../Engine/Binaries/ThirdParty/libsndfile/Win64/libsndfile-1.dll' (GetLastError=126)
LogWindows: File '../../../Engine/Binaries/ThirdParty/libsndfile/Win64/libsndfile-1.dll' does not exist
LogAudioMixer: Display: Failed to load Sound File dll
LogAudioEditor: Display: LibSoundFile failed to load. Importing audio will not work correctly.
LogICUInternationalization: ICU TimeZone Detection - Raw Offset: +1:00, Platform Override: ''
LogPluginManager: Mounting plugin Paper2D
LogPluginManager: Mounting plugin AISupport
LogPluginManager: Mounting plugin LightPropagationVolume
LogPluginManager: Mounting plugin ActorLayerUtilities
LogPluginManager: Mounting plugin AnimationSharing
LogPluginManager: Mounting plugin CLionSourceCodeAccess
LogPluginManager: Mounting plugin CodeLiteSourceCodeAccess
LogPluginManager: Mounting plugin GitSourceControl
LogPluginManager: Mounting plugin KDevelopSourceCodeAccess
LogPluginManager: Mounting plugin NullSourceCodeAccess
LogPluginManager: Mounting plugin PerforceSourceControl
LogPluginManager: Mounting plugin SubversionSourceControl
LogPluginManager: Mounting plugin UObjectPlugin
LogPluginManager: Mounting plugin VisualStudioCodeSourceCodeAccess
LogPluginManager: Mounting plugin VisualStudioSourceCodeAccess
LogPluginManager: Mounting plugin XCodeSourceCodeAccess
LogPluginManager: Mounting plugin AssetManagerEditor
LogPluginManager: Mounting plugin CryptoKeys
LogPluginManager: Mounting plugin DataValidation
LogPluginManager: Mounting plugin FacialAnimation
LogPluginManager: Mounting plugin GameplayTagsEditor
LogPluginManager: Mounting plugin MacGraphicsSwitching
LogPluginManager: Mounting plugin MaterialAnalyzer
LogPluginManager: Mounting plugin MobileLauncherProfileWizard
LogPluginManager: Mounting plugin PluginBrowser
LogPluginManager: Mounting plugin SpeedTreeImporter
LogPluginManager: Mounting plugin DatasmithContent
LogPluginManager: Mounting plugin VariantManagerContent
LogPluginManager: Mounting plugin AlembicImporter
LogPluginManager: Mounting plugin AppleImageUtils
LogPluginManager: Mounting plugin AppleVision
LogPluginManager: Mounting plugin BackChannel
LogPluginManager: Mounting plugin CharacterAI
LogPluginManager: Mounting plugin GeometryCache
LogPluginManager: Mounting plugin HTML5Networking
LogPluginManager: Mounting plugin ProxyLODPlugin
LogPluginManager: Mounting plugin SkeletalReduction
LogPluginManager: Mounting plugin HoudiniNiagara
LogPluginManager: Mounting plugin Niagara
LogPluginManager: Mounting plugin MagicLeap
LogPluginManager: Mounting plugin MagicLeapMedia
LogPluginManager: Mounting plugin AndroidMedia
LogPluginManager: Mounting plugin AvfMedia
LogPluginManager: Mounting plugin ImgMedia
LogPluginManager: Mounting plugin LinearTimecode
LogPluginManager: Mounting plugin MediaCompositing
LogPluginManager: Mounting plugin MediaPlayerEditor
LogPluginManager: Mounting plugin WebMMedia
LogPluginManager: Mounting plugin WmfMedia
LogPluginManager: Mounting plugin TcpMessaging
LogPluginManager: Mounting plugin UdpMessaging
LogPluginManager: Mounting plugin ActorSequence
LogPluginManager: Mounting plugin LevelSequenceEditor
LogPluginManager: Mounting plugin MatineeToLevelSequence
LogPluginManager: Mounting plugin NetcodeUnitTest
LogPluginManager: Mounting plugin NUTUnrealEngine4
LogPluginManager: Mounting plugin OnlineSubsystemGooglePlay
LogPluginManager: Mounting plugin OnlineSubsystemIOS
LogPluginManager: Mounting plugin OnlineSubsystem
LogPluginManager: Mounting plugin OnlineSubsystemNull
LogPluginManager: Mounting plugin OnlineSubsystemUtils
LogPluginManager: Mounting plugin LauncherChunkInstaller
LogPluginManager: Mounting plugin AndroidDeviceProfileSelector
LogPluginManager: Mounting plugin AndroidMoviePlayer
LogPluginManager: Mounting plugin AndroidPermission
LogPluginManager: Mounting plugin ApexDestruction
LogPluginManager: Mounting plugin AppleMoviePlayer
LogPluginManager: Mounting plugin ArchVisCharacter
LogPluginManager: Mounting plugin AudioCapture
LogPluginManager: Mounting plugin CableComponent
LogPluginManager: Mounting plugin CustomMeshComponent
LogPluginManager: Mounting plugin EditableMesh
LogPluginManager: Mounting plugin ExampleDeviceProfileSelector
LogPluginManager: Mounting plugin Firebase
LogPluginManager: Mounting plugin GoogleCloudMessaging
LogPluginManager: Mounting plugin IOSDeviceProfileSelector
LogPluginManager: Mounting plugin LinuxDeviceProfileSelector
LogPluginManager: Mounting plugin LocationServicesBPLibrary
LogPluginManager: Mounting plugin MobilePatchingUtils
LogPluginManager: Mounting plugin OculusVR
LogPluginManager: Mounting plugin PhysXVehicles
LogPluginManager: Mounting plugin ProceduralMeshComponent
LogPluginManager: Mounting plugin RuntimePhysXCooking
LogPluginManager: Mounting plugin SignificanceManager
LogPluginManager: Mounting plugin SteamVR
LogPluginManager: Mounting plugin WebMMoviePlayer
LogPluginManager: Mounting plugin WindowsMoviePlayer
LogInit: Using libcurl 7.55.1-DEV
LogInit:  - built for x86_64-pc-win32
LogInit:  - supports SSL with OpenSSL/1.1.1
LogInit:  - supports HTTP deflate (compression) using libz 1.2.8
LogInit:  - other features:
LogInit:      CURL_VERSION_SSL
LogInit:      CURL_VERSION_LIBZ
LogInit:      CURL_VERSION_IPV6
LogInit:      CURL_VERSION_ASYNCHDNS
LogInit:      CURL_VERSION_LARGEFILE
LogInit:      CURL_VERSION_IDN
LogInit:  CurlRequestOptions (configurable via config and command line):
LogInit:  - bVerifyPeer = true  - Libcurl will verify peer certificate
LogInit:  - bUseHttpProxy = false  - Libcurl will NOT use HTTP proxy
LogInit:  - bDontReuseConnections = false  - Libcurl will reuse connections
LogInit:  - MaxHostConnections = 16  - Libcurl will limit the number of connections to a host
LogInit:  - LocalHostAddr = Default
LogInit:  - BufferSize = 65536
LogInit: WinSock: version 1.1 (2.2), MaxSocks=32767, MaxUdp=65467
LogInit: Build: ++UE4+Release-4.22-CL-5660361
LogInit: Engine Version: 4.22.0-5660361+++UE4+Release-4.22
LogInit: Compatible Engine Version: 4.22.0-5660361+++UE4+Release-4.22
LogInit: Net CL: 5660361
LogInit: OS: Windows 10 (Release 1803) (), CPU: Intel(R) Core(TM) i7-8750H CPU @ 2.20GHz, GPU: Intel(R) UHD Graphics 630
LogInit: Compiled (64-bit): Mar 31 2019 02:05:09
LogInit: Compiled with Visual C++: 19.16.27025.01
LogInit: Build Configuration: Development
LogInit: Branch Name: ++UE4+Release-4.22
LogInit: Command Line: 
LogInit: Base Directory: C:/Program Files/Epic Games/UE_4.22/Engine/Binaries/Win64/
LogInit: Installed Engine Build: 1
LogDevObjectVersion: Number of dev versions registered: 23
LogDevObjectVersion:   Dev-Blueprints (B0D832E4-1F89-4F0D-ACCF-7EB736FD4AA2): 10
LogDevObjectVersion:   Dev-Build (E1C64328-A22C-4D53-A36C-8E866417BD8C): 0
LogDevObjectVersion:   Dev-Core (375EC13C-06E4-48FB-B500-84F0262A717E): 3
LogDevObjectVersion:   Dev-Editor (E4B068ED-F494-42E9-A231-DA0B2E46BB41): 30
LogDevObjectVersion:   Dev-Framework (CFFC743F-43B0-4480-9391-14DF171D2073): 35
LogDevObjectVersion:   Dev-Mobile (B02B49B5-BB20-44E9-A304-32B752E40360): 2
LogDevObjectVersion:   Dev-Networking (A4E4105C-59A1-49B5-A7C5-40C4547EDFEE): 0
LogDevObjectVersion:   Dev-Online (39C831C9-5AE6-47DC-9A44-9C173E1C8E7C): 0
LogDevObjectVersion:   Dev-Physics (78F01B33-EBEA-4F98-B9B4-84EACCB95AA2): 0
LogDevObjectVersion:   Dev-Platform (6631380F-2D4D-43E0-8009-CF276956A95A): 0
LogDevObjectVersion:   Dev-Rendering (12F88B9F-8875-4AFC-A67C-D90C383ABD29): 28
LogDevObjectVersion:   Dev-Sequencer (7B5AE74C-D270-4C10-A958-57980B212A5A): 11
LogDevObjectVersion:   Dev-VR (D7296918-1DD6-4BDD-9DE2-64A83CC13884): 2
LogDevObjectVersion:   Dev-LoadTimes (C2A15278-BFE7-4AFE-6C17-90FF531DF755): 1
LogDevObjectVersion:   Private-Geometry (6EACA3D4-40EC-4CC1-B786-8BED09428FC5): 3
LogDevObjectVersion:   Dev-AnimPhys (29E575DD-E0A3-4627-9D10-D276232CDCEA): 17
LogDevObjectVersion:   Dev-Anim (AF43A65D-7FD3-4947-9873-3E8ED9C1BB05): 2
LogDevObjectVersion:   Dev-ReflectionCapture (6B266CEC-1EC7-4B8F-A30B-E4D90942FC07): 1
LogDevObjectVersion:   Dev-Automation (0DF73D61-A23F-47EA-B727-89E90C41499A): 1
LogDevObjectVersion:   FortniteMain (601D1886-AC64-4F84-AA16-D3DE0DEAC7D6): 25
LogDevObjectVersion:   Dev-Enterprise (9DFFBCD6-494F-0158-E221-12823C92A888): 6
LogDevObjectVersion:   Dev-Niagara (F2AED0AC-9AFE-416F-8664-AA7FFA26D6FC): 1
LogDevObjectVersion:   Dev-Destruction (174F1F0B-B4C6-45A5-B13F-2EE8D0FB917D): 2
LogInit: Presizing for max 16777216 objects, including 0 objects not considered by GC, pre-allocating 0 bytes for permanent pool.
LogInit: Object subsystem initialized
LogConfig: Setting CVar [[con.DebugEarlyDefault:1]]
LogConfig: Setting CVar [[r.setres:1280x720]]
[2020.09.04-13.31.59:211][  0]LogConfig: Setting CVar [[r.VSync:0]]
[2020.09.04-13.31.59:211][  0]LogConfig: Setting CVar [[r.RHICmdBypass:0]]
[2020.09.04-13.31.59:211][  0]LogConfig: Applying CVar settings from Section [/Script/Engine.RendererSettings] File [G:/Dinosaurios/Game/DinosauriosWarriors/Ancient_Warriors/Saved/Config/Windows/Engine.ini]
[2020.09.04-13.31.59:211][  0]LogConfig: Setting CVar [[r.GPUCrashDebugging:0]]
[2020.09.04-13.31.59:211][  0]LogConfig: Setting CVar [[r.GenerateMeshDistanceFields:1]]
[2020.09.04-13.31.59:211][  0]LogConfig: Applying CVar settings from Section [/Script/Engine.RendererOverrideSettings] File [G:/Dinosaurios/Game/DinosauriosWarriors/Ancient_Warriors/Saved/Config/Windows/Engine.ini]
[2020.09.04-13.31.59:211][  0]LogConfig: Applying CVar settings from Section [/Script/Engine.StreamingSettings] File [G:/Dinosaurios/Game/DinosauriosWarriors/Ancient_Warriors/Saved/Config/Windows/Engine.ini]
[2020.09.04-13.31.59:211][  0]LogConfig: Setting CVar [[s.MinBulkDataSizeForAsyncLoading:131072]]
[2020.09.04-13.31.59:211][  0]LogConfig: Setting CVar [[s.AsyncLoadingThreadEnabled:0]]
[2020.09.04-13.31.59:211][  0]LogConfig: Setting CVar [[s.EventDrivenLoaderEnabled:1]]
[2020.09.04-13.31.59:211][  0]LogConfig: Setting CVar [[s.WarnIfTimeLimitExceeded:0]]
[2020.09.04-13.31.59:211][  0]LogConfig: Setting CVar [[s.TimeLimitExceededMultiplier:1.5]]
[2020.09.04-13.31.59:211][  0]LogConfig: Setting CVar [[s.TimeLimitExceededMinTime:0.005]]
[2020.09.04-13.31.59:211][  0]LogConfig: Setting CVar [[s.UseBackgroundLevelStreaming:1]]
[2020.09.04-13.31.59:211][  0]LogConfig: Setting CVar [[s.PriorityAsyncLoadingExtraTime:15.0]]
[2020.09.04-13.31.59:211][  0]LogConfig: Setting CVar [[s.LevelStreamingActorsUpdateTimeLimit:5.0]]
[2020.09.04-13.31.59:211][  0]LogConfig: Setting CVar [[s.PriorityLevelStreamingActorsUpdateExtraTime:5.0]]
[2020.09.04-13.31.59:211][  0]LogConfig: Setting CVar [[s.LevelStreamingComponentsRegistrationGranularity:10]]
[2020.09.04-13.31.59:211][  0]LogConfig: Setting CVar [[s.UnregisterComponentsTimeLimit:1.0]]
[2020.09.04-13.31.59:211][  0]LogConfig: Setting CVar [[s.LevelStreamingComponentsUnregistrationGranularity:5]]
[2020.09.04-13.31.59:211][  0]LogConfig: Applying CVar settings from Section [/Script/Engine.GarbageCollectionSettings] File [G:/Dinosaurios/Game/DinosauriosWarriors/Ancient_Warriors/Saved/Config/Windows/Engine.ini]
[2020.09.04-13.31.59:211][  0]LogConfig: Setting CVar [[gc.MaxObjectsNotConsideredByGC:1]]
[2020.09.04-13.31.59:211][  0]LogConfig: Setting CVar [[gc.SizeOfPermanentObjectPool:0]]
[2020.09.04-13.31.59:211][  0]LogConfig: Setting CVar [[gc.FlushStreamingOnGC:0]]
[2020.09.04-13.31.59:211][  0]LogConfig: Setting CVar [[gc.NumRetriesBeforeForcingGC:10]]
[2020.09.04-13.31.59:211][  0]LogConfig: Setting CVar [[gc.AllowParallelGC:1]]
[2020.09.04-13.31.59:211][  0]LogConfig: Setting CVar [[gc.TimeBetweenPurgingPendingKillObjects:61.1]]
[2020.09.04-13.31.59:211][  0]LogConfig: Setting CVar [[gc.MaxObjectsInEditor:16777216]]
[2020.09.04-13.31.59:211][  0]LogConfig: Setting CVar [[gc.IncrementalBeginDestroyEnabled:1]]
[2020.09.04-13.31.59:211][  0]LogConfig: Setting CVar [[gc.CreateGCClusters:1]]
[2020.09.04-13.31.59:211][  0]LogConfig: Setting CVar [[gc.MinGCClusterSize:5]]
[2020.09.04-13.31.59:211][  0]LogConfig: Setting CVar [[gc.ActorClusteringEnabled:0]]
[2020.09.04-13.31.59:211][  0]LogConfig: Setting CVar [[gc.BlueprintClusteringEnabled:0]]
[2020.09.04-13.31.59:211][  0]LogConfig: Setting CVar [[gc.UseDisregardForGCOnDedicatedServers:0]]
[2020.09.04-13.31.59:212][  0]LogConfig: Applying CVar settings from Section [/Script/Engine.NetworkSettings] File [G:/Dinosaurios/Game/DinosauriosWarriors/Ancient_Warriors/Saved/Config/Windows/Engine.ini]
[2020.09.04-13.31.59:212][  0]LogConfig: Applying CVar settings from Section [/Script/UnrealEd.CookerSettings] File [G:/Dinosaurios/Game/DinosauriosWarriors/Ancient_Warriors/Saved/Config/Windows/Engine.ini]
[2020.09.04-13.31.59:215][  0]LogConfig: Applying CVar settings from Section [ViewDistanceQuality@3] File [G:/Dinosaurios/Game/DinosauriosWarriors/Ancient_Warriors/Saved/Config/Windows/Scalability.ini]
[2020.09.04-13.31.59:215][  0]LogConfig: Setting CVar [[r.SkeletalMeshLODBias:0]]
[2020.09.04-13.31.59:215][  0]LogConfig: Setting CVar [[r.ViewDistanceScale:1.0]]
[2020.09.04-13.31.59:215][  0]LogConfig: Applying CVar settings from Section [AntiAliasingQuality@3] File [G:/Dinosaurios/Game/DinosauriosWarriors/Ancient_Warriors/Saved/Config/Windows/Scalability.ini]
[2020.09.04-13.31.59:215][  0]LogConfig: Setting CVar [[r.PostProcessAAQuality:4]]
[2020.09.04-13.31.59:215][  0]LogConfig: Applying CVar settings from Section [ShadowQuality@3] File [G:/Dinosaurios/Game/DinosauriosWarriors/Ancient_Warriors/Saved/Config/Windows/Scalability.ini]
[2020.09.04-13.31.59:215][  0]LogConfig: Setting CVar [[r.LightFunctionQuality:1]]
[2020.09.04-13.31.59:215][  0]LogConfig: Setting CVar [[r.ShadowQuality:5]]
[2020.09.04-13.31.59:215][  0]LogConfig: Setting CVar [[r.Shadow.CSM.MaxCascades:10]]
[2020.09.04-13.31.59:215][  0]LogConfig: Setting CVar [[r.Shadow.MaxResolution:2048]]
[2020.09.04-13.31.59:215][  0]LogConfig: Setting CVar [[r.Shadow.MaxCSMResolution:2048]]
[2020.09.04-13.31.59:215][  0]LogConfig: Setting CVar [[r.Shadow.RadiusThreshold:0.01]]
[2020.09.04-13.31.59:215][  0]LogConfig: Setting CVar [[r.Shadow.DistanceScale:1.0]]
[2020.09.04-13.31.59:215][  0]LogConfig: Setting CVar [[r.Shadow.CSM.TransitionScale:1.0]]
[2020.09.04-13.31.59:215][  0]LogConfig: Setting CVar [[r.Shadow.PreShadowResolutionFactor:1.0]]
[2020.09.04-13.31.59:215][  0]LogConfig: Setting CVar [[r.DistanceFieldShadowing:1]]
[2020.09.04-13.31.59:215][  0]LogConfig: Setting CVar [[r.DistanceFieldAO:1]]
[2020.09.04-13.31.59:215][  0]LogConfig: Setting CVar [[r.AOQuality:2]]
[2020.09.04-13.31.59:215][  0]LogConfig: Setting CVar [[r.VolumetricFog:1]]
[2020.09.04-13.31.59:215][  0]LogConfig: Setting CVar [[r.VolumetricFog.GridPixelSize:8]]
[2020.09.04-13.31.59:215][  0]LogConfig: Setting CVar [[r.VolumetricFog.GridSizeZ:128]]
[2020.09.04-13.31.59:215][  0]LogConfig: Setting CVar [[r.VolumetricFog.HistoryMissSupersampleCount:4]]
[2020.09.04-13.31.59:215][  0]LogConfig: Setting CVar [[r.LightMaxDrawDistanceScale:1]]
[2020.09.04-13.31.59:215][  0]LogConfig: Setting CVar [[r.CapsuleShadows:1]]
[2020.09.04-13.31.59:215][  0]LogConfig: Applying CVar settings from Section [PostProcessQuality@3] File [G:/Dinosaurios/Game/DinosauriosWarriors/Ancient_Warriors/Saved/Config/Windows/Scalability.ini]
[2020.09.04-13.31.59:215][  0]LogConfig: Setting CVar [[r.MotionBlurQuality:4]]
[2020.09.04-13.31.59:215][  0]LogConfig: Setting CVar [[r.AmbientOcclusionMipLevelFactor:0.4]]
[2020.09.04-13.31.59:215][  0]LogConfig: Setting CVar [[r.AmbientOcclusionMaxQuality:100]]
[2020.09.04-13.31.59:215][  0]LogConfig: Setting CVar [[r.AmbientOcclusionLevels:-1]]
[2020.09.04-13.31.59:215][  0]LogConfig: Setting CVar [[r.AmbientOcclusionRadiusScale:1.0]]
[2020.09.04-13.31.59:215][  0]LogConfig: Setting CVar [[r.DepthOfFieldQuality:2]]
[2020.09.04-13.31.59:215][  0]LogConfig: Setting CVar [[r.RenderTargetPoolMin:400]]
[2020.09.04-13.31.59:215][  0]LogConfig: Setting CVar [[r.LensFlareQuality:2]]
[2020.09.04-13.31.59:215][  0]LogConfig: Setting CVar [[r.SceneColorFringeQuality:1]]
[2020.09.04-13.31.59:215][  0]LogConfig: Setting CVar [[r.EyeAdaptationQuality:2]]
[2020.09.04-13.31.59:215][  0]LogConfig: Setting CVar [[r.BloomQuality:5]]
[2020.09.04-13.31.59:215][  0]LogConfig: Setting CVar [[r.FastBlurThreshold:100]]
[2020.09.04-13.31.59:215][  0]LogConfig: Setting CVar [[r.Upscale.Quality:3]]
[2020.09.04-13.31.59:215][  0]LogConfig: Setting CVar [[r.Tonemapper.GrainQuantization:1]]
[2020.09.04-13.31.59:215][  0]LogConfig: Setting CVar [[r.LightShaftQuality:1]]
[2020.09.04-13.31.59:215][  0]LogConfig: Setting CVar [[r.Filter.SizeScale:1]]
[2020.09.04-13.31.59:215][  0]LogConfig: Setting CVar [[r.Tonemapper.Quality:5]]
[2020.09.04-13.31.59:215][  0]LogConfig: Setting CVar [[r.DOF.Gather.AccumulatorQuality:1        ; higher gathering accumulator quality]]
[2020.09.04-13.31.59:215][  0]LogConfig: Setting CVar [[r.DOF.Gather.PostfilterMethod:1          ; Median3x3 postfilering method]]
[2020.09.04-13.31.59:215][  0]LogConfig: Setting CVar [[r.DOF.Gather.EnableBokehSettings:0       ; no bokeh simulation when gathering]]
[2020.09.04-13.31.59:215][  0]LogConfig: Setting CVar [[r.DOF.Gather.RingCount:4                 ; medium number of samples when gathering]]
[2020.09.04-13.31.59:215][  0]LogConfig: Setting CVar [[r.DOF.Scatter.ForegroundCompositing:1    ; additive foreground scattering]]
[2020.09.04-13.31.59:215][  0]LogConfig: Setting CVar [[r.DOF.Scatter.BackgroundCompositing:2    ; additive background scattering]]
[2020.09.04-13.31.59:215][  0]LogConfig: Setting CVar [[r.DOF.Scatter.EnableBokehSettings:1      ; bokeh simulation when scattering]]
[2020.09.04-13.31.59:215][  0]LogConfig: Setting CVar [[r.DOF.Scatter.MaxSpriteRatio:0.1         ; only a maximum of 10% of scattered bokeh]]
[2020.09.04-13.31.59:215][  0]LogConfig: Setting CVar [[r.DOF.Recombine.Quality:1                ; cheap slight out of focus]]
[2020.09.04-13.31.59:215][  0]LogConfig: Setting CVar [[r.DOF.Recombine.EnableBokehSettings:0    ; no bokeh simulation on slight out of focus]]
[2020.09.04-13.31.59:215][  0]LogConfig: Setting CVar [[r.DOF.TemporalAAQuality:1                ; more stable temporal accumulation]]
[2020.09.04-13.31.59:215][  0]LogConfig: Setting CVar [[r.DOF.Kernel.MaxForegroundRadius:0.025]]
[2020.09.04-13.31.59:215][  0]LogConfig: Setting CVar [[r.DOF.Kernel.MaxBackgroundRadius:0.025]]
[2020.09.04-13.31.59:215][  0]LogConfig: Applying CVar settings from Section [TextureQuality@3] File [G:/Dinosaurios/Game/DinosauriosWarriors/Ancient_Warriors/Saved/Config/Windows/Scalability.ini]
[2020.09.04-13.31.59:215][  0]LogConfig: Setting CVar [[r.Streaming.MipBias:0]]
[2020.09.04-13.31.59:215][  0]LogConfig: Setting CVar [[r.Streaming.AmortizeCPUToGPUCopy:0]]
[2020.09.04-13.31.59:215][  0]LogConfig: Setting CVar [[r.Streaming.MaxNumTexturesToStreamPerFrame:0]]
[2020.09.04-13.31.59:215][  0]LogConfig: Setting CVar [[r.Streaming.Boost:1]]
[2020.09.04-13.31.59:215][  0]LogConfig: Setting CVar [[r.MaxAnisotropy:8]]
[2020.09.04-13.31.59:215][  0]LogConfig: Setting CVar [[r.Streaming.LimitPoolSizeToVRAM:0]]
[2020.09.04-13.31.59:215][  0]LogConfig: Setting CVar [[r.Streaming.PoolSize:1000]]
[2020.09.04-13.31.59:215][  0]LogConfig: Setting CVar [[r.Streaming.MaxEffectiveScreenSize:0]]
[2020.09.04-13.31.59:215][  0]LogConfig: Applying CVar settings from Section [EffectsQuality@3] File [G:/Dinosaurios/Game/DinosauriosWarriors/Ancient_Warriors/Saved/Config/Windows/Scalability.ini]
[2020.09.04-13.31.59:215][  0]LogConfig: Setting CVar [[r.TranslucencyLightingVolumeDim:64]]
[2020.09.04-13.31.59:215][  0]LogConfig: Setting CVar [[r.RefractionQuality:2]]
[2020.09.04-13.31.59:215][  0]LogConfig: Setting CVar [[r.SSR.Quality:3]]
[2020.09.04-13.31.59:215][  0]LogConfig: Setting CVar [[r.SceneColorFormat:4]]
[2020.09.04-13.31.59:215][  0]LogConfig: Setting CVar [[r.DetailMode:2]]
[2020.09.04-13.31.59:215][  0]LogConfig: Setting CVar [[r.TranslucencyVolumeBlur:1]]
[2020.09.04-13.31.59:215][  0]LogConfig: Setting CVar [[r.MaterialQualityLevel:1 ; High quality]]
[2020.09.04-13.31.59:215][  0]LogConfig: Setting CVar [[r.SSS.Scale:1]]
[2020.09.04-13.31.59:215][  0]LogConfig: Setting CVar [[r.SSS.SampleSet:2]]
[2020.09.04-13.31.59:215][  0]LogConfig: Setting CVar [[r.SSS.Quality:1]]
[2020.09.04-13.31.59:215][  0]LogConfig: Setting CVar [[r.SSS.HalfRes:1]]
[2020.09.04-13.31.59:215][  0]LogConfig: Setting CVar [[r.EmitterSpawnRateScale:1.0]]
[2020.09.04-13.31.59:215][  0]LogConfig: Setting CVar [[r.ParticleLightQuality:2]]
[2020.09.04-13.31.59:215][  0]LogConfig: Applying CVar settings from Section [FoliageQuality@3] File [G:/Dinosaurios/Game/DinosauriosWarriors/Ancient_Warriors/Saved/Config/Windows/Scalability.ini]
[2020.09.04-13.31.59:215][  0]LogConfig: Setting CVar [[foliage.DensityScale:1.0]]
[2020.09.04-13.31.59:215][  0]LogConfig: Setting CVar [[grass.DensityScale:1.0]]
[2020.09.04-13.31.59:215][  0]LogInit: Selected Device Profile: [Windows]
[2020.09.04-13.31.59:215][  0]LogInit: Applying CVar settings loaded from the selected device profile: [Windows]
[2020.09.04-13.31.59:242][  0]LogHAL: Display: Platform has ~ 16 GB [17016332288 / 17179869184 / 16], which maps to Larger [LargestMinGB=32, LargerMinGB=12, DefaultMinGB=8, SmallerMinGB=6, SmallestMinGB=0)
[2020.09.04-13.31.59:242][  0]LogConfig: Setting CVar [[r.Vulkan.UseRealUBs:0		; Required until we fix HLR fall-out]]
[2020.09.04-13.31.59:242][  0]LogInit: Going up to parent DeviceProfile []
[2020.09.04-13.31.59:242][  0]LogConfig: Applying CVar settings from Section [ViewDistanceQuality@3] File [G:/Dinosaurios/Game/DinosauriosWarriors/Ancient_Warriors/Saved/Config/Windows/Scalability.ini]
[2020.09.04-13.31.59:242][  0]LogConfig: Setting CVar [[r.SkeletalMeshLODBias:0]]
[2020.09.04-13.31.59:242][  0]LogConfig: Setting CVar [[r.ViewDistanceScale:1.0]]
[2020.09.04-13.31.59:242][  0]LogConfig: Applying CVar settings from Section [AntiAliasingQuality@3] File [G:/Dinosaurios/Game/DinosauriosWarriors/Ancient_Warriors/Saved/Config/Windows/Scalability.ini]
[2020.09.04-13.31.59:242][  0]LogConfig: Setting CVar [[r.PostProcessAAQuality:4]]
[2020.09.04-13.31.59:242][  0]LogConfig: Applying CVar settings from Section [ShadowQuality@3] File [G:/Dinosaurios/Game/DinosauriosWarriors/Ancient_Warriors/Saved/Config/Windows/Scalability.ini]
[2020.09.04-13.31.59:242][  0]LogConfig: Setting CVar [[r.LightFunctionQuality:1]]
[2020.09.04-13.31.59:242][  0]LogConfig: Setting CVar [[r.ShadowQuality:5]]
[2020.09.04-13.31.59:242][  0]LogConfig: Setting CVar [[r.Shadow.CSM.MaxCascades:10]]
[2020.09.04-13.31.59:242][  0]LogConfig: Setting CVar [[r.Shadow.MaxResolution:2048]]
[2020.09.04-13.31.59:242][  0]LogConfig: Setting CVar [[r.Shadow.MaxCSMResolution:2048]]
[2020.09.04-13.31.59:242][  0]LogConfig: Setting CVar [[r.Shadow.RadiusThreshold:0.01]]
[2020.09.04-13.31.59:242][  0]LogConfig: Setting CVar [[r.Shadow.DistanceScale:1.0]]
[2020.09.04-13.31.59:242][  0]LogConfig: Setting CVar [[r.Shadow.CSM.TransitionScale:1.0]]
[2020.09.04-13.31.59:242][  0]LogConfig: Setting CVar [[r.Shadow.PreShadowResolutionFactor:1.0]]
[2020.09.04-13.31.59:242][  0]LogConfig: Setting CVar [[r.DistanceFieldShadowing:1]]
[2020.09.04-13.31.59:242][  0]LogConfig: Setting CVar [[r.DistanceFieldAO:1]]
[2020.09.04-13.31.59:242][  0]LogConfig: Setting CVar [[r.AOQuality:2]]
[2020.09.04-13.31.59:242][  0]LogConfig: Setting CVar [[r.VolumetricFog:1]]
[2020.09.04-13.31.59:242][  0]LogConfig: Setting CVar [[r.VolumetricFog.GridPixelSize:8]]
[2020.09.04-13.31.59:242][  0]LogConfig: Setting CVar [[r.VolumetricFog.GridSizeZ:128]]
[2020.09.04-13.31.59:243][  0]LogConfig: Setting CVar [[r.VolumetricFog.HistoryMissSupersampleCount:4]]
[2020.09.04-13.31.59:243][  0]LogConfig: Setting CVar [[r.LightMaxDrawDistanceScale:1]]
[2020.09.04-13.31.59:243][  0]LogConfig: Setting CVar [[r.CapsuleShadows:1]]
[2020.09.04-13.31.59:243][  0]LogConfig: Applying CVar settings from Section [PostProcessQuality@3] File [G:/Dinosaurios/Game/DinosauriosWarriors/Ancient_Warriors/Saved/Config/Windows/Scalability.ini]
[2020.09.04-13.31.59:243][  0]LogConfig: Setting CVar [[r.MotionBlurQuality:4]]
[2020.09.04-13.31.59:243][  0]LogConfig: Setting CVar [[r.AmbientOcclusionMipLevelFactor:0.4]]
[2020.09.04-13.31.59:243][  0]LogConfig: Setting CVar [[r.AmbientOcclusionMaxQuality:100]]
[2020.09.04-13.31.59:243][  0]LogConfig: Setting CVar [[r.AmbientOcclusionLevels:-1]]
[2020.09.04-13.31.59:243][  0]LogConfig: Setting CVar [[r.AmbientOcclusionRadiusScale:1.0]]
[2020.09.04-13.31.59:243][  0]LogConfig: Setting CVar [[r.DepthOfFieldQuality:2]]
[2020.09.04-13.31.59:243][  0]LogConfig: Setting CVar [[r.RenderTargetPoolMin:400]]
[2020.09.04-13.31.59:243][  0]LogConfig: Setting CVar [[r.LensFlareQuality:2]]
[2020.09.04-13.31.59:243][  0]LogConfig: Setting CVar [[r.SceneColorFringeQuality:1]]
[2020.09.04-13.31.59:243][  0]LogConfig: Setting CVar [[r.EyeAdaptationQuality:2]]
[2020.09.04-13.31.59:243][  0]LogConfig: Setting CVar [[r.BloomQuality:5]]
[2020.09.04-13.31.59:243][  0]LogConfig: Setting CVar [[r.FastBlurThreshold:100]]
[2020.09.04-13.31.59:243][  0]LogConfig: Setting CVar [[r.Upscale.Quality:3]]
[2020.09.04-13.31.59:243][  0]LogConfig: Setting CVar [[r.Tonemapper.GrainQuantization:1]]
[2020.09.04-13.31.59:243][  0]LogConfig: Setting CVar [[r.LightShaftQuality:1]]
[2020.09.04-13.31.59:243][  0]LogConfig: Setting CVar [[r.Filter.SizeScale:1]]
[2020.09.04-13.31.59:243][  0]LogConfig: Setting CVar [[r.Tonemapper.Quality:5]]
[2020.09.04-13.31.59:243][  0]LogConfig: Setting CVar [[r.DOF.Gather.AccumulatorQuality:1        ; higher gathering accumulator quality]]
[2020.09.04-13.31.59:243][  0]LogConfig: Setting CVar [[r.DOF.Gather.PostfilterMethod:1          ; Median3x3 postfilering method]]
[2020.09.04-13.31.59:243][  0]LogConfig: Setting CVar [[r.DOF.Gather.EnableBokehSettings:0       ; no bokeh simulation when gathering]]
[2020.09.04-13.31.59:243][  0]LogConfig: Setting CVar [[r.DOF.Gather.RingCount:4                 ; medium number of samples when gathering]]
[2020.09.04-13.31.59:243][  0]LogConfig: Setting CVar [[r.DOF.Scatter.ForegroundCompositing:1    ; additive foreground scattering]]
[2020.09.04-13.31.59:243][  0]LogConfig: Setting CVar [[r.DOF.Scatter.BackgroundCompositing:2    ; additive background scattering]]
[2020.09.04-13.31.59:243][  0]LogConfig: Setting CVar [[r.DOF.Scatter.EnableBokehSettings:1      ; bokeh simulation when scattering]]
[2020.09.04-13.31.59:243][  0]LogConfig: Setting CVar [[r.DOF.Scatter.MaxSpriteRatio:0.1         ; only a maximum of 10% of scattered bokeh]]
[2020.09.04-13.31.59:243][  0]LogConfig: Setting CVar [[r.DOF.Recombine.Quality:1                ; cheap slight out of focus]]
[2020.09.04-13.31.59:243][  0]LogConfig: Setting CVar [[r.DOF.Recombine.EnableBokehSettings:0    ; no bokeh simulation on slight out of focus]]
[2020.09.04-13.31.59:243][  0]LogConfig: Setting CVar [[r.DOF.TemporalAAQuality:1                ; more stable temporal accumulation]]
[2020.09.04-13.31.59:243][  0]LogConfig: Setting CVar [[r.DOF.Kernel.MaxForegroundRadius:0.025]]
[2020.09.04-13.31.59:243][  0]LogConfig: Setting CVar [[r.DOF.Kernel.MaxBackgroundRadius:0.025]]
[2020.09.04-13.31.59:243][  0]LogConfig: Applying CVar settings from Section [TextureQuality@3] File [G:/Dinosaurios/Game/DinosauriosWarriors/Ancient_Warriors/Saved/Config/Windows/Scalability.ini]
[2020.09.04-13.31.59:243][  0]LogConfig: Setting CVar [[r.Streaming.MipBias:0]]
[2020.09.04-13.31.59:243][  0]LogConfig: Setting CVar [[r.Streaming.AmortizeCPUToGPUCopy:0]]
[2020.09.04-13.31.59:243][  0]LogConfig: Setting CVar [[r.Streaming.MaxNumTexturesToStreamPerFrame:0]]
[2020.09.04-13.31.59:243][  0]LogConfig: Setting CVar [[r.Streaming.Boost:1]]
[2020.09.04-13.31.59:243][  0]LogConfig: Setting CVar [[r.MaxAnisotropy:8]]
[2020.09.04-13.31.59:243][  0]LogConfig: Setting CVar [[r.Streaming.LimitPoolSizeToVRAM:0]]
[2020.09.04-13.31.59:243][  0]LogConfig: Setting CVar [[r.Streaming.PoolSize:1000]]
[2020.09.04-13.31.59:243][  0]LogConfig: Setting CVar [[r.Streaming.MaxEffectiveScreenSize:0]]
[2020.09.04-13.31.59:243][  0]LogConfig: Applying CVar settings from Section [EffectsQuality@3] File [G:/Dinosaurios/Game/DinosauriosWarriors/Ancient_Warriors/Saved/Config/Windows/Scalability.ini]
[2020.09.04-13.31.59:243][  0]LogConfig: Setting CVar [[r.TranslucencyLightingVolumeDim:64]]
[2020.09.04-13.31.59:243][  0]LogConfig: Setting CVar [[r.RefractionQuality:2]]
[2020.09.04-13.31.59:243][  0]LogConfig: Setting CVar [[r.SSR.Quality:3]]
[2020.09.04-13.31.59:243][  0]LogConfig: Setting CVar [[r.SceneColorFormat:4]]
[2020.09.04-13.31.59:243][  0]LogConfig: Setting CVar [[r.DetailMode:2]]
[2020.09.04-13.31.59:243][  0]LogConfig: Setting CVar [[r.TranslucencyVolumeBlur:1]]
[2020.09.04-13.31.59:243][  0]LogConfig: Setting CVar [[r.MaterialQualityLevel:1 ; High quality]]
[2020.09.04-13.31.59:243][  0]LogConfig: Setting CVar [[r.SSS.Scale:1]]
[2020.09.04-13.31.59:243][  0]LogConfig: Setting CVar [[r.SSS.SampleSet:2]]
[2020.09.04-13.31.59:243][  0]LogConfig: Setting CVar [[r.SSS.Quality:1]]
[2020.09.04-13.31.59:243][  0]LogConfig: Setting CVar [[r.SSS.HalfRes:1]]
[2020.09.04-13.31.59:244][  0]LogConfig: Setting CVar [[r.EmitterSpawnRateScale:1.0]]
[2020.09.04-13.31.59:244][  0]LogConfig: Setting CVar [[r.ParticleLightQuality:2]]
[2020.09.04-13.31.59:244][  0]LogConfig: Applying CVar settings from Section [FoliageQuality@3] File [G:/Dinosaurios/Game/DinosauriosWarriors/Ancient_Warriors/Saved/Config/Windows/Scalability.ini]
[2020.09.04-13.31.59:244][  0]LogConfig: Setting CVar [[foliage.DensityScale:1.0]]
[2020.09.04-13.31.59:244][  0]LogConfig: Setting CVar [[grass.DensityScale:1.0]]
[2020.09.04-13.31.59:244][  0]LogConfig: Applying CVar settings from Section [Startup] File [../../../Engine/Config/ConsoleVariables.ini]
[2020.09.04-13.31.59:244][  0]LogConfig: Setting CVar [[net.UseAdaptiveNetUpdateFrequency:0]]
[2020.09.04-13.31.59:244][  0]LogConfig: Setting CVar [[p.chaos.AllowCreatePhysxBodies:1]]
[2020.09.04-13.31.59:244][  0]LogConfig: Applying CVar settings from Section [ConsoleVariables] File [G:/Dinosaurios/Game/DinosauriosWarriors/Ancient_Warriors/Saved/Config/Windows/Engine.ini]
[2020.09.04-13.31.59:244][  0]LogInit: Computer: DESKTOP-0V54JMG
[2020.09.04-13.31.59:244][  0]LogInit: User: Gorka
[2020.09.04-13.31.59:244][  0]LogInit: CPU Page size=4096, Cores=6
[2020.09.04-13.31.59:244][  0]LogInit: High frequency timer resolution =2.156249 MHz
[2020.09.04-13.31.59:244][  0]LogMemory: Memory total: Physical=15.8GB (16GB approx)
[2020.09.04-13.31.59:244][  0]LogMemory: Platform Memory Stats for Windows
[2020.09.04-13.31.59:244][  0]LogMemory: Process Physical Memory: 100.71 MB used, 100.71 MB peak
[2020.09.04-13.31.59:244][  0]LogMemory: Process Virtual Memory: 101.77 MB used, 101.78 MB peak
[2020.09.04-13.31.59:244][  0]LogMemory: Physical Memory: 6748.28 MB used,  9479.76 MB free, 16228.04 MB total
[2020.09.04-13.31.59:245][  0]LogMemory: Virtual Memory: 4669.36 MB used,  134213056.00 MB free, 134217728.00 MB total
[2020.09.04-13.31.59:268][  0]LogInit: Overriding language with editor language configuration option (en).
[2020.09.04-13.31.59:268][  0]LogInit: Overriding locale with editor culture configuration option ().
[2020.09.04-13.31.59:268][  0]LogInit: Using OS detected locale (es-ES).
[2020.09.04-13.31.59:398][  0]LogInit: Setting process to per monitor DPI aware
[2020.09.04-13.31.59:428][  0]LogSlate: New Slate User Created.  User Index 0, Is Virtual User: 0
[2020.09.04-13.31.59:428][  0]LogSlate: Slate User Registered.  User Index 0, Is Virtual User: 0
[2020.09.04-13.31.59:621][  0]LogHMD: Failed to initialize OpenVR with code 110
[2020.09.04-13.31.59:621][  0]LogD3D11RHI: D3D11 adapters:
[2020.09.04-13.31.59:687][  0]LogD3D11RHI:    0. 'NVIDIA GeForce GTX 1070' (Feature Level 11_0)
[2020.09.04-13.31.59:687][  0]LogD3D11RHI:       8081/0/8114 MB DedicatedVideo/DedicatedSystem/SharedSystem, Outputs:1, VendorId:0x10de
[2020.09.04-13.31.59:713][  0]LogD3D11RHI:    1. 'Intel(R) UHD Graphics 630' (Feature Level 11_0)
[2020.09.04-13.31.59:713][  0]LogD3D11RHI:       128/0/8114 MB DedicatedVideo/DedicatedSystem/SharedSystem, Outputs:0, VendorId:0x8086
[2020.09.04-13.31.59:715][  0]LogD3D11RHI:    2. 'Microsoft Basic Render Driver' (Feature Level 11_0)
[2020.09.04-13.31.59:715][  0]LogD3D11RHI:       0/0/8114 MB DedicatedVideo/DedicatedSystem/SharedSystem, Outputs:0, VendorId:0x1414
[2020.09.04-13.31.59:715][  0]LogD3D11RHI: Chosen D3D11 Adapter: 0
[2020.09.04-13.31.59:742][  0]LogD3D11RHI: Creating new Direct3DDevice
[2020.09.04-13.31.59:742][  0]LogD3D11RHI:     GPU DeviceId: 0x1ba1 (for the marketing name, search the web for "GPU Device Id")
[2020.09.04-13.31.59:742][  0]LogWindows: EnumDisplayDevices:
[2020.09.04-13.31.59:742][  0]LogWindows:    0. 'Intel(R) UHD Graphics 630' (P:1 D:1)
[2020.09.04-13.31.59:743][  0]LogWindows:    1. 'Intel(R) UHD Graphics 630' (P:0 D:0)
[2020.09.04-13.31.59:743][  0]LogWindows:    2. 'Intel(R) UHD Graphics 630' (P:0 D:0)
[2020.09.04-13.31.59:743][  0]LogWindows:    3. 'NVIDIA GeForce GTX 1070' (P:0 D:0)
[2020.09.04-13.31.59:743][  0]LogWindows:    4. 'NVIDIA GeForce GTX 1070' (P:0 D:0)
[2020.09.04-13.31.59:744][  0]LogWindows:    5. 'NVIDIA GeForce GTX 1070' (P:0 D:0)
[2020.09.04-13.31.59:744][  0]LogWindows:    6. 'NVIDIA GeForce GTX 1070' (P:0 D:0)
[2020.09.04-13.31.59:744][  0]LogWindows: DebugString: PrimaryIsNotTheChoosenAdapter PrimaryIsNotTheChoosenAdapter PrimaryIsNotTheChoosenAdapter FoundDriverCount:4 
[2020.09.04-13.31.59:744][  0]LogD3D11RHI:     Adapter Name: NVIDIA GeForce GTX 1070
[2020.09.04-13.31.59:744][  0]LogD3D11RHI:   Driver Version: 399.01 (internal:24.21.13.9901, unified:399.01)
[2020.09.04-13.31.59:744][  0]LogD3D11RHI:      Driver Date: 8-13-2018
[2020.09.04-13.31.59:744][  0]LogRHI: Texture pool is 5656 MB (70% of 8081 MB)
[2020.09.04-13.31.59:780][  0]LogD3D11RHI: Async texture creation enabled
[2020.09.04-13.31.59:784][  0]LogRendererCore: FGlobalReadBuffer::InitRHI
[2020.09.04-13.31.59:784][  0]LogRendererCore: FGlobalReadBuffer::InitRHI
[2020.09.04-13.31.59:784][  0]LogRendererCore: FGlobalReadBuffer::InitRHI
[2020.09.04-13.31.59:797][  0]LogD3D11RHI: GPU Timing Frequency: 1000.000000 (Debug: 2 2)
[2020.09.04-13.32.00:044][  0]LogTemp: Display: Module 'AllDesktopTargetPlatform' loaded TargetPlatform 'AllDesktop'
[2020.09.04-13.32.00:057][  0]LogTemp: Display: Module 'MacClientTargetPlatform' loaded TargetPlatform 'MacClient'
[2020.09.04-13.32.00:069][  0]LogTemp: Display: Module 'MacNoEditorTargetPlatform' loaded TargetPlatform 'MacNoEditor'
[2020.09.04-13.32.00:081][  0]LogTemp: Display: Module 'MacServerTargetPlatform' loaded TargetPlatform 'MacServer'
[2020.09.04-13.32.00:094][  0]LogTemp: Display: Module 'MacTargetPlatform' loaded TargetPlatform 'Mac'
[2020.09.04-13.32.00:106][  0]LogTemp: Display: Module 'WindowsClientTargetPlatform' loaded TargetPlatform 'WindowsClient'
[2020.09.04-13.32.00:119][  0]LogTemp: Display: Module 'WindowsNoEditorTargetPlatform' loaded TargetPlatform 'WindowsNoEditor'
[2020.09.04-13.32.00:132][  0]LogTemp: Display: Module 'WindowsServerTargetPlatform' loaded TargetPlatform 'WindowsServer'
[2020.09.04-13.32.00:138][  0]LogTemp: Display: Module 'WindowsTargetPlatform' loaded TargetPlatform 'Windows'
[2020.09.04-13.32.00:209][  0]LogTemp: Display: Module 'AndroidTargetPlatform' loaded TargetPlatform 'Android'
[2020.09.04-13.32.00:209][  0]LogTemp: Display: Module 'AndroidTargetPlatform' loaded TargetPlatform 'Android_ASTC'
[2020.09.04-13.32.00:209][  0]LogTemp: Display: Module 'AndroidTargetPlatform' loaded TargetPlatform 'Android_ATC'
[2020.09.04-13.32.00:209][  0]LogTemp: Display: Module 'AndroidTargetPlatform' loaded TargetPlatform 'Android_DXT'
[2020.09.04-13.32.00:209][  0]LogTemp: Display: Module 'AndroidTargetPlatform' loaded TargetPlatform 'Android_ETC1'
[2020.09.04-13.32.00:209][  0]LogTemp: Display: Module 'AndroidTargetPlatform' loaded TargetPlatform 'Android_ETC1a'
[2020.09.04-13.32.00:209][  0]LogTemp: Display: Module 'AndroidTargetPlatform' loaded TargetPlatform 'Android_ETC2'
[2020.09.04-13.32.00:209][  0]LogTemp: Display: Module 'AndroidTargetPlatform' loaded TargetPlatform 'Android_PVRTC'
[2020.09.04-13.32.00:209][  0]LogTemp: Display: Module 'AndroidTargetPlatform' loaded TargetPlatform 'AndroidClient'
[2020.09.04-13.32.00:209][  0]LogTemp: Display: Module 'AndroidTargetPlatform' loaded TargetPlatform 'Android_ASTCClient'
[2020.09.04-13.32.00:209][  0]LogTemp: Display: Module 'AndroidTargetPlatform' loaded TargetPlatform 'Android_ATCClient'
[2020.09.04-13.32.00:209][  0]LogTemp: Display: Module 'AndroidTargetPlatform' loaded TargetPlatform 'Android_DXTClient'
[2020.09.04-13.32.00:209][  0]LogTemp: Display: Module 'AndroidTargetPlatform' loaded TargetPlatform 'Android_ETC1Client'
[2020.09.04-13.32.00:209][  0]LogTemp: Display: Module 'AndroidTargetPlatform' loaded TargetPlatform 'Android_ETC1aClient'
[2020.09.04-13.32.00:209][  0]LogTemp: Display: Module 'AndroidTargetPlatform' loaded TargetPlatform 'Android_ETC2Client'
[2020.09.04-13.32.00:209][  0]LogTemp: Display: Module 'AndroidTargetPlatform' loaded TargetPlatform 'Android_PVRTCClient'
[2020.09.04-13.32.00:209][  0]LogTemp: Display: Module 'AndroidTargetPlatform' loaded TargetPlatform 'Android_Multi'
[2020.09.04-13.32.00:209][  0]LogTemp: Display: Module 'AndroidTargetPlatform' loaded TargetPlatform 'Android_MultiClient'
[2020.09.04-13.32.00:210][  0]LogTemp: Display: Module 'HTML5TargetPlatform' loaded TargetPlatform 'HTML5'
[2020.09.04-13.32.00:257][  0]LogTemp: Display: Module 'IOSTargetPlatform' loaded TargetPlatform 'IOSClient'
[2020.09.04-13.32.00:257][  0]LogTemp: Display: Module 'IOSTargetPlatform' loaded TargetPlatform 'IOS'
[2020.09.04-13.32.00:277][  0]LogTemp: Display: Module 'TVOSTargetPlatform' loaded TargetPlatform 'TVOSClient'
[2020.09.04-13.32.00:277][  0]LogTemp: Display: Module 'TVOSTargetPlatform' loaded TargetPlatform 'TVOS'
[2020.09.04-13.32.00:288][  0]LogTemp: Display: Module 'LinuxClientTargetPlatform' loaded TargetPlatform 'LinuxClient'
[2020.09.04-13.32.00:298][  0]LogTemp: Display: Module 'LinuxNoEditorTargetPlatform' loaded TargetPlatform 'LinuxNoEditor'
[2020.09.04-13.32.00:309][  0]LogTemp: Display: Module 'LinuxServerTargetPlatform' loaded TargetPlatform 'LinuxServer'
[2020.09.04-13.32.00:320][  0]LogTemp: Display: Module 'LinuxTargetPlatform' loaded TargetPlatform 'Linux'
[2020.09.04-13.32.00:357][  0]LogTemp: Display: Module 'LuminTargetPlatform' loaded TargetPlatform 'Lumin'
[2020.09.04-13.32.00:357][  0]LogTemp: Display: Module 'LuminTargetPlatform' loaded TargetPlatform 'LuminClient'
[2020.09.04-13.32.00:357][  0]LogTargetPlatformManager: Display: Building Assets For Windows
[2020.09.04-13.32.00:365][  0]LogAudioDebug: Display: Lib vorbis DLL was dynamically loaded.
[2020.09.04-13.32.00:413][  0]LogShaderCompilers: Guid format shader working directory is -11 characters bigger than the processId version (G:/Dinosaurios/Game/DinosauriosWarriors/Ancient_Warriors/Intermediate/Shaders/WorkingDirectory/12264/).
[2020.09.04-13.32.00:413][  0]LogShaderCompilers: Cleaned the shader compiler working directory 'C:/Users/Gorka/AppData/Local/Temp/UnrealShaderWorkingDir/B0DE7D9143D34E347C10FEB9CBF33163/'.
[2020.09.04-13.32.00:416][  0]LogXGEController: Cannot use XGE Controller as Incredibuild is not installed on this machine.
[2020.09.04-13.32.00:416][  0]LogShaderCompilers: Cannot use XGE Shader Compiler as Incredibuild is not installed on this machine.
[2020.09.04-13.32.00:416][  0]LogShaderCompilers: Display: Using Local Shader Compiler.
[2020.09.04-13.32.00:911][  0]LogDerivedDataCache: Display: Max Cache Size: 512 MB
[2020.09.04-13.32.00:961][  0]LogDerivedDataCache: Loaded boot cache 0.05s 81MB C:/Users/Gorka/AppData/Local/UnrealEngine/4.22/DerivedDataCache/Boot.ddc.
[2020.09.04-13.32.00:961][  0]LogDerivedDataCache: Display: Loaded Boot cache: C:/Users/Gorka/AppData/Local/UnrealEngine/4.22/DerivedDataCache/Boot.ddc
[2020.09.04-13.32.00:961][  0]LogDerivedDataCache: FDerivedDataBackendGraph:  Pak pak cache file G:/Dinosaurios/Game/DinosauriosWarriors/Ancient_Warriors/DerivedDataCache/DDC.ddp not found, will not use a pak cache.
[2020.09.04-13.32.00:961][  0]LogDerivedDataCache: Unable to find inner node Pak for hierarchical cache Hierarchy.
[2020.09.04-13.32.00:961][  0]LogDerivedDataCache: FDerivedDataBackendGraph:  CompressedPak pak cache file G:/Dinosaurios/Game/DinosauriosWarriors/Ancient_Warriors/DerivedDataCache/Compressed.ddp not found, will not use a pak cache.
[2020.09.04-13.32.00:961][  0]LogDerivedDataCache: Unable to find inner node CompressedPak for hierarchical cache Hierarchy.
[2020.09.04-13.32.00:972][  0]LogDerivedDataCache: Display: Pak cache opened for reading ../../../Engine/DerivedDataCache/Compressed.ddp.
[2020.09.04-13.32.00:972][  0]LogDerivedDataCache: FDerivedDataBackendGraph:  EnterprisePak pak cache file ../../../Enterprise/DerivedDataCache/Compressed.ddp not found, will not use a pak cache.
[2020.09.04-13.32.00:972][  0]LogDerivedDataCache: Unable to find inner node EnterprisePak for hierarchical cache Hierarchy.
[2020.09.04-13.32.00:984][  0]LogDerivedDataCache: Using Local data cache path C:/Users/Gorka/AppData/Local/UnrealEngine/Common/DerivedDataCache: Writable
[2020.09.04-13.32.00:984][  0]LogDerivedDataCache: Shared data cache path not found in *engine.ini, will not use an Shared cache.
[2020.09.04-13.32.00:984][  0]LogDerivedDataCache: Unable to find inner node Shared for hierarchical cache Hierarchy.
[2020.09.04-13.32.01:004][  0]LogMaterial: Verifying Global Shaders for PCD3D_SM5
[2020.09.04-13.32.01:005][  0]LogSlate: Using FreeType 2.6.0
[2020.09.04-13.32.01:005][  0]LogSlate: SlateFontServices - WITH_FREETYPE: 1, WITH_HARFBUZZ: 1
[2020.09.04-13.32.01:092][  0]LogAssetRegistry: FAssetRegistry took 0.0318 seconds to start up
[2020.09.04-13.32.01:358][  0]LogInit: Selected Device Profile: [Windows]
[2020.09.04-13.32.01:485][  0]LogMeshReduction: Using QuadricMeshReduction for automatic static mesh reduction
[2020.09.04-13.32.01:485][  0]LogMeshReduction: Using SimplygonMeshReduction for automatic skeletal mesh reduction
[2020.09.04-13.32.01:485][  0]LogMeshReduction: Using ProxyLODMeshReduction for automatic mesh merging
[2020.09.04-13.32.01:485][  0]LogMeshReduction: No distributed automatic mesh merging module available
[2020.09.04-13.32.01:485][  0]LogMeshMerging: No distributed automatic mesh merging module available
[2020.09.04-13.32.01:494][  0]LogNetVersion: Ancient_Warriors 1.0.0, NetCL: 5660361, EngineNetVer: 10, GameNetVer: 0 (Checksum: 1325908795)
[2020.09.04-13.32.02:200][  0]LogPackageLocalizationCache: Processed 12 localized package path(s) for 1 prioritized culture(s) in 0.220083 seconds
[2020.09.04-13.32.02:206][  0]LogUObjectArray: 42218 objects as part of root set at end of initial load.
[2020.09.04-13.32.02:206][  0]LogUObjectAllocator: 7328024 out of 0 bytes used by permanent object pool.
[2020.09.04-13.32.02:206][  0]LogUObjectArray: CloseDisregardForGC: 0/0 objects in disregard for GC pool
[2020.09.04-13.32.03:253][  0]LogTcpMessaging: Initializing TcpMessaging bridge
[2020.09.04-13.32.03:266][  0]LogUdpMessaging: Initializing bridge on interface 0.0.0.0:0 to multicast group 230.0.0.1:6666.
[2020.09.04-13.32.03:436][  0]SourceControl: Source control is disabled
[2020.09.04-13.32.03:436][  0]SourceControl: Source control is disabled
[2020.09.04-13.32.03:437][  0]SourceControl: Source control is disabled
[2020.09.04-13.32.03:439][  0]SourceControl: Source control is disabled
[2020.09.04-13.32.03:446][  0]LogVSAccessor: Display: Unable to create Visual Studio setup instance: 80040154
[2020.09.04-13.32.03:446][  0]LogVSAccessor: Display: Unable to create Visual Studio setup instance: 80040154
[2020.09.04-13.32.03:651][  0]LogAndroidPermission: UAndroidPermissionCallbackProxy::GetInstance
[2020.09.04-13.32.03:703][  0]LogOcInput: OculusInput pre-init called
[2020.09.04-13.32.04:439][  0]LogEngine: Initializing Engine...
[2020.09.04-13.32.04:440][  0]LogHMD: Failed to initialize OpenVR with code 110
[2020.09.04-13.32.04:441][  0]LogStats: UGameplayTagsManager::InitializeManager -  0.000 s
[2020.09.04-13.32.04:645][  0]LogInit: Initializing FReadOnlyCVARCache
[2020.09.04-13.32.04:661][  0]LogAIModule: Creating AISystem for world Untitled
[2020.09.04-13.32.04:667][  0]LogInit: XAudio2 using 'Speakers (Realtek(R) Audio)' : 2 channels at 48 kHz using 32 bits per sample (channel mask 0x3)
[2020.09.04-13.32.04:796][  0]LogInit: FAudioDevice initialized.
[2020.09.04-13.32.04:796][  0]LogNetVersion: Set ProjectVersion to 1.0.0.0. Version Checksum will be recalculated on next use.
[2020.09.04-13.32.04:873][  0]LogDerivedDataCache: Saved boot cache 0.08s 81MB C:/Users/Gorka/AppData/Local/UnrealEngine/4.22/DerivedDataCache/Boot.ddc.
[2020.09.04-13.32.04:881][  0]LogInit: Texture streaming: Enabled
[2020.09.04-13.32.04:900][  0]LogEngineSessionManager: EngineSessionManager initialized
[2020.09.04-13.32.04:918][  0]LogInit: Transaction tracking system initialized
[2020.09.04-13.32.04:942][  0]BlueprintLog: New page: Editor Load
[2020.09.04-13.32.05:021][  0]LocalizationService: Localization service is disabled
[2020.09.04-13.32.05:156][  0]LogVSAccessor: Display: Unable to create Visual Studio setup instance: 80040154
[2020.09.04-13.32.05:157][  0]LogVSAccessor: Display: Unable to create Visual Studio setup instance: 80040154
[2020.09.04-13.32.05:353][  0]LogFileCache: Scanning file cache for directory 'G:/Dinosaurios/Game/DinosauriosWarriors/Ancient_Warriors/Content/' took 0.02s
[2020.09.04-13.32.05:354][  0]LogCook: Display: Max memory allowance for cook 16384mb min free memory 0mb
[2020.09.04-13.32.05:354][  0]LogCook: Display: Mobile HDR setting 1
[2020.09.04-13.32.05:533][  0]SourceControl: Source control is disabled
[2020.09.04-13.32.05:533][  0]Cmd: MAP LOAD FILE="G:/Dinosaurios/Game/DinosauriosWarriors/Ancient_Warriors/Content/ThirdPersonBP/Maps/Stage_1_Plain_1.umap" TEMPLATE=0 SHOWPROGRESS=1 FEATURELEVEL=3
[2020.09.04-13.32.05:533][  0]LightingResults: New page: Lighting Build
[2020.09.04-13.32.05:536][  0]MapCheck: New page: Map Check
[2020.09.04-13.32.05:537][  0]LightingResults: New page: Lighting Build
[2020.09.04-13.32.05:574][  0]LogUObjectHash: Compacting FUObjectHashTables data took   1.72ms
[2020.09.04-13.32.08:591][  0]LogBlueprint: Warning: [Compiler Cataw_EM_Skeleton_AnimBlueprint] Walk to Hit With Weapon  will never be taken, please connect something to  Can Enter Transition
[2020.09.04-13.32.08:591][  0]LogBlueprint: Warning: [Compiler Cataw_EM_Skeleton_AnimBlueprint] Idle to Hit With Weapon  will never be taken, please connect something to  Can Enter Transition
[2020.09.04-13.32.08:591][  0]LogBlueprint: Warning: [Compiler Cataw_EM_Skeleton_AnimBlueprint] Walk to Throw a Weapon  will never be taken, please connect something to  Can Enter Transition
[2020.09.04-13.32.08:591][  0]LogBlueprint: Warning: [Compiler Cataw_EM_Skeleton_AnimBlueprint] Idle to Throw a Weapon  will never be taken, please connect something to  Can Enter Transition
[2020.09.04-13.32.08:685][  0]LogBlueprint: Warning: [Compiler CatawCharacter] No delegate property found for  CharacterPosition
[2020.09.04-13.32.08:755][  0]LogBlueprint: Warning: [Compiler Cataw_EM_Skeleton_AnimBlueprint] [0013,11] Compile of Cataw_EM_Skeleton_AnimBlueprint successful, but with 4 Warning(s) [in 256 ms] (/Game/Characters/Main_Characters/Cataw/Model/Cataw_EM_Skeleton_AnimBlueprint.Cataw_EM_Skeleton_AnimBlueprint)
[2020.09.04-13.32.08:755][  0]LogBlueprint: Warning: [Compiler CatawCharacter] [0013,11] Compile of CatawCharacter successful, but with 1 Warning(s) [in 256 ms] (/Game/ThirdPersonBP/Blueprints/CatawCharacter.CatawCharacter)
[2020.09.04-13.32.19:459][  0]LogAIModule: Creating AISystem for world Stage_1_Plain_1
[2020.09.04-13.32.19:951][  0]LogEditorServer: Finished looking for orphan Actors (0.000 secs)
[2020.09.04-13.32.20:004][  0]LogUObjectHash: Compacting FUObjectHashTables data took   2.46ms
[2020.09.04-13.32.20:004][  0]Cmd: MAP CHECKDEP NOCLEARLOG
[2020.09.04-13.32.20:004][  0]MapCheck: Map check complete: 0 Error(s), 0 Warning(s), took 0,125ms to complete.
[2020.09.04-13.32.20:004][  0]LogFileHelpers: Loading map 'Stage_1_Plain_1' took 14.471
[2020.09.04-13.32.20:128][  0]LogSlate: Updating window title bar state: overlay mode, drag disabled, window buttons hidden, title bar hidden
[2020.09.04-13.32.20:135][  0]LogSlate: Updating window title bar state: overlay mode, drag disabled, window buttons hidden, title bar hidden
[2020.09.04-13.32.20:142][  0]LogSlate: Updating window title bar state: overlay mode, drag disabled, window buttons hidden, title bar hidden
[2020.09.04-13.32.20:148][  0]LogSlate: Updating window title bar state: overlay mode, drag disabled, window buttons hidden, title bar hidden
[2020.09.04-13.32.20:162][  0]LogCollectionManager: Loaded 0 collections in 0.001951 seconds
[2020.09.04-13.32.20:198][  0]LogFileCache: Scanning file cache for directory 'G:/Dinosaurios/Game/DinosauriosWarriors/Ancient_Warriors/Saved/Collections/' took 0.01s
[2020.09.04-13.32.20:198][  0]LogFileCache: Scanning file cache for directory 'G:/Dinosaurios/Game/DinosauriosWarriors/Ancient_Warriors/Content/Developers/Gorka/Collections/' took 0.00s
[2020.09.04-13.32.20:198][  0]LogFileCache: Scanning file cache for directory 'G:/Dinosaurios/Game/DinosauriosWarriors/Ancient_Warriors/Content/Collections/' took 0.00s
[2020.09.04-13.32.20:198][  0]LogCollectionManager: Rebuilt the GUID cache for 0 collections in 0.000000 seconds
[2020.09.04-13.32.20:209][  0]LogContentBrowser: Native class hierarchy populated in 0.0089 seconds. Added 2865 classes and 686 folders.
[2020.09.04-13.32.20:222][  0]LogContentBrowser: Native class hierarchy updated for 'WidgetCarousel' in 0.0002 seconds. Added 0 classes and 0 folders.
[2020.09.04-13.32.20:229][  0]LogPakFile: Registered encryption key '00000000000000000000000000000000': 0 pak files mounted, 0 remain pending
[2020.09.04-13.32.20:234][  0]LogPakFile: Registered encryption key '00000000000000000000000000000000': 0 pak files mounted, 0 remain pending
[2020.09.04-13.32.20:236][  0]LogPakFile: Registered encryption key '00000000000000000000000000000000': 0 pak files mounted, 0 remain pending
[2020.09.04-13.32.20:239][  0]LogPakFile: Registered encryption key '00000000000000000000000000000000': 0 pak files mounted, 0 remain pending
[2020.09.04-13.32.20:241][  0]LogPakFile: Registered encryption key '00000000000000000000000000000000': 0 pak files mounted, 0 remain pending
[2020.09.04-13.32.20:244][  0]LogPakFile: Registered encryption key '00000000000000000000000000000000': 0 pak files mounted, 0 remain pending
[2020.09.04-13.32.20:246][  0]LogPakFile: Registered encryption key '00000000000000000000000000000000': 0 pak files mounted, 0 remain pending
[2020.09.04-13.32.20:249][  0]LogPakFile: Registered encryption key '00000000000000000000000000000000': 0 pak files mounted, 0 remain pending
[2020.09.04-13.32.20:252][  0]LogPakFile: Registered encryption key '00000000000000000000000000000000': 0 pak files mounted, 0 remain pending
[2020.09.04-13.32.20:254][  0]LogPakFile: Registered encryption key '00000000000000000000000000000000': 0 pak files mounted, 0 remain pending
[2020.09.04-13.32.20:256][  0]LogPakFile: Registered encryption key '00000000000000000000000000000000': 0 pak files mounted, 0 remain pending
[2020.09.04-13.32.20:258][  0]LogPakFile: Registered encryption key '00000000000000000000000000000000': 0 pak files mounted, 0 remain pending
[2020.09.04-13.32.20:261][  0]LogPakFile: Registered encryption key '00000000000000000000000000000000': 0 pak files mounted, 0 remain pending
[2020.09.04-13.32.20:262][  0]LogPakFile: Registered encryption key '00000000000000000000000000000000': 0 pak files mounted, 0 remain pending
[2020.09.04-13.32.20:264][  0]LogPakFile: Registered encryption key '00000000000000000000000000000000': 0 pak files mounted, 0 remain pending
[2020.09.04-13.32.20:268][  0]LogPakFile: Registered encryption key '00000000000000000000000000000000': 0 pak files mounted, 0 remain pending
[2020.09.04-13.32.20:271][  0]LogPakFile: Registered encryption key '00000000000000000000000000000000': 0 pak files mounted, 0 remain pending
[2020.09.04-13.32.20:272][  0]LogPakFile: Registered encryption key '00000000000000000000000000000000': 0 pak files mounted, 0 remain pending
[2020.09.04-13.32.20:274][  0]LogPakFile: Registered encryption key '00000000000000000000000000000000': 0 pak files mounted, 0 remain pending
[2020.09.04-13.32.20:278][  0]LogPakFile: Registered encryption key '00000000000000000000000000000000': 0 pak files mounted, 0 remain pending
[2020.09.04-13.32.20:279][  0]LogPakFile: Registered encryption key '00000000000000000000000000000000': 0 pak files mounted, 0 remain pending
[2020.09.04-13.32.20:281][  0]LogPakFile: Registered encryption key '00000000000000000000000000000000': 0 pak files mounted, 0 remain pending
[2020.09.04-13.32.20:284][  0]LogPakFile: Registered encryption key '00000000000000000000000000000000': 0 pak files mounted, 0 remain pending
[2020.09.04-13.32.20:288][  0]LogPakFile: Registered encryption key '00000000000000000000000000000000': 0 pak files mounted, 0 remain pending
[2020.09.04-13.32.20:290][  0]LogPakFile: Registered encryption key '00000000000000000000000000000000': 0 pak files mounted, 0 remain pending
[2020.09.04-13.32.20:293][  0]LogPakFile: Registered encryption key '00000000000000000000000000000000': 0 pak files mounted, 0 remain pending
[2020.09.04-13.32.20:423][  0]LogContentBrowser: Native class hierarchy updated for 'AddContentDialog' in 0.0002 seconds. Added 0 classes and 0 folders.
[2020.09.04-13.32.20:445][  0]LogContentBrowser: Native class hierarchy updated for 'SceneOutliner' in 0.0003 seconds. Added 1 classes and 2 folders.
[2020.09.04-13.32.20:460][  0]LogConsoleManager: Warning: Console object named 'ActorComponents.Enable' already exists but is being registered again, but we weren't expected it to be! (FConsoleManager::AddConsoleObject)
[2020.09.04-13.32.20:690][  0]LogSlate: Took 0.000609 seconds to synchronously load lazily loaded font '../../../Engine/Content/Slate/Fonts/Roboto-Regular.ttf' (155K)
[2020.09.04-13.32.20:692][  0]LogSlate: Took 0.000226 seconds to synchronously load lazily loaded font '../../../Engine/Content/Slate/Fonts/Roboto-Bold.ttf' (160K)
[2020.09.04-13.32.20:699][  0]LogSlate: Took 0.002008 seconds to synchronously load lazily loaded font '../../../Engine/Content/Editor/Slate/Fonts/FontAwesome.ttf' (139K)
[2020.09.04-13.32.20:761][  0]LogRenderer: Reallocating scene render targets to support 1376x620 Format 10 NumSamples 1 (Frame:1).
[2020.09.04-13.32.20:945][  0]LogContentBrowser: Native class hierarchy updated for 'HierarchicalLODOutliner' in 0.0002 seconds. Added 0 classes and 0 folders.
[2020.09.04-13.32.20:945][  0]LogLoad: (Engine Initialization) Total time: 25.30 seconds
[2020.09.04-13.32.20:945][  0]LogLoad: (Engine Initialization) Total Blueprint compile time: 0.00 seconds
[2020.09.04-13.32.20:965][  0]LogWindowsTextInputMethodSystem: Display: IME system now deactivated.
[2020.09.04-13.32.20:998][  0]LogAssetRegistry: Asset discovery search completed in 19.9285 seconds
[2020.09.04-13.32.21:000][  0]LogCollectionManager: Rebuilt the object cache for 0 collections in 0.000000 seconds (found 0 objects)
[2020.09.04-13.32.21:000][  0]LogCollectionManager: Fixed up redirectors for 0 collections in 0.000052 seconds (updated 0 objects)
[2020.09.04-13.32.21:002][  0]LogContentStreaming: Texture pool size now 1000 MB
[2020.09.04-13.32.21:028][  0]LogSlate: Took 0.000922 seconds to synchronously load lazily loaded font '../../../Engine/Content/Slate/Fonts/Roboto-Light.ttf' (167K)
[2020.09.04-13.32.21:981][ 46]LogSlate: Took 0.000272 seconds to synchronously load lazily loaded font '../../../Engine/Content/Slate/Fonts/Roboto-Light.ttf' (167K)
[2020.09.04-13.32.29:040][469]LogSlate: FSceneViewport::OnFocusLost() reason 2
[2020.09.04-13.32.41:826][189]Cmd: CAMERA ALIGN ACTIVEVIEWPORTONLY
[2020.09.04-13.32.41:826][189]Can't find target actor or component.
[2020.09.04-13.32.42:743][242]LogEditorViewport: Clicking on Actor (LMB): Totem_2_C (Totem_5)
[2020.09.04-13.32.43:090][257]Cmd: CAMERA ALIGN ACTIVEVIEWPORTONLY
[2020.09.04-13.32.48:320][544]LogEditorViewport: Clicking on Actor (LMB): StaticMeshActor (Rocks_Formation_B)
[2020.09.04-13.32.52:467][766]Cmd: TRANSACTION UNDO
[2020.09.04-13.32.52:467][766]LogEditorTransaction: Undo Move Actors
[2020.09.04-13.36.15:792][426]LogSlate: FSceneViewport::OnFocusLost() reason 0
[2020.09.04-13.42.21:299][900]LogUObjectHash: Compacting FUObjectHashTables data took   1.88ms
[2020.09.04-13.42.21:299][900]LogFileHelpers: Editor autosave (incl. sublevels) for '/Game/ThirdPersonBP/Maps/Stage_1_Plain_1' took 0.030
[2020.09.04-13.52.21:678][694]LogUObjectHash: Compacting FUObjectHashTables data took   0.79ms
[2020.09.04-13.52.21:678][694]LogFileHelpers: Editor autosave (incl. sublevels) for '/Game/ThirdPersonBP/Maps/Stage_1_Plain_1' took 0.030
[2020.09.04-14.02.22:341][488]LogUObjectHash: Compacting FUObjectHashTables data took   0.83ms
[2020.09.04-14.02.22:341][488]LogFileHelpers: Editor autosave (incl. sublevels) for '/Game/ThirdPersonBP/Maps/Stage_1_Plain_1' took 0.034
[2020.09.04-14.03.39:209][716]LogSlate: FSceneViewport::OnFocusLost() reason 2
[2020.09.04-14.03.41:435][786]LogEditorViewport: Clicking on Actor (LMB): River_Big_Rock_1_C (River_Big_Rock_1)
[2020.09.04-14.03.46:575][978]LogEditorViewport: Clicking on Actor (LMB): StaticMeshActor (Rocks_Formation_B)
[2020.09.04-14.03.57:031][342]LogSlate: FSceneViewport::OnFocusLost() reason 0
[2020.09.04-14.04.02:854][554]Cmd: TRANSACTION UNDO
[2020.09.04-14.04.02:854][554]LogEditorTransaction: Undo Scale Actors
[2020.09.04-14.04.05:424][638]Cmd: TRANSACTION UNDO
[2020.09.04-14.04.05:425][638]LogEditorTransaction: Undo Scale Actors
[2020.09.04-14.04.06:365][671]Cmd: TRANSACTION UNDO
[2020.09.04-14.04.06:366][671]LogEditorTransaction: Undo Move Actors
[2020.09.04-14.04.14:168][954]LogEditorViewport: Clicking on Actor (LMB): StaticMeshActor (Rocks_Monolith_C4)
[2020.09.04-14.04.15:121][989]LogEditorViewport: Clicking on Actor (LMB): StaticMeshActor (Rocks_Monolith_B5)
[2020.09.04-14.04.16:154][ 27]LogEditorViewport: Clicking on Actor (LMB): StaticMeshActor (Rocks_Monolith_A5)
[2020.09.04-14.04.19:785][176]LogEditorViewport: Clicking on Actor (LMB): StaticMeshActor (Rocks_Rock_E)
[2020.09.04-14.04.20:671][214]Cmd: CAMERA ALIGN ACTIVEVIEWPORTONLY
[2020.09.04-14.04.25:218][455]LogEditorViewport: Clicking on Actor (LMB): StaticMeshActor (Rocks_Rock_D2)
[2020.09.04-14.04.27:733][586]LogEditorViewport: Clicking on Actor (LMB): River_Big_Rock_1_C (River_Big_Rock_13)
[2020.09.04-14.04.29:354][654]LogEditorViewport: Clicking on Actor (LMB): River_Big_Rock_1_C (River_Big_Rock_18)
[2020.09.04-14.04.32:354][767]LogEditorViewport: Clicking on Actor (LMB): River_Big_Rock_1_C (River_Big_Rock_1)
[2020.09.04-14.04.46:408][333]LogEditorViewport: Clicking on Actor (LMB): Landscape (Floor)
[2020.09.04-14.04.59:838][893]LogEditorViewport: Clicking on Actor (LMB): River_Big_Rock_2_C (River_Big_Rock_8)
[2020.09.04-14.05.06:587][217]LogEditorViewport: Clicking on Actor (LMB): StaticMeshActor (Rocks_Rock_H2)
[2020.09.04-14.05.11:334][460]LogEditorViewport: Clicking on Actor (LMB): StaticMeshActor (Rocks_Rock_G)
[2020.09.04-14.05.12:218][503]LogEditorViewport: Clicking on Actor (LMB): StaticMeshActor (Rocks_Stone_G2)
[2020.09.04-14.05.12:936][537]LogEditorViewport: Clicking on Actor (LMB): StaticMeshActor (Rocks_Stone_B)
[2020.09.04-14.05.13:989][590]LogEditorViewport: Clicking on Actor (LMB): StaticMeshActor (Rocks_Stone_E3)
[2020.09.04-14.05.15:146][649]LogEditorViewport: Clicking on Actor (LMB): StaticMeshActor (Rocks_Rock_G3)
[2020.09.04-14.05.18:857][830]Cmd: TRANSACTION UNDO
[2020.09.04-14.05.18:857][830]LogEditorTransaction: Undo Scale Actors
[2020.09.04-14.05.30:145][302]LogEditorViewport: Clicking on Actor (LMB): StaticMeshActor (Rocks_Group23410)
[2020.09.04-14.05.58:516][666]LogEditorViewport: Clicking on Actor (LMB): River_Big_Rock_1_C (River_Big_Rock_1)
[2020.09.04-14.12.23:223][467]LogUObjectHash: Compacting FUObjectHashTables data took   0.79ms
[2020.09.04-14.12.25:318][467]LogSavePackage: Moving 'G:/Dinosaurios/Game/DinosauriosWarriors/Ancient_Warriors/Saved/Stage_1_Plain_1_Auto1B0E8A1244D297C9421ADF9800F2F36DF.tmp' to 'G:/Dinosaurios/Game/DinosauriosWarriors/Ancient_Warriors/Saved/Autosaves/Game/ThirdPersonBP/Maps/Stage_1_Plain_1_Auto1.umap'
[2020.09.04-14.12.25:332][467]LogFileHelpers: Editor autosave (incl. sublevels) for '/Game/ThirdPersonBP/Maps/Stage_1_Plain_1' took 2.136
[2020.09.04-14.12.25:332][467]LogFileHelpers: Editor autosave (incl. sublevels) for all levels took 2.136
[2020.09.04-14.47.45:259][911]LogSlate: FSceneViewport::OnFocusLost() reason 0
[2020.09.04-14.47.45:386][917]LogUObjectHash: Compacting FUObjectHashTables data took   2.63ms
[2020.09.04-14.47.46:784][917]LogSlate: Window 'Save Content' being destroyed
[2020.09.04-14.47.49:414][917]LogSlate: Window 'Ancient_Warriors - Unreal Editor' being destroyed
[2020.09.04-14.47.49:664][918]Cmd: QUIT_EDITOR
[2020.09.04-14.47.49:687][918]LogWindowsTextInputMethodSystem: Display: IME system now deactivated.
[2020.09.04-14.47.49:697][918]LogExit: Preparing to exit.
[2020.09.04-14.47.50:292][918]LogExit: Editor shut down
[2020.09.04-14.47.50:293][918]LogExit: Transaction tracking system shut down
[2020.09.04-14.47.50:687][918]LogExit: Object subsystem successfully closed.
[2020.09.04-14.47.50:713][918]LogShaderCompilers: Display: Shaders left to compile 0
[2020.09.04-14.47.50:719][918]LogD3D11RHI: Shutdown
[2020.09.04-14.47.50:719][918]LogD3D11RHI: CleanupD3DDevice
[2020.09.04-14.47.50:720][918]LogRendererCore: FGlobalReadBuffer::ReleaseRHI
[2020.09.04-14.47.50:720][918]LogRendererCore: FGlobalDynamicReadBuffer::Cleanup()
[2020.09.04-14.47.50:720][918]LogRendererCore: FGlobalReadBuffer::ReleaseRHI
[2020.09.04-14.47.50:720][918]LogRendererCore: FGlobalDynamicReadBuffer::Cleanup()
[2020.09.04-14.47.50:720][918]LogRendererCore: FGlobalReadBuffer::ReleaseRHI
[2020.09.04-14.47.50:720][918]LogRendererCore: FGlobalDynamicReadBuffer::Cleanup()
[2020.09.04-14.47.50:864][918]LogD3D11RHI: ~FD3D11DynamicRHI
[2020.09.04-14.47.50:888][918]LogModuleManager: Shutting down and abandoning module HierarchicalLODOutliner (662)
[2020.09.04-14.47.50:888][918]LogModuleManager: Shutting down and abandoning module SceneOutliner (660)
[2020.09.04-14.47.50:888][918]LogModuleManager: Shutting down and abandoning module AddContentDialog (658)
[2020.09.04-14.47.50:890][918]LogModuleManager: Shutting down and abandoning module WidgetCarousel (657)
[2020.09.04-14.47.50:890][918]LogModuleManager: Shutting down and abandoning module EditorWidgets (654)
[2020.09.04-14.47.50:890][918]LogModuleManager: Shutting down and abandoning module CollectionManager (652)
[2020.09.04-14.47.50:890][918]LogModuleManager: Shutting down and abandoning module StatsViewer (650)
[2020.09.04-14.47.50:890][918]LogModuleManager: Shutting down and abandoning module FoliageEdit (648)
[2020.09.04-14.47.50:890][918]LogModuleManager: Shutting down and abandoning module LandscapeEditor (646)
[2020.09.04-14.47.50:890][918]LogModuleManager: Shutting down and abandoning module MeshPaintMode (644)
[2020.09.04-14.47.50:891][918]LogModuleManager: Shutting down and abandoning module SceneDepthPickerMode (642)
[2020.09.04-14.47.50:891][918]LogModuleManager: Shutting down and abandoning module ActorPickerMode (640)
[2020.09.04-14.47.50:891][918]LogModuleManager: Shutting down and abandoning module GeometryMode (638)
[2020.09.04-14.47.50:891][918]LogModuleManager: Shutting down and abandoning module TextureAlignMode (636)
[2020.09.04-14.47.50:891][918]LogModuleManager: Shutting down and abandoning module BspMode (634)
[2020.09.04-14.47.50:891][918]LogModuleManager: Shutting down and abandoning module PIEPreviewDeviceProfileSelector (632)
[2020.09.04-14.47.50:891][918]LogModuleManager: Shutting down and abandoning module SequenceRecorderSections (630)
[2020.09.04-14.47.50:891][918]LogModuleManager: Shutting down and abandoning module AutomationWorker (628)
[2020.09.04-14.47.50:891][918]LogModuleManager: Shutting down and abandoning module OculusMR (626)
[2020.09.04-14.47.50:891][918]LogModuleManager: Shutting down and abandoning module AudioCaptureEditor (624)
[2020.09.04-14.47.50:891][918]LogModuleManager: Shutting down and abandoning module MatineeToLevelSequence (622)
[2020.09.04-14.47.50:891][918]LogModuleManager: Shutting down and abandoning module LevelSequenceEditor (620)
[2020.09.04-14.47.50:891][918]LogModuleManager: Shutting down and abandoning module PlacementMode (619)
[2020.09.04-14.47.50:891][918]LogModuleManager: Shutting down and abandoning module MaterialEditor (618)
[2020.09.04-14.47.50:891][918]LogModuleManager: Shutting down and abandoning module ActorSequenceEditor (614)
[2020.09.04-14.47.50:891][918]LogModuleManager: Shutting down and abandoning module WmfMediaFactory (612)
[2020.09.04-14.47.50:891][918]LogModuleManager: Shutting down and abandoning module WmfMediaEditor (610)
[2020.09.04-14.47.50:891][918]LogModuleManager: Shutting down and abandoning module WebMMediaFactory (608)
[2020.09.04-14.47.50:891][918]LogModuleManager: Shutting down and abandoning module WebMMediaEditor (606)
[2020.09.04-14.47.50:891][918]LogModuleManager: Shutting down and abandoning module WebMMedia (604)
[2020.09.04-14.47.50:891][918]LogModuleManager: Shutting down and abandoning module MediaPlayerEditor (602)
[2020.09.04-14.47.50:891][918]LogModuleManager: Shutting down and abandoning module MediaCompositingEditor (600)
[2020.09.04-14.47.50:891][918]LogModuleManager: Shutting down and abandoning module SequenceRecorder (599)
[2020.09.04-14.47.50:891][918]LogModuleManager: Shutting down and abandoning module OpenExrWrapper (596)
[2020.09.04-14.47.50:891][918]LogModuleManager: Shutting down and abandoning module ImgMediaFactory (594)
[2020.09.04-14.47.50:891][918]LogModuleManager: Shutting down and abandoning module ImgMediaEditor (592)
[2020.09.04-14.47.50:891][918]LogModuleManager: Shutting down and abandoning module AvfMediaFactory (590)
[2020.09.04-14.47.50:892][918]LogModuleManager: Shutting down and abandoning module AvfMediaEditor (588)
[2020.09.04-14.47.50:892][918]LogModuleManager: Shutting down and abandoning module AndroidMediaFactory (586)
[2020.09.04-14.47.50:892][918]LogModuleManager: Shutting down and abandoning module AndroidMediaEditor (584)
[2020.09.04-14.47.50:892][918]LogModuleManager: Shutting down and abandoning module MagicLeapCameraPreviewFactory (582)
[2020.09.04-14.47.50:892][918]LogModuleManager: Shutting down and abandoning module MagicLeapMediaCodecFactory (580)
[2020.09.04-14.47.50:892][918]LogModuleManager: Shutting down and abandoning module MagicLeapMediaFactory (578)
[2020.09.04-14.47.50:892][918]LogModuleManager: Shutting down and abandoning module MagicLeapMediaEditor (576)
[2020.09.04-14.47.50:892][918]LogModuleManager: Shutting down and abandoning module CharacterAI (574)
[2020.09.04-14.47.50:892][918]LogModuleManager: Shutting down and abandoning module SmartSnapping (572)
[2020.09.04-14.47.50:892][918]LogModuleManager: Shutting down and abandoning module SessionServices (570)
[2020.09.04-14.47.50:892][918]LogModuleManager: Shutting down and abandoning module MeshPaint (568)
[2020.09.04-14.47.50:892][918]LogModuleManager: Shutting down and abandoning module ViewportSnapping (566)
[2020.09.04-14.47.50:892][918]LogModuleManager: Shutting down and abandoning module ViewportInteraction (564)
[2020.09.04-14.47.50:892][918]LogModuleManager: Shutting down and abandoning module ClothPainter (562)
[2020.09.04-14.47.50:892][918]LogModuleManager: Shutting down and abandoning module SkeletalMeshEditor (561)
[2020.09.04-14.47.50:892][918]LogModuleManager: Shutting down and abandoning module LogVisualizer (558)
[2020.09.04-14.47.50:892][918]LogModuleManager: Shutting down and abandoning module IntroTutorials (556)
[2020.09.04-14.47.50:892][918]LogModuleManager: Shutting down and abandoning module GameProjectGeneration (555)
[2020.09.04-14.47.50:892][918]LogModuleManager: Shutting down and abandoning module LuminPlatformEditor (552)
[2020.09.04-14.47.50:892][918]LogModuleManager: Shutting down and abandoning module IOSPlatformEditor (550)
[2020.09.04-14.47.50:892][918]LogModuleManager: Shutting down and abandoning module HTML5PlatformEditor (548)
[2020.09.04-14.47.50:892][918]LogModuleManager: Shutting down and abandoning module AndroidPlatformEditor (546)
[2020.09.04-14.47.50:892][918]LogModuleManager: Shutting down and abandoning module AndroidDeviceDetection (545)
[2020.09.04-14.47.52:857][918]LogModuleManager: Shutting down and abandoning module WindowsPlatformEditor (542)
[2020.09.04-14.47.52:857][918]LogModuleManager: Shutting down and abandoning module LuminRuntimeSettings (540)
[2020.09.04-14.47.52:857][918]LogModuleManager: Shutting down and abandoning module IOSRuntimeSettings (538)
[2020.09.04-14.47.52:857][918]LogModuleManager: Shutting down and abandoning module AndroidRuntimeSettings (536)
[2020.09.04-14.47.52:857][918]LogModuleManager: Shutting down and abandoning module TimeManagementEditor (534)
[2020.09.04-14.47.52:857][918]LogModuleManager: Shutting down and abandoning module InputBindingEditor (532)
[2020.09.04-14.47.52:857][918]LogModuleManager: Shutting down and abandoning module MergeActors (530)
[2020.09.04-14.47.52:857][918]LogModuleManager: Shutting down and abandoning module LocalizationDashboard (528)
[2020.09.04-14.47.52:857][918]LogModuleManager: Shutting down and abandoning module LocalizationService (527)
[2020.09.04-14.47.52:857][918]LogModuleManager: Shutting down and abandoning module HardwareTargeting (524)
[2020.09.04-14.47.52:857][918]LogModuleManager: Shutting down and abandoning module DeviceProfileEditor (522)
[2020.09.04-14.47.52:857][918]LogModuleManager: Shutting down and abandoning module UndoHistory (520)
[2020.09.04-14.47.52:857][918]LogModuleManager: Shutting down and abandoning module XmlParser (518)
[2020.09.04-14.47.52:857][918]LogModuleManager: Shutting down and abandoning module Blutility (516)
[2020.09.04-14.47.52:857][918]LogModuleManager: Shutting down and abandoning module ProjectSettingsViewer (514)
[2020.09.04-14.47.52:857][918]LogModuleManager: Shutting down and abandoning module ProjectTargetPlatformEditor (513)
[2020.09.04-14.47.52:857][918]LogModuleManager: Shutting down and abandoning module EditorSettingsViewer (510)
[2020.09.04-14.47.52:857][918]LogModuleManager: Shutting down and abandoning module SettingsEditor (508)
[2020.09.04-14.47.52:857][918]LogModuleManager: Shutting down and abandoning module ProjectLauncher (506)
[2020.09.04-14.47.52:857][918]LogModuleManager: Shutting down and abandoning module SessionFrontend (504)
[2020.09.04-14.47.52:857][918]LogModuleManager: Shutting down and abandoning module ProfilerClient (502)
[2020.09.04-14.47.52:857][918]LogModuleManager: Shutting down and abandoning module DeviceManager (500)
[2020.09.04-14.47.52:858][918]LogModuleManager: Shutting down and abandoning module TargetDeviceServices (499)
[2020.09.04-14.47.52:913][918]LogModuleManager: Shutting down and abandoning module AutomationController (496)
[2020.09.04-14.47.52:913][918]LogModuleManager: Shutting down and abandoning module AutomationWindow (494)
[2020.09.04-14.47.52:913][918]LogModuleManager: Shutting down and abandoning module Layers (492)
[2020.09.04-14.47.52:913][918]LogModuleManager: Shutting down and abandoning module ComponentVisualizers (490)
[2020.09.04-14.47.52:913][918]LogModuleManager: Shutting down and abandoning module DetailCustomizations (488)
[2020.09.04-14.47.52:913][918]LogModuleManager: Shutting down and abandoning module PackagesDialog (486)
[2020.09.04-14.47.52:913][918]LogModuleManager: Shutting down and abandoning module AnimationBlueprintEditor (484)
[2020.09.04-14.47.52:913][918]LogModuleManager: Shutting down and abandoning module Persona (482)
[2020.09.04-14.47.52:913][918]LogModuleManager: Shutting down and abandoning module AdvancedPreviewScene (481)
[2020.09.04-14.47.52:913][918]LogModuleManager: Shutting down and abandoning module AnimGraph (479)
[2020.09.04-14.47.52:913][918]LogModuleManager: Shutting down and abandoning module Kismet (476)
[2020.09.04-14.47.52:914][918]LogModuleManager: Shutting down and abandoning module GraphEditor (474)
[2020.09.04-14.47.52:914][918]LogModuleManager: Shutting down and abandoning module ClassViewer (472)
[2020.09.04-14.47.52:914][918]LogModuleManager: Shutting down and abandoning module Toolbox (470)
[2020.09.04-14.47.52:914][918]LogModuleManager: Shutting down and abandoning module ModuleUI (468)
[2020.09.04-14.47.52:914][918]LogModuleManager: Shutting down and abandoning module MovieSceneTools (466)
[2020.09.04-14.47.52:915][918]LogModuleManager: Shutting down and abandoning module OutputLog (464)
[2020.09.04-14.47.52:915][918]LogModuleManager: Shutting down and abandoning module GammaUI (462)
[2020.09.04-14.47.52:915][918]LogModuleManager: Shutting down and abandoning module Documentation (460)
[2020.09.04-14.47.52:915][918]LogModuleManager: Shutting down and abandoning module LiveCoding (458)
[2020.09.04-14.47.52:915][918]LogModuleManager: Shutting down and abandoning module LevelSequence (456)
[2020.09.04-14.47.52:915][918]LogModuleManager: Shutting down and abandoning module MovieSceneTracks (454)
[2020.09.04-14.47.52:915][918]LogModuleManager: Shutting down and abandoning module MovieScene (452)
[2020.09.04-14.47.52:915][918]LogModuleManager: Shutting down and abandoning module StreamingPauseRendering (450)
[2020.09.04-14.47.52:915][918]LogModuleManager: Shutting down and abandoning module LauncherPlatform (448)
[2020.09.04-14.47.52:915][918]LogModuleManager: Shutting down and abandoning module AnalyticsET (446)
[2020.09.04-14.47.52:915][918]LogModuleManager: Shutting down and abandoning module PortalServices (444)
[2020.09.04-14.47.52:915][918]LogModuleManager: Shutting down and abandoning module PortalRpc (442)
[2020.09.04-14.47.52:915][918]LogModuleManager: Shutting down and abandoning module MessagingRpc (440)
[2020.09.04-14.47.52:915][918]LogModuleManager: Shutting down and abandoning module AIModule (438)
[2020.09.04-14.47.52:915][918]LogModuleManager: Shutting down and abandoning module GameplayDebugger (437)
[2020.09.04-14.47.52:915][918]LogModuleManager: Shutting down and abandoning module AITestSuite (435)
[2020.09.04-14.47.52:915][918]LogModuleManager: Shutting down and abandoning module NavigationSystem (433)
[2020.09.04-14.47.52:915][918]LogModuleManager: Shutting down and abandoning module DesktopPlatform (430)
[2020.09.04-14.47.52:915][918]LogModuleManager: Shutting down and abandoning module ImageWriteQueue (428)
[2020.09.04-14.47.52:918][918]LogModuleManager: Shutting down and abandoning module ProfilerService (426)
[2020.09.04-14.47.53:158][918]LogModuleManager: Shutting down and abandoning module TaskGraph (424)
[2020.09.04-14.47.53:158][918]LogModuleManager: Shutting down and abandoning module SteamVRController (422)
[2020.09.04-14.47.53:158][918]LogModuleManager: Shutting down and abandoning module ProceduralMeshComponentEditor (420)
[2020.09.04-14.47.53:158][918]LogModuleManager: Shutting down and abandoning module ProceduralMeshComponent (418)
[2020.09.04-14.47.53:158][918]LogModuleManager: Shutting down and abandoning module OculusEditor (416)
[2020.09.04-14.47.53:158][918]LogModuleManager: Shutting down and abandoning module OculusInput (414)
[2020.09.04-14.47.53:158][918]LogModuleManager: Shutting down and abandoning module MobilePatchingUtils (412)
[2020.09.04-14.47.53:158][918]LogModuleManager: Shutting down and abandoning module EditableMesh (410)
[2020.09.04-14.47.53:158][918]LogModuleManager: Shutting down and abandoning module CustomMeshComponent (408)
[2020.09.04-14.47.53:158][918]LogModuleManager: Shutting down and abandoning module CableComponent (406)
[2020.09.04-14.47.53:158][918]LogModuleManager: Shutting down and abandoning module AudioCapture (404)
[2020.09.04-14.47.53:158][918]LogModuleManager: Shutting down and abandoning module ArchVisCharacter (402)
[2020.09.04-14.47.53:158][918]LogModuleManager: Shutting down and abandoning module AndroidPermission (400)
[2020.09.04-14.47.53:158][918]LogModuleManager: Shutting down and abandoning module NUTUnrealEngine4 (398)
[2020.09.04-14.47.53:158][918]LogModuleManager: Shutting down and abandoning module NetcodeUnitTest (396)
[2020.09.04-14.47.53:158][918]LogModuleManager: Shutting down and abandoning module MediaCompositing (394)
[2020.09.04-14.47.53:158][918]LogModuleManager: Shutting down and abandoning module LinearTimecode (392)
[2020.09.04-14.47.53:158][918]LogModuleManager: Shutting down and abandoning module ImgMedia (390)
[2020.09.04-14.47.53:158][918]LogModuleManager: Shutting down and abandoning module MagicLeapHelperVulkan (388)
[2020.09.04-14.47.53:158][918]LogModuleManager: Shutting down and abandoning module MagicLeapHelperOpenGL (386)
[2020.09.04-14.47.53:158][918]LogModuleManager: Shutting down and abandoning module MagicLeapAudio (384)
[2020.09.04-14.47.53:158][918]LogModuleManager: Shutting down and abandoning module NiagaraEditorWidgets (382)
[2020.09.04-14.47.53:159][918]LogModuleManager: Shutting down and abandoning module NiagaraEditor (380)
[2020.09.04-14.47.53:159][918]LogModuleManager: Shutting down and abandoning module HoudiniNiagaraEditor (378)
[2020.09.04-14.47.53:159][918]LogModuleManager: Shutting down and abandoning module HoudiniNiagara (376)
[2020.09.04-14.47.53:159][918]LogModuleManager: Shutting down and abandoning module HTML5Networking (374)
[2020.09.04-14.47.53:159][918]LogModuleManager: Shutting down and abandoning module GeometryCacheTracks (372)
[2020.09.04-14.47.53:159][918]LogModuleManager: Shutting down and abandoning module GeometryCacheSequencer (370)
[2020.09.04-14.47.53:159][918]LogModuleManager: Shutting down and abandoning module BackChannel (368)
[2020.09.04-14.47.53:159][918]LogModuleManager: Shutting down and abandoning module AppleVision (366)
[2020.09.04-14.47.53:159][918]LogModuleManager: Shutting down and abandoning module AppleImageUtilsBlueprintSupport (364)
[2020.09.04-14.47.53:159][918]LogModuleManager: Shutting down and abandoning module AppleImageUtils (362)
[2020.09.04-14.47.53:160][918]LogModuleManager: Shutting down and abandoning module AlembicImporter (360)
[2020.09.04-14.47.53:160][918]LogModuleManager: Shutting down and abandoning module AlembicLibrary (359)
[2020.09.04-14.47.53:160][918]LogModuleManager: Shutting down and abandoning module GeometryCache (358)
[2020.09.04-14.47.53:160][918]LogModuleManager: Shutting down and abandoning module GeometryCacheEd (357)
[2020.09.04-14.47.53:160][918]LogModuleManager: Shutting down and abandoning module VariantManagerContent (352)
[2020.09.04-14.47.53:160][918]LogModuleManager: Shutting down and abandoning module DatasmithContentEditor (350)
[2020.09.04-14.47.53:160][918]LogModuleManager: Shutting down and abandoning module SpeedTreeImporter (348)
[2020.09.04-14.47.53:160][918]LogModuleManager: Shutting down and abandoning module PluginBrowser (346)
[2020.09.04-14.47.53:160][918]LogModuleManager: Shutting down and abandoning module MobileLauncherProfileWizard (344)
[2020.09.04-14.47.53:160][918]LogModuleManager: Shutting down and abandoning module MaterialAnalyzer (342)
[2020.09.04-14.47.53:160][918]LogModuleManager: Shutting down and abandoning module CryptoKeysOpenSSL (340)
[2020.09.04-14.47.53:160][918]LogModuleManager: Shutting down and abandoning module CryptoKeys (338)
[2020.09.04-14.47.53:160][918]LogModuleManager: Shutting down and abandoning module VisualStudioSourceCodeAccess (336)
[2020.09.04-14.47.53:160][918]LogModuleManager: Shutting down and abandoning module VisualStudioCodeSourceCodeAccess (334)
[2020.09.04-14.47.53:160][918]LogModuleManager: Shutting down and abandoning module UObjectPlugin (332)
[2020.09.04-14.47.53:160][918]LogModuleManager: Shutting down and abandoning module SubversionSourceControl (330)
[2020.09.04-14.47.53:160][918]LogModuleManager: Shutting down and abandoning module PerforceSourceControl (328)
[2020.09.04-14.47.53:160][918]LogModuleManager: Shutting down and abandoning module GitSourceControl (326)
[2020.09.04-14.47.53:160][918]LogModuleManager: Shutting down and abandoning module SourceControl (325)
[2020.09.04-14.47.53:160][918]LogModuleManager: Shutting down and abandoning module CLionSourceCodeAccess (322)
[2020.09.04-14.47.53:160][918]LogModuleManager: Shutting down and abandoning module AnimationSharingEd (320)
[2020.09.04-14.47.53:160][918]LogModuleManager: Shutting down and abandoning module ActorLayerUtilitiesEditor (318)
[2020.09.04-14.47.53:160][918]LogModuleManager: Shutting down and abandoning module ActorLayerUtilities (316)
[2020.09.04-14.47.53:160][918]LogModuleManager: Shutting down and abandoning module LightPropagationVolumeEditor (314)
[2020.09.04-14.47.53:160][918]LogModuleManager: Shutting down and abandoning module PaperTiledImporter (312)
[2020.09.04-14.47.53:160][918]LogModuleManager: Shutting down and abandoning module PaperSpriteSheetImporter (310)
[2020.09.04-14.47.53:160][918]LogModuleManager: Shutting down and abandoning module Paper2DEditor (308)
[2020.09.04-14.47.53:160][918]LogModuleManager: Shutting down and abandoning module SignificanceManager (306)
[2020.09.04-14.47.53:160][918]LogModuleManager: Shutting down and abandoning module RuntimePhysXCooking (304)
[2020.09.04-14.47.53:160][918]LogModuleManager: Shutting down and abandoning module PhysXVehiclesEditor (302)
[2020.09.04-14.47.53:161][918]LogModuleManager: Shutting down and abandoning module PhysXVehicles (300)
[2020.09.04-14.47.53:161][918]LogModuleManager: Shutting down and abandoning module LocationServicesBPLibrary (298)
[2020.09.04-14.47.53:161][918]LogModuleManager: Shutting down and abandoning module ApexDestructionEditor (296)
[2020.09.04-14.47.53:161][918]LogModuleManager: Shutting down and abandoning module ApexDestruction (294)
[2020.09.04-14.47.53:161][918]LogModuleManager: Shutting down and abandoning module ActorSequence (292)
[2020.09.04-14.47.53:161][918]LogModuleManager: Shutting down and abandoning module UdpMessaging (290)
[2020.09.04-14.47.53:263][918]LogModuleManager: Shutting down and abandoning module TcpMessaging (288)
[2020.09.04-14.47.53:364][918]LogModuleManager: Shutting down and abandoning module MagicLeapIdentity (286)
[2020.09.04-14.47.53:364][918]LogModuleManager: Shutting down and abandoning module MagicLeapSecureStorage (284)
[2020.09.04-14.47.53:365][918]LogModuleManager: Shutting down and abandoning module MagicLeapHandTracking (282)
[2020.09.04-14.47.53:365][918]LogModuleManager: Shutting down and abandoning module MagicLeapEyeTracker (280)
[2020.09.04-14.47.53:365][918]LogModuleManager: Shutting down and abandoning module MagicLeapController (278)
[2020.09.04-14.47.53:365][918]LogSlate: Slate User Destroyed.  User Index 0, Is Virtual User: 0
[2020.09.04-14.47.53:365][918]LogModuleManager: Shutting down and abandoning module MagicLeapAR (276)
[2020.09.04-14.47.53:365][918]LogModuleManager: Shutting down and abandoning module AugmentedReality (275)
[2020.09.04-14.47.53:365][918]LogModuleManager: Shutting down and abandoning module Niagara (272)
[2020.09.04-14.47.53:366][918]LogModuleManager: Shutting down and abandoning module NiagaraCore (270)
[2020.09.04-14.47.53:366][918]LogModuleManager: Shutting down and abandoning module GameplayTagsEditor (268)
[2020.09.04-14.47.53:366][918]LogModuleManager: Shutting down and abandoning module FacialAnimationEditor (266)
[2020.09.04-14.47.53:366][918]LogModuleManager: Shutting down and abandoning module FacialAnimation (264)
[2020.09.04-14.47.53:366][918]LogModuleManager: Shutting down and abandoning module DataValidation (262)
[2020.09.04-14.47.53:366][918]LogModuleManager: Shutting down and abandoning module AssetManagerEditor (260)
[2020.09.04-14.47.53:366][918]LogModuleManager: Shutting down and abandoning module LevelEditor (259)
[2020.09.04-14.47.53:367][918]LogModuleManager: Shutting down and abandoning module PixelInspectorModule (258)
[2020.09.04-14.47.53:367][918]LogModuleManager: Shutting down and abandoning module CommonMenuExtensions (256)
[2020.09.04-14.47.53:367][918]LogModuleManager: Shutting down and abandoning module MainFrame (254)
[2020.09.04-14.47.53:367][918]LogModuleManager: Shutting down and abandoning module HotReload (253)
[2020.09.04-14.47.53:369][918]LogModuleManager: Shutting down and abandoning module ContentBrowser (249)
[2020.09.04-14.47.53:375][918]LogModuleManager: Shutting down and abandoning module TreeMap (247)
[2020.09.04-14.47.53:375][918]LogModuleManager: Shutting down and abandoning module AnimationSharing (244)
[2020.09.04-14.47.53:375][918]LogModuleManager: Shutting down and abandoning module LightPropagationVolumeRuntime (242)
[2020.09.04-14.47.53:376][918]LogModuleManager: Shutting down and abandoning module AISupportModule (240)
[2020.09.04-14.47.53:376][918]LogModuleManager: Shutting down and abandoning module Paper2D (238)
[2020.09.04-14.47.53:376][918]LogModuleManager: Shutting down and abandoning module WindowsMoviePlayer (236)
[2020.09.04-14.47.53:376][918]LogModuleManager: Shutting down and abandoning module WebMMoviePlayer (234)
[2020.09.04-14.47.53:376][918]LogModuleManager: Shutting down and abandoning module PacketHandler (232)
[2020.09.04-14.47.53:376][918]LogModuleManager: Shutting down and abandoning module ClothingSystemEditor (230)
[2020.09.04-14.47.53:376][918]LogModuleManager: Shutting down and abandoning module ClothingSystemRuntime (228)
[2020.09.04-14.47.53:376][918]LogModuleManager: Shutting down and abandoning module MediaAssets (226)
[2020.09.04-14.47.53:376][918]LogModuleManager: Shutting down and abandoning module Overlay (224)
[2020.09.04-14.47.53:376][918]LogModuleManager: Shutting down and abandoning module OverlayEditor (223)
[2020.09.04-14.47.53:376][918]LogModuleManager: Shutting down and abandoning module VREditor (220)
[2020.09.04-14.47.53:376][918]LogModuleManager: Shutting down and abandoning module StringTableEditor (218)
[2020.09.04-14.47.53:376][918]LogModuleManager: Shutting down and abandoning module GameplayTasksEditor (216)
[2020.09.04-14.47.53:376][918]LogModuleManager: Shutting down and abandoning module BehaviorTreeEditor (214)
[2020.09.04-14.47.53:376][918]LogModuleManager: Shutting down and abandoning module FunctionalTesting (212)
[2020.09.04-14.47.53:376][918]LogModuleManager: Shutting down and abandoning module CollisionAnalyzer (210)
[2020.09.04-14.47.53:376][918]LogModuleManager: Shutting down and abandoning module WorkspaceMenuStructure (209)
[2020.09.04-14.47.53:376][918]LogModuleManager: Shutting down and abandoning module UMG (206)
[2020.09.04-14.47.53:376][918]LogModuleManager: Shutting down and abandoning module UMGEditor (205)
[2020.09.04-14.47.53:376][918]LogModuleManager: Shutting down and abandoning module Sequencer (204)
[2020.09.04-14.47.53:376][918]LogModuleManager: Shutting down and abandoning module MessageLog (201)
[2020.09.04-14.47.53:376][918]LogModuleManager: Shutting down and abandoning module SlateReflector (196)
[2020.09.04-14.47.53:376][918]LogModuleManager: Shutting down and abandoning module Slate (194)
[2020.09.04-14.47.53:376][918]LogModuleManager: Shutting down and abandoning module EditorStyle (192)
[2020.09.04-14.47.53:380][918]LogModuleManager: Shutting down and abandoning module UnrealEd (190)
[2020.09.04-14.47.53:380][918]LogModuleManager: Shutting down and abandoning module MRMesh (188)
[2020.09.04-14.47.53:380][918]LogModuleManager: Shutting down and abandoning module SourceCodeAccess (186)
[2020.09.04-14.47.53:380][918]LogModuleManager: Shutting down and abandoning module HeadMountedDisplay (184)
[2020.09.04-14.47.53:380][918]LogModuleManager: Shutting down and abandoning module XAudio2 (182)
[2020.09.04-14.47.53:380][918]LogModuleManager: Shutting down and abandoning module Networking (180)
[2020.09.04-14.47.53:380][918]LogModuleManager: Shutting down and abandoning module Core (178)
[2020.09.04-14.47.53:380][918]LogModuleManager: Shutting down and abandoning module KismetCompiler (176)
[2020.09.04-14.47.53:380][918]LogModuleManager: Shutting down and abandoning module MeshUtilities (174)
[2020.09.04-14.47.53:380][918]LogModuleManager: Shutting down and abandoning module MeshMergeUtilities (173)
[2020.09.04-14.47.53:380][918]LogModuleManager: Shutting down and abandoning module MeshReductionInterface (172)
[2020.09.04-14.47.53:381][918]LogModuleManager: Shutting down and abandoning module SkeletalMeshReduction (171)
[2020.09.04-14.47.53:381][918]LogModuleManager: Shutting down and abandoning module ProxyLODMeshReduction (169)
[2020.09.04-14.47.53:381][918]LogModuleManager: Shutting down and abandoning module QuadricMeshReduction (167)
[2020.09.04-14.47.53:381][918]LogModuleManager: Shutting down and abandoning module MaterialBaking (163)
[2020.09.04-14.47.53:381][918]LogModuleManager: Shutting down and abandoning module DerivedDataCache (158)
[2020.09.04-14.47.53:483][918]LogDerivedDataCache: Shutdown
[2020.09.04-14.47.53:484][918]LogModuleManager: Shutting down and abandoning module XGEController (156)
[2020.09.04-14.47.53:484][918]LogModuleManager: Shutting down and abandoning module TargetPlatform (154)
[2020.09.04-14.47.53:484][918]LogModuleManager: Shutting down and abandoning module VulkanShaderFormat (153)
[2020.09.04-14.47.53:484][918]LogModuleManager: Shutting down and abandoning module ShaderFormatVectorVM (151)
[2020.09.04-14.47.53:484][918]LogModuleManager: Shutting down and abandoning module ShaderFormatOpenGL (149)
[2020.09.04-14.47.53:484][918]LogModuleManager: Shutting down and abandoning module ShaderFormatD3D (147)
[2020.09.04-14.47.53:484][918]LogModuleManager: Shutting down and abandoning module MetalShaderFormat (145)
[2020.09.04-14.47.53:484][918]LogModuleManager: Shutting down and abandoning module TextureFormatUncompressed (143)
[2020.09.04-14.47.53:484][918]LogModuleManager: Shutting down and abandoning module TextureFormatPVR (141)
[2020.09.04-14.47.53:484][918]LogModuleManager: Shutting down and abandoning module TextureFormatDXT (139)
[2020.09.04-14.47.53:484][918]LogModuleManager: Shutting down and abandoning module TextureFormatIntelISPCTexComp (137)
[2020.09.04-14.47.53:484][918]LogModuleManager: Shutting down and abandoning module TextureFormatASTC (135)
[2020.09.04-14.47.53:484][918]LogModuleManager: Shutting down and abandoning module ImageWrapper (134)
[2020.09.04-14.47.53:484][918]LogModuleManager: Shutting down and abandoning module TextureFormatAndroid (131)
[2020.09.04-14.47.53:484][918]LogModuleManager: Shutting down and abandoning module AudioFormatOpus (129)
[2020.09.04-14.47.53:484][918]LogModuleManager: Shutting down and abandoning module AudioFormatOgg (127)
[2020.09.04-14.47.53:484][918]LogModuleManager: Shutting down and abandoning module AudioFormatADPCM (125)
[2020.09.04-14.47.53:484][918]LogModuleManager: Shutting down and abandoning module LuminTargetPlatform (123)
[2020.09.04-14.47.53:488][918]LogModuleManager: Shutting down and abandoning module LinuxTargetPlatform (121)
[2020.09.04-14.47.53:488][918]LogModuleManager: Shutting down and abandoning module LinuxServerTargetPlatform (119)
[2020.09.04-14.47.53:488][918]LogModuleManager: Shutting down and abandoning module LinuxNoEditorTargetPlatform (117)
[2020.09.04-14.47.53:488][918]LogModuleManager: Shutting down and abandoning module LinuxClientTargetPlatform (115)
[2020.09.04-14.47.53:488][918]LogModuleManager: Shutting down and abandoning module TVOSTargetPlatform (113)
[2020.09.04-14.47.53:494][918]LogModuleManager: Shutting down and abandoning module Messaging (111)
[2020.09.04-14.47.53:494][918]LogModuleManager: Shutting down and abandoning module IOSTargetPlatform (109)
[2020.09.04-14.47.53:501][918]LogModuleManager: Shutting down and abandoning module HTML5TargetPlatform (107)
[2020.09.04-14.47.53:501][918]LogModuleManager: Shutting down and abandoning module AndroidTargetPlatform (105)
[2020.09.04-14.47.53:545][918]LogModuleManager: Shutting down and abandoning module WindowsTargetPlatform (103)
[2020.09.04-14.47.53:545][918]LogModuleManager: Shutting down and abandoning module WindowsServerTargetPlatform (101)
[2020.09.04-14.47.53:545][918]LogModuleManager: Shutting down and abandoning module WindowsNoEditorTargetPlatform (99)
[2020.09.04-14.47.53:546][918]LogModuleManager: Shutting down and abandoning module WindowsClientTargetPlatform (97)
[2020.09.04-14.47.53:546][918]LogModuleManager: Shutting down and abandoning module MacTargetPlatform (95)
[2020.09.04-14.47.53:546][918]LogModuleManager: Shutting down and abandoning module MacServerTargetPlatform (93)
[2020.09.04-14.47.53:546][918]LogModuleManager: Shutting down and abandoning module MacNoEditorTargetPlatform (91)
[2020.09.04-14.47.53:546][918]LogModuleManager: Shutting down and abandoning module MacClientTargetPlatform (89)
[2020.09.04-14.47.53:546][918]LogModuleManager: Shutting down and abandoning module AllDesktopTargetPlatform (87)
[2020.09.04-14.47.53:546][918]LogModuleManager: Shutting down and abandoning module InputCore (84)
[2020.09.04-14.47.53:546][918]LogModuleManager: Shutting down and abandoning module Settings (82)
[2020.09.04-14.47.53:546][918]LogModuleManager: Shutting down and abandoning module DirectoryWatcher (80)
[2020.09.04-14.47.53:547][918]LogModuleManager: Shutting down and abandoning module PhysXCooking (78)
[2020.09.04-14.47.53:547][918]LogModuleManager: Shutting down and abandoning module SteamVR (76)
[2020.09.04-14.47.53:547][918]LogHMD: Freeing OpenVRDLLHandle.
[2020.09.04-14.47.53:548][918]LogModuleManager: Shutting down and abandoning module OculusHMD (74)
[2020.09.04-14.47.53:548][918]LogModuleManager: Shutting down and abandoning module ExampleDeviceProfileSelector (72)
[2020.09.04-14.47.53:548][918]LogModuleManager: Shutting down and abandoning module LauncherChunkInstaller (70)
[2020.09.04-14.47.53:548][918]LogModuleManager: Shutting down and abandoning module OnlineBlueprintSupport (68)
[2020.09.04-14.47.53:548][918]LogModuleManager: Shutting down and abandoning module OnlineSubsystem (64)
[2020.09.04-14.47.53:550][918]LogModuleManager: Shutting down and abandoning module XMPP (59)
[2020.09.04-14.47.53:551][918]LogModuleManager: Shutting down and abandoning module WebSockets (58)
[2020.09.04-14.47.53:570][918]LogModuleManager: Shutting down and abandoning module HTTP (55)
[2020.09.04-14.47.53:570][918]LogHttp: Display: Http module shutting down, but needs to wait on 1 outstanding Http requests:
[2020.09.04-14.47.53:570][918]LogHttp: Display: 	verb=[POST] url=[https://datarouter.ol.epicgames.com/datarouter/api/v1/public/data?SessionID=%7B9FBF24F1-4849-700F-5281-E28B81037DE4%7D&AppID=UEEditor.Rocket.Release&AppVersion=4.22.0-5660361%2B%2B%2BUE4%2BRelease-4.22&UserID=abb381c2405df78497f156afde06d6ff%7Cddb88b5ff4be4ce69ef94d598e983fdf%7Cb6bb473b-0340-476b-8dc1-3d27e3f6e455&AppEnvironment=datacollector-binary&UploadType=eteventstream] status=Processing
[2020.09.04-14.47.53:579][918]LogModuleManager: Shutting down and abandoning module SSL (54)
[2020.09.04-14.47.53:580][918]LogModuleManager: Shutting down and abandoning module WmfMedia (50)
[2020.09.04-14.47.53:582][918]LogModuleManager: Shutting down and abandoning module Media (49)
[2020.09.04-14.47.53:588][918]LogModuleManager: Shutting down and abandoning module MagicLeap (46)
[2020.09.04-14.47.53:588][918]LogModuleManager: Shutting down and abandoning module NiagaraVertexFactories (44)
[2020.09.04-14.47.53:588][918]LogModuleManager: Shutting down and abandoning module NiagaraShader (42)
[2020.09.04-14.47.53:588][918]LogModuleManager: Shutting down and abandoning module DatasmithContent (40)
[2020.09.04-14.47.53:589][918]LogModuleManager: Shutting down and abandoning module AnimationModifiers (38)
[2020.09.04-14.47.53:589][918]LogModuleManager: Shutting down and abandoning module PropertyEditor (37)
[2020.09.04-14.47.53:589][918]LogModuleManager: Shutting down and abandoning module AudioEditor (34)
[2020.09.04-14.47.53:589][918]LogModuleManager: Shutting down and abandoning module TextureCompressor (32)
[2020.09.04-14.47.53:589][918]LogModuleManager: Shutting down and abandoning module RenderCore (30)
[2020.09.04-14.47.53:589][918]LogModuleManager: Shutting down and abandoning module Landscape (28)
[2020.09.04-14.47.53:589][918]LogModuleManager: Shutting down and abandoning module SlateRHIRenderer (26)
[2020.09.04-14.47.53:590][918]LogModuleManager: Shutting down and abandoning module OpenGLDrv (24)
[2020.09.04-14.47.53:590][918]LogModuleManager: Shutting down and abandoning module D3D11RHI (22)
[2020.09.04-14.47.53:590][918]LogModuleManager: Shutting down and abandoning module AnimGraphRuntime (20)
[2020.09.04-14.47.53:590][918]LogModuleManager: Shutting down and abandoning module Renderer (18)
[2020.09.04-14.47.53:590][918]LogModuleManager: Shutting down and abandoning module Engine (16)
[2020.09.04-14.47.53:590][918]LogModuleManager: Shutting down and abandoning module CoreUObject (14)
[2020.09.04-14.47.53:590][918]LogModuleManager: Shutting down and abandoning module NetworkFile (12)
[2020.09.04-14.47.53:590][918]LogModuleManager: Shutting down and abandoning module CookedIterativeFile (10)
[2020.09.04-14.47.53:590][918]LogModuleManager: Shutting down and abandoning module StreamingFile (8)
[2020.09.04-14.47.53:590][918]LogModuleManager: Shutting down and abandoning module SandboxFile (6)
[2020.09.04-14.47.53:590][918]LogModuleManager: Shutting down and abandoning module PakFile (4)
[2020.09.04-14.47.53:590][918]LogModuleManager: Shutting down and abandoning module RSA (3)
[2020.09.04-14.47.53:599][918]LogExit: Exiting.
[2020.09.04-14.47.53:608][918]Log file closed, 09/04/20 16:47:53
