Log file open, 11/20/20 08:11:43
LogInit: Display: Running engine for game: Ancient_Warriors
LogPlatformFile: Not using cached read wrapper
LogTaskGraph: Started task graph with 5 named threads and 23 total threads with 3 sets of task threads.
LogStats: Stats thread started at 0.345177
LogD3D11RHI: Loaded GFSDK_Aftermath_Lib.x64.dll
LogICUInternationalization: ICU TimeZone Detection - Raw Offset: +1:00, Platform Override: ''
LogPluginManager: Mounting plugin Paper2D
LogPluginManager: Mounting plugin AISupport
LogPluginManager: Mounting plugin LightPropagationVolume
LogPluginManager: Mounting plugin CameraShakePreviewer
LogPluginManager: Mounting plugin ActorLayerUtilities
LogPluginManager: Mounting plugin AnimationSharing
LogPluginManager: Mounting plugin CLionSourceCodeAccess
LogPluginManager: Mounting plugin CodeLiteSourceCodeAccess
LogPluginManager: Mounting plugin GitSourceControl
LogPluginManager: Mounting plugin KDevelopSourceCodeAccess
LogPluginManager: Mounting plugin NullSourceCodeAccess
LogPluginManager: Mounting plugin PerforceSourceControl
LogPluginManager: Mounting plugin PlasticSourceControl
LogPluginManager: Mounting plugin RiderSourceCodeAccess
LogPluginManager: Mounting plugin SubversionSourceControl
LogPluginManager: Mounting plugin UObjectPlugin
LogPluginManager: Mounting plugin VisualStudioCodeSourceCodeAccess
LogPluginManager: Mounting plugin VisualStudioSourceCodeAccess
LogPluginManager: Mounting plugin XCodeSourceCodeAccess
LogPluginManager: Mounting plugin AssetManagerEditor
LogPluginManager: Mounting plugin CryptoKeys
LogPluginManager: Mounting plugin CurveEditorTools
LogPluginManager: Mounting plugin DataValidation
LogPluginManager: Mounting plugin EditorScriptingUtilities
LogPluginManager: Mounting plugin FacialAnimation
LogPluginManager: Mounting plugin GameplayTagsEditor
LogPluginManager: Mounting plugin GeometryMode
LogPluginManager: Mounting plugin MacGraphicsSwitching
LogPluginManager: Mounting plugin MaterialAnalyzer
LogPluginManager: Mounting plugin MobileLauncherProfileWizard
LogPluginManager: Mounting plugin PluginBrowser
LogPluginManager: Mounting plugin SpeedTreeImporter
LogPluginManager: Mounting plugin DatasmithContent
LogPluginManager: Mounting plugin VariantManagerContent
LogPluginManager: Mounting plugin AlembicImporter
LogPluginManager: Mounting plugin AutomationUtils
LogPluginManager: Mounting plugin BackChannel
LogPluginManager: Mounting plugin ChaosCloth
LogPluginManager: Mounting plugin ChaosClothEditor
LogPluginManager: Mounting plugin ChaosEditor
LogPluginManager: Mounting plugin ChaosNiagara
LogPluginManager: Mounting plugin ChaosSolverPlugin
LogPluginManager: Mounting plugin CharacterAI
LogPluginManager: Mounting plugin GeometryCache
LogPluginManager: Mounting plugin GeometryCollectionPlugin
LogPluginManager: Mounting plugin GeometryProcessing
LogPluginManager: Mounting plugin PlanarCut
LogPluginManager: Mounting plugin PlatformCrypto
LogPluginManager: Mounting plugin ProxyLODPlugin
LogPluginManager: Mounting plugin SkeletalReduction
LogPluginManager: Mounting plugin HoudiniNiagara
LogPluginManager: Mounting plugin Niagara
LogPluginManager: Mounting plugin MagicLeap
LogPluginManager: Mounting plugin MagicLeapLightEstimation
LogPluginManager: Mounting plugin MagicLeapMedia
LogPluginManager: Mounting plugin MagicLeapPassableWorld
LogPluginManager: Mounting plugin MLSDK
LogPluginManager: Mounting plugin AndroidMedia
LogPluginManager: Mounting plugin AvfMedia
LogPluginManager: Mounting plugin ImgMedia
LogPluginManager: Mounting plugin MediaCompositing
LogPluginManager: Mounting plugin MediaPlayerEditor
LogPluginManager: Mounting plugin WebMMedia
LogPluginManager: Mounting plugin WmfMedia
LogPluginManager: Mounting plugin MeshPainting
LogPluginManager: Mounting plugin TcpMessaging
LogPluginManager: Mounting plugin UdpMessaging
LogPluginManager: Mounting plugin ActorSequence
LogPluginManager: Mounting plugin LevelSequenceEditor
LogPluginManager: Mounting plugin MatineeToLevelSequence
LogPluginManager: Mounting plugin MovieRenderPipeline
LogPluginManager: Mounting plugin TemplateSequence
LogPluginManager: Mounting plugin NetcodeUnitTest
LogPluginManager: Mounting plugin NUTUnrealEngine4
LogPluginManager: Mounting plugin OnlineSubsystemGooglePlay
LogPluginManager: Mounting plugin OnlineSubsystemIOS
LogPluginManager: Mounting plugin OnlineSubsystem
LogPluginManager: Mounting plugin OnlineSubsystemNull
LogPluginManager: Mounting plugin OnlineSubsystemUtils
LogPluginManager: Mounting plugin LauncherChunkInstaller
LogPluginManager: Mounting plugin AndroidDeviceProfileSelector
LogPluginManager: Mounting plugin AndroidMoviePlayer
LogPluginManager: Mounting plugin AndroidPermission
LogPluginManager: Mounting plugin ApexDestruction
LogPluginManager: Mounting plugin AppleImageUtils
LogPluginManager: Mounting plugin AppleMoviePlayer
LogPluginManager: Mounting plugin ArchVisCharacter
LogPluginManager: Mounting plugin AssetTags
LogPluginManager: Mounting plugin AudioCapture
LogPluginManager: Mounting plugin CableComponent
LogPluginManager: Mounting plugin CustomMeshComponent
LogPluginManager: Mounting plugin EditableMesh
LogPluginManager: Mounting plugin ExampleDeviceProfileSelector
LogPluginManager: Mounting plugin GoogleCloudMessaging
LogPluginManager: Mounting plugin GooglePAD
LogPluginManager: Mounting plugin IOSDeviceProfileSelector
LogPluginManager: Mounting plugin LinuxDeviceProfileSelector
LogPluginManager: Mounting plugin LocationServicesBPLibrary
LogPluginManager: Mounting plugin MobilePatchingUtils
LogPluginManager: Mounting plugin OculusVR
LogPluginManager: Mounting plugin PhysXVehicles
LogPluginManager: Mounting plugin PostSplashScreen
LogPluginManager: Mounting plugin ProceduralMeshComponent
LogPluginManager: Mounting plugin RuntimePhysXCooking
LogPluginManager: Mounting plugin SignificanceManager
LogPluginManager: Mounting plugin SoundFields
LogPluginManager: Mounting plugin SteamVR
LogPluginManager: Mounting plugin Synthesis
LogPluginManager: Mounting plugin WebMMoviePlayer
LogPluginManager: Mounting plugin WindowsMoviePlayer
LogPluginManager: Mounting plugin ScreenshotTools
LogInit: Using libcurl 7.55.1-DEV
LogInit:  - built for x86_64-pc-win32
LogInit:  - supports SSL with OpenSSL/1.1.1
LogInit:  - supports HTTP deflate (compression) using libz 1.2.8
LogInit:  - other features:
LogInit:      CURL_VERSION_SSL
LogInit:      CURL_VERSION_LIBZ
LogInit:      CURL_VERSION_IPV6
LogInit:      CURL_VERSION_ASYNCHDNS
LogInit:      CURL_VERSION_LARGEFILE
LogInit:      CURL_VERSION_IDN
LogInit:  CurlRequestOptions (configurable via config and command line):
LogInit:  - bVerifyPeer = true  - Libcurl will verify peer certificate
LogInit:  - bUseHttpProxy = false  - Libcurl will NOT use HTTP proxy
LogInit:  - bDontReuseConnections = false  - Libcurl will reuse connections
LogInit:  - MaxHostConnections = 16  - Libcurl will limit the number of connections to a host
LogInit:  - LocalHostAddr = Default
LogInit:  - BufferSize = 65536
LogOnline: OSS: Creating online subsystem instance for: NULL
LogInit: WinSock: version 1.1 (2.2), MaxSocks=32767, MaxUdp=65467
LogOnline: OSS: TryLoadSubsystemAndSetDefault: Loaded subsystem for module [NULL]
LogInit: Build: ++UE4+Release-4.25-CL-13942748
LogInit: Engine Version: 4.25.3-13942748+++UE4+Release-4.25
LogInit: Compatible Engine Version: 4.25.0-13144385+++UE4+Release-4.25
LogInit: Net CL: 13144385
LogInit: OS: Windows 10 (Release 1909) (), CPU: Intel(R) Core(TM) i7-7700 CPU @ 3.60GHz, GPU: NVIDIA GeForce GTX 1050
LogInit: Compiled (64-bit): Jul 25 2020 02:07:48
LogInit: Compiled with Visual C++: 19.24.28315.00
LogInit: Build Configuration: Development
LogInit: Branch Name: ++UE4+Release-4.25
LogInit: Command Line: 
LogInit: Base Directory: C:/Epic/UE4/UE_4.25/Engine/Binaries/Win64/
LogInit: Allocator: TBB
LogInit: Installed Engine Build: 1
LogDevObjectVersion: Number of dev versions registered: 26
LogDevObjectVersion:   Dev-Blueprints (B0D832E4-1F89-4F0D-ACCF-7EB736FD4AA2): 10
LogDevObjectVersion:   Dev-Build (E1C64328-A22C-4D53-A36C-8E866417BD8C): 0
LogDevObjectVersion:   Dev-Core (375EC13C-06E4-48FB-B500-84F0262A717E): 4
LogDevObjectVersion:   Dev-Editor (E4B068ED-F494-42E9-A231-DA0B2E46BB41): 38
LogDevObjectVersion:   Dev-Framework (CFFC743F-43B0-4480-9391-14DF171D2073): 37
LogDevObjectVersion:   Dev-Mobile (B02B49B5-BB20-44E9-A304-32B752E40360): 2
LogDevObjectVersion:   Dev-Networking (A4E4105C-59A1-49B5-A7C5-40C4547EDFEE): 0
LogDevObjectVersion:   Dev-Online (39C831C9-5AE6-47DC-9A44-9C173E1C8E7C): 0
LogDevObjectVersion:   Dev-Physics (78F01B33-EBEA-4F98-B9B4-84EACCB95AA2): 4
LogDevObjectVersion:   Dev-Platform (6631380F-2D4D-43E0-8009-CF276956A95A): 0
LogDevObjectVersion:   Dev-Rendering (12F88B9F-8875-4AFC-A67C-D90C383ABD29): 43
LogDevObjectVersion:   Dev-Sequencer (7B5AE74C-D270-4C10-A958-57980B212A5A): 12
LogDevObjectVersion:   Dev-VR (D7296918-1DD6-4BDD-9DE2-64A83CC13884): 3
LogDevObjectVersion:   Dev-LoadTimes (C2A15278-BFE7-4AFE-6C17-90FF531DF755): 1
LogDevObjectVersion:   Private-Geometry (6EACA3D4-40EC-4CC1-B786-8BED09428FC5): 3
LogDevObjectVersion:   Dev-AnimPhys (29E575DD-E0A3-4627-9D10-D276232CDCEA): 17
LogDevObjectVersion:   Dev-Anim (AF43A65D-7FD3-4947-9873-3E8ED9C1BB05): 7
LogDevObjectVersion:   Dev-ReflectionCapture (6B266CEC-1EC7-4B8F-A30B-E4D90942FC07): 1
LogDevObjectVersion:   Dev-Automation (0DF73D61-A23F-47EA-B727-89E90C41499A): 1
LogDevObjectVersion:   FortniteMain (601D1886-AC64-4F84-AA16-D3DE0DEAC7D6): 31
LogDevObjectVersion:   Dev-Enterprise (9DFFBCD6-494F-0158-E221-12823C92A888): 10
LogDevObjectVersion:   Dev-Niagara (F2AED0AC-9AFE-416F-8664-AA7FFA26D6FC): 1
LogDevObjectVersion:   Dev-Destruction (174F1F0B-B4C6-45A5-B13F-2EE8D0FB917D): 10
LogDevObjectVersion:   Dev-Physics-Ext (35F94A83-E258-406C-A318-09F59610247C): 37
LogDevObjectVersion:   Dev-PhysicsMaterial-Chaos (B68FC16E-8B1B-42E2-B453-215C058844FE): 1
LogDevObjectVersion:   Dev-CineCamera (B2E18506-4273-CFC2-A54E-F4BB758BBA07): 1
LogInit: Presizing for max 25165824 objects, including 0 objects not considered by GC, pre-allocating 0 bytes for permanent pool.
LogConfig: Applying CVar settings from Section [/Script/Engine.StreamingSettings] File [D:/Dinosaurios/Game/DinosauriosWarriors/Ancient_Warriors/Saved/Config/Windows/Engine.ini]
LogConfig: Setting CVar [[s.MinBulkDataSizeForAsyncLoading:131072]]
LogConfig: Setting CVar [[s.AsyncLoadingThreadEnabled:0]]
LogConfig: Setting CVar [[s.EventDrivenLoaderEnabled:1]]
LogConfig: Setting CVar [[s.WarnIfTimeLimitExceeded:0]]
LogConfig: Setting CVar [[s.TimeLimitExceededMultiplier:1.5]]
LogConfig: Setting CVar [[s.TimeLimitExceededMinTime:0.005]]
LogConfig: Setting CVar [[s.UseBackgroundLevelStreaming:1]]
LogConfig: Setting CVar [[s.PriorityAsyncLoadingExtraTime:15.0]]
LogConfig: Setting CVar [[s.LevelStreamingActorsUpdateTimeLimit:5.0]]
LogConfig: Setting CVar [[s.PriorityLevelStreamingActorsUpdateExtraTime:5.0]]
LogConfig: Setting CVar [[s.LevelStreamingComponentsRegistrationGranularity:10]]
LogConfig: Setting CVar [[s.UnregisterComponentsTimeLimit:1.0]]
LogConfig: Setting CVar [[s.LevelStreamingComponentsUnregistrationGranularity:5]]
LogConfig: Setting CVar [[s.FlushStreamingOnExit:1]]
LogInit: Object subsystem initialized
LogConfig: Setting CVar [[con.DebugEarlyDefault:1]]
LogConfig: Setting CVar [[r.setres:1280x720]]
[2020.11.20-07.11.43:610][  0]LogConfig: Setting CVar [[r.VSync:0]]
[2020.11.20-07.11.43:610][  0]LogConfig: Setting CVar [[r.RHICmdBypass:0]]
[2020.11.20-07.11.43:610][  0]LogConfig: Applying CVar settings from Section [/Script/Engine.RendererSettings] File [D:/Dinosaurios/Game/DinosauriosWarriors/Ancient_Warriors/Saved/Config/Windows/Engine.ini]
[2020.11.20-07.11.43:610][  0]LogConfig: Setting CVar [[r.GPUCrashDebugging:0]]
[2020.11.20-07.11.43:610][  0]LogConfig: Setting CVar [[r.GenerateMeshDistanceFields:1]]
[2020.11.20-07.11.43:610][  0]LogConfig: Applying CVar settings from Section [/Script/Engine.RendererOverrideSettings] File [D:/Dinosaurios/Game/DinosauriosWarriors/Ancient_Warriors/Saved/Config/Windows/Engine.ini]
[2020.11.20-07.11.43:610][  0]LogConfig: Applying CVar settings from Section [/Script/Engine.StreamingSettings] File [D:/Dinosaurios/Game/DinosauriosWarriors/Ancient_Warriors/Saved/Config/Windows/Engine.ini]
[2020.11.20-07.11.43:611][  0]LogConfig: Setting CVar [[s.MinBulkDataSizeForAsyncLoading:131072]]
[2020.11.20-07.11.43:611][  0]LogConfig: Setting CVar [[s.AsyncLoadingThreadEnabled:0]]
[2020.11.20-07.11.43:611][  0]LogConfig: Setting CVar [[s.EventDrivenLoaderEnabled:1]]
[2020.11.20-07.11.43:611][  0]LogConfig: Setting CVar [[s.WarnIfTimeLimitExceeded:0]]
[2020.11.20-07.11.43:611][  0]LogConfig: Setting CVar [[s.TimeLimitExceededMultiplier:1.5]]
[2020.11.20-07.11.43:611][  0]LogConfig: Setting CVar [[s.TimeLimitExceededMinTime:0.005]]
[2020.11.20-07.11.43:611][  0]LogConfig: Setting CVar [[s.UseBackgroundLevelStreaming:1]]
[2020.11.20-07.11.43:611][  0]LogConfig: Setting CVar [[s.PriorityAsyncLoadingExtraTime:15.0]]
[2020.11.20-07.11.43:611][  0]LogConfig: Setting CVar [[s.LevelStreamingActorsUpdateTimeLimit:5.0]]
[2020.11.20-07.11.43:611][  0]LogConfig: Setting CVar [[s.PriorityLevelStreamingActorsUpdateExtraTime:5.0]]
[2020.11.20-07.11.43:611][  0]LogConfig: Setting CVar [[s.LevelStreamingComponentsRegistrationGranularity:10]]
[2020.11.20-07.11.43:611][  0]LogConfig: Setting CVar [[s.UnregisterComponentsTimeLimit:1.0]]
[2020.11.20-07.11.43:611][  0]LogConfig: Setting CVar [[s.LevelStreamingComponentsUnregistrationGranularity:5]]
[2020.11.20-07.11.43:611][  0]LogConfig: Setting CVar [[s.FlushStreamingOnExit:1]]
[2020.11.20-07.11.43:611][  0]LogConfig: Applying CVar settings from Section [/Script/Engine.GarbageCollectionSettings] File [D:/Dinosaurios/Game/DinosauriosWarriors/Ancient_Warriors/Saved/Config/Windows/Engine.ini]
[2020.11.20-07.11.43:611][  0]LogConfig: Setting CVar [[gc.MaxObjectsNotConsideredByGC:1]]
[2020.11.20-07.11.43:611][  0]LogConfig: Setting CVar [[gc.SizeOfPermanentObjectPool:0]]
[2020.11.20-07.11.43:611][  0]LogConfig: Setting CVar [[gc.FlushStreamingOnGC:0]]
[2020.11.20-07.11.43:611][  0]LogConfig: Setting CVar [[gc.NumRetriesBeforeForcingGC:10]]
[2020.11.20-07.11.43:611][  0]LogConfig: Setting CVar [[gc.AllowParallelGC:1]]
[2020.11.20-07.11.43:611][  0]LogConfig: Setting CVar [[gc.TimeBetweenPurgingPendingKillObjects:61.1]]
[2020.11.20-07.11.43:611][  0]LogConfig: Setting CVar [[gc.MaxObjectsInEditor:25165824]]
[2020.11.20-07.11.43:611][  0]LogConfig: Setting CVar [[gc.IncrementalBeginDestroyEnabled:1]]
[2020.11.20-07.11.43:611][  0]LogConfig: Setting CVar [[gc.CreateGCClusters:1]]
[2020.11.20-07.11.43:611][  0]LogConfig: Setting CVar [[gc.MinGCClusterSize:5]]
[2020.11.20-07.11.43:611][  0]LogConfig: Setting CVar [[gc.ActorClusteringEnabled:0]]
[2020.11.20-07.11.43:611][  0]LogConfig: Setting CVar [[gc.BlueprintClusteringEnabled:0]]
[2020.11.20-07.11.43:611][  0]LogConfig: Setting CVar [[gc.UseDisregardForGCOnDedicatedServers:0]]
[2020.11.20-07.11.43:611][  0]LogConfig: Applying CVar settings from Section [/Script/Engine.NetworkSettings] File [D:/Dinosaurios/Game/DinosauriosWarriors/Ancient_Warriors/Saved/Config/Windows/Engine.ini]
[2020.11.20-07.11.43:611][  0]LogConfig: Applying CVar settings from Section [/Script/UnrealEd.CookerSettings] File [D:/Dinosaurios/Game/DinosauriosWarriors/Ancient_Warriors/Saved/Config/Windows/Engine.ini]
[2020.11.20-07.11.43:620][  0]LogConfig: Applying CVar settings from Section [ViewDistanceQuality@3] File [D:/Dinosaurios/Game/DinosauriosWarriors/Ancient_Warriors/Saved/Config/Windows/Scalability.ini]
[2020.11.20-07.11.43:620][  0]LogConfig: Setting CVar [[r.SkeletalMeshLODBias:0]]
[2020.11.20-07.11.43:620][  0]LogConfig: Setting CVar [[r.ViewDistanceScale:1.0]]
[2020.11.20-07.11.43:620][  0]LogConfig: Applying CVar settings from Section [AntiAliasingQuality@3] File [D:/Dinosaurios/Game/DinosauriosWarriors/Ancient_Warriors/Saved/Config/Windows/Scalability.ini]
[2020.11.20-07.11.43:620][  0]LogConfig: Setting CVar [[r.PostProcessAAQuality:4]]
[2020.11.20-07.11.43:620][  0]LogConfig: Applying CVar settings from Section [ShadowQuality@3] File [D:/Dinosaurios/Game/DinosauriosWarriors/Ancient_Warriors/Saved/Config/Windows/Scalability.ini]
[2020.11.20-07.11.43:620][  0]LogConfig: Setting CVar [[r.LightFunctionQuality:1]]
[2020.11.20-07.11.43:620][  0]LogConfig: Setting CVar [[r.ShadowQuality:5]]
[2020.11.20-07.11.43:620][  0]LogConfig: Setting CVar [[r.Shadow.CSM.MaxCascades:10]]
[2020.11.20-07.11.43:620][  0]LogConfig: Setting CVar [[r.Shadow.MaxResolution:2048]]
[2020.11.20-07.11.43:620][  0]LogConfig: Setting CVar [[r.Shadow.MaxCSMResolution:2048]]
[2020.11.20-07.11.43:620][  0]LogConfig: Setting CVar [[r.Shadow.RadiusThreshold:0.01]]
[2020.11.20-07.11.43:620][  0]LogConfig: Setting CVar [[r.Shadow.DistanceScale:1.0]]
[2020.11.20-07.11.43:620][  0]LogConfig: Setting CVar [[r.Shadow.CSM.TransitionScale:1.0]]
[2020.11.20-07.11.43:620][  0]LogConfig: Setting CVar [[r.Shadow.PreShadowResolutionFactor:1.0]]
[2020.11.20-07.11.43:620][  0]LogConfig: Setting CVar [[r.DistanceFieldShadowing:1]]
[2020.11.20-07.11.43:620][  0]LogConfig: Setting CVar [[r.DistanceFieldAO:1]]
[2020.11.20-07.11.43:620][  0]LogConfig: Setting CVar [[r.AOQuality:2]]
[2020.11.20-07.11.43:620][  0]LogConfig: Setting CVar [[r.VolumetricFog:1]]
[2020.11.20-07.11.43:620][  0]LogConfig: Setting CVar [[r.VolumetricFog.GridPixelSize:8]]
[2020.11.20-07.11.43:620][  0]LogConfig: Setting CVar [[r.VolumetricFog.GridSizeZ:128]]
[2020.11.20-07.11.43:620][  0]LogConfig: Setting CVar [[r.VolumetricFog.HistoryMissSupersampleCount:4]]
[2020.11.20-07.11.43:620][  0]LogConfig: Setting CVar [[r.LightMaxDrawDistanceScale:1]]
[2020.11.20-07.11.43:620][  0]LogConfig: Setting CVar [[r.CapsuleShadows:1]]
[2020.11.20-07.11.43:620][  0]LogConfig: Applying CVar settings from Section [PostProcessQuality@3] File [D:/Dinosaurios/Game/DinosauriosWarriors/Ancient_Warriors/Saved/Config/Windows/Scalability.ini]
[2020.11.20-07.11.43:620][  0]LogConfig: Setting CVar [[r.MotionBlurQuality:4]]
[2020.11.20-07.11.43:620][  0]LogConfig: Setting CVar [[r.AmbientOcclusionMipLevelFactor:0.4]]
[2020.11.20-07.11.43:620][  0]LogConfig: Setting CVar [[r.AmbientOcclusionMaxQuality:100]]
[2020.11.20-07.11.43:620][  0]LogConfig: Setting CVar [[r.AmbientOcclusionLevels:-1]]
[2020.11.20-07.11.43:620][  0]LogConfig: Setting CVar [[r.AmbientOcclusionRadiusScale:1.0]]
[2020.11.20-07.11.43:620][  0]LogConfig: Setting CVar [[r.DepthOfFieldQuality:2]]
[2020.11.20-07.11.43:620][  0]LogConfig: Setting CVar [[r.RenderTargetPoolMin:400]]
[2020.11.20-07.11.43:620][  0]LogConfig: Setting CVar [[r.LensFlareQuality:2]]
[2020.11.20-07.11.43:620][  0]LogConfig: Setting CVar [[r.SceneColorFringeQuality:1]]
[2020.11.20-07.11.43:620][  0]LogConfig: Setting CVar [[r.EyeAdaptationQuality:2]]
[2020.11.20-07.11.43:620][  0]LogConfig: Setting CVar [[r.BloomQuality:5]]
[2020.11.20-07.11.43:620][  0]LogConfig: Setting CVar [[r.FastBlurThreshold:100]]
[2020.11.20-07.11.43:620][  0]LogConfig: Setting CVar [[r.Upscale.Quality:3]]
[2020.11.20-07.11.43:620][  0]LogConfig: Setting CVar [[r.Tonemapper.GrainQuantization:1]]
[2020.11.20-07.11.43:620][  0]LogConfig: Setting CVar [[r.LightShaftQuality:1]]
[2020.11.20-07.11.43:620][  0]LogConfig: Setting CVar [[r.Filter.SizeScale:1]]
[2020.11.20-07.11.43:620][  0]LogConfig: Setting CVar [[r.Tonemapper.Quality:5]]
[2020.11.20-07.11.43:620][  0]LogConfig: Setting CVar [[r.DOF.Gather.AccumulatorQuality:1        ; higher gathering accumulator quality]]
[2020.11.20-07.11.43:620][  0]LogConfig: Setting CVar [[r.DOF.Gather.PostfilterMethod:1          ; Median3x3 postfilering method]]
[2020.11.20-07.11.43:620][  0]LogConfig: Setting CVar [[r.DOF.Gather.EnableBokehSettings:0       ; no bokeh simulation when gathering]]
[2020.11.20-07.11.43:620][  0]LogConfig: Setting CVar [[r.DOF.Gather.RingCount:4                 ; medium number of samples when gathering]]
[2020.11.20-07.11.43:620][  0]LogConfig: Setting CVar [[r.DOF.Scatter.ForegroundCompositing:1    ; additive foreground scattering]]
[2020.11.20-07.11.43:620][  0]LogConfig: Setting CVar [[r.DOF.Scatter.BackgroundCompositing:2    ; additive background scattering]]
[2020.11.20-07.11.43:620][  0]LogConfig: Setting CVar [[r.DOF.Scatter.EnableBokehSettings:1      ; bokeh simulation when scattering]]
[2020.11.20-07.11.43:620][  0]LogConfig: Setting CVar [[r.DOF.Scatter.MaxSpriteRatio:0.1         ; only a maximum of 10% of scattered bokeh]]
[2020.11.20-07.11.43:620][  0]LogConfig: Setting CVar [[r.DOF.Recombine.Quality:1                ; cheap slight out of focus]]
[2020.11.20-07.11.43:620][  0]LogConfig: Setting CVar [[r.DOF.Recombine.EnableBokehSettings:0    ; no bokeh simulation on slight out of focus]]
[2020.11.20-07.11.43:620][  0]LogConfig: Setting CVar [[r.DOF.TemporalAAQuality:1                ; more stable temporal accumulation]]
[2020.11.20-07.11.43:620][  0]LogConfig: Setting CVar [[r.DOF.Kernel.MaxForegroundRadius:0.025]]
[2020.11.20-07.11.43:620][  0]LogConfig: Setting CVar [[r.DOF.Kernel.MaxBackgroundRadius:0.025]]
[2020.11.20-07.11.43:620][  0]LogConfig: Applying CVar settings from Section [TextureQuality@3] File [D:/Dinosaurios/Game/DinosauriosWarriors/Ancient_Warriors/Saved/Config/Windows/Scalability.ini]
[2020.11.20-07.11.43:620][  0]LogConfig: Setting CVar [[r.Streaming.MipBias:0]]
[2020.11.20-07.11.43:621][  0]LogConfig: Setting CVar [[r.Streaming.AmortizeCPUToGPUCopy:0]]
[2020.11.20-07.11.43:621][  0]LogConfig: Setting CVar [[r.Streaming.MaxNumTexturesToStreamPerFrame:0]]
[2020.11.20-07.11.43:621][  0]LogConfig: Setting CVar [[r.Streaming.Boost:1]]
[2020.11.20-07.11.43:621][  0]LogConfig: Setting CVar [[r.MaxAnisotropy:8]]
[2020.11.20-07.11.43:621][  0]LogConfig: Setting CVar [[r.VT.MaxAnisotropy:8]]
[2020.11.20-07.11.43:621][  0]LogConfig: Setting CVar [[r.Streaming.LimitPoolSizeToVRAM:0]]
[2020.11.20-07.11.43:621][  0]LogConfig: Setting CVar [[r.Streaming.PoolSize:1000]]
[2020.11.20-07.11.43:621][  0]LogConfig: Setting CVar [[r.Streaming.MaxEffectiveScreenSize:0]]
[2020.11.20-07.11.43:621][  0]LogConfig: Applying CVar settings from Section [EffectsQuality@3] File [D:/Dinosaurios/Game/DinosauriosWarriors/Ancient_Warriors/Saved/Config/Windows/Scalability.ini]
[2020.11.20-07.11.43:621][  0]LogConfig: Setting CVar [[r.TranslucencyLightingVolumeDim:64]]
[2020.11.20-07.11.43:621][  0]LogConfig: Setting CVar [[r.RefractionQuality:2]]
[2020.11.20-07.11.43:621][  0]LogConfig: Setting CVar [[r.SSR.Quality:3]]
[2020.11.20-07.11.43:621][  0]LogConfig: Setting CVar [[r.SSR.HalfResSceneColor:0]]
[2020.11.20-07.11.43:621][  0]LogConfig: Setting CVar [[r.SceneColorFormat:4]]
[2020.11.20-07.11.43:621][  0]LogConfig: Setting CVar [[r.DetailMode:2]]
[2020.11.20-07.11.43:621][  0]LogConfig: Setting CVar [[r.TranslucencyVolumeBlur:1]]
[2020.11.20-07.11.43:621][  0]LogConfig: Setting CVar [[r.MaterialQualityLevel:1 ; High quality]]
[2020.11.20-07.11.43:621][  0]LogConfig: Setting CVar [[r.SSS.Scale:1]]
[2020.11.20-07.11.43:621][  0]LogConfig: Setting CVar [[r.SSS.SampleSet:2]]
[2020.11.20-07.11.43:621][  0]LogConfig: Setting CVar [[r.SSS.Quality:1]]
[2020.11.20-07.11.43:621][  0]LogConfig: Setting CVar [[r.SSS.HalfRes:0]]
[2020.11.20-07.11.43:621][  0]LogConfig: Setting CVar [[r.SSGI.Quality:3]]
[2020.11.20-07.11.43:621][  0]LogConfig: Setting CVar [[r.EmitterSpawnRateScale:1.0]]
[2020.11.20-07.11.43:621][  0]LogConfig: Setting CVar [[r.ParticleLightQuality:2]]
[2020.11.20-07.11.43:621][  0]LogConfig: Setting CVar [[r.SkyAtmosphere.AerialPerspectiveLUT.FastApplyOnOpaque:1 ; Always have FastSkyLUT 1 in this case to avoid wrong sky]]
[2020.11.20-07.11.43:621][  0]LogConfig: Setting CVar [[r.SkyAtmosphere.AerialPerspectiveLUT.SampleCountPerSlice:1]]
[2020.11.20-07.11.43:621][  0]LogConfig: Setting CVar [[r.SkyAtmosphere.AerialPerspectiveLUT.DepthResolution:16.0]]
[2020.11.20-07.11.43:621][  0]LogConfig: Setting CVar [[r.SkyAtmosphere.FastSkyLUT:1]]
[2020.11.20-07.11.43:621][  0]LogConfig: Setting CVar [[r.SkyAtmosphere.FastSkyLUT.SampleCountMin:4.0]]
[2020.11.20-07.11.43:621][  0]LogConfig: Setting CVar [[r.SkyAtmosphere.FastSkyLUT.SampleCountMax:32.0]]
[2020.11.20-07.11.43:621][  0]LogConfig: Setting CVar [[r.SkyAtmosphere.SampleCountMin:4.0]]
[2020.11.20-07.11.43:621][  0]LogConfig: Setting CVar [[r.SkyAtmosphere.SampleCountMax:32.0]]
[2020.11.20-07.11.43:621][  0]LogConfig: Setting CVar [[r.SkyAtmosphere.TransmittanceLUT.UseSmallFormat:0]]
[2020.11.20-07.11.43:621][  0]LogConfig: Setting CVar [[r.SkyAtmosphere.TransmittanceLUT.SampleCount:10.0]]
[2020.11.20-07.11.43:621][  0]LogConfig: Setting CVar [[r.SkyAtmosphere.MultiScatteringLUT.SampleCount:15.0]]
[2020.11.20-07.11.43:621][  0]LogConfig: Applying CVar settings from Section [FoliageQuality@3] File [D:/Dinosaurios/Game/DinosauriosWarriors/Ancient_Warriors/Saved/Config/Windows/Scalability.ini]
[2020.11.20-07.11.43:621][  0]LogConfig: Setting CVar [[foliage.DensityScale:1.0]]
[2020.11.20-07.11.43:621][  0]LogConfig: Setting CVar [[grass.DensityScale:1.0]]
[2020.11.20-07.11.43:621][  0]LogConfig: Applying CVar settings from Section [ShadingQuality@3] File [D:/Dinosaurios/Game/DinosauriosWarriors/Ancient_Warriors/Saved/Config/Windows/Scalability.ini]
[2020.11.20-07.11.43:621][  0]LogConfig: Setting CVar [[r.HairStrands.SkyLighting.SampleCount:16]]
[2020.11.20-07.11.43:621][  0]LogConfig: Setting CVar [[r.HairStrands.SkyLighting.JitterIntegration:0]]
[2020.11.20-07.11.43:621][  0]LogConfig: Setting CVar [[r.HairStrands.SkyAO.SampleCount:16]]
[2020.11.20-07.11.43:621][  0]LogConfig: Setting CVar [[r.HairStrands.DeepShadow.SuperSampling:0]]
[2020.11.20-07.11.43:621][  0]LogConfig: Setting CVar [[r.HairStrands.VisibilityPPLL:0]]
[2020.11.20-07.11.43:621][  0]LogConfig: Setting CVar [[r.HairStrands.RasterizationScale:0.5]]
[2020.11.20-07.11.43:621][  0]LogConfig: Setting CVar [[r.HairStrands.VelocityRasterizationScale:1]]
[2020.11.20-07.11.43:621][  0]LogInit: Selected Device Profile: [Windows]
[2020.11.20-07.11.43:621][  0]LogInit: Applying CVar settings loaded from the selected device profile: [Windows]
[2020.11.20-07.11.43:621][  0]LogHAL: Display: Platform has ~ 16 GB [17053216768 / 17179869184 / 16], which maps to Larger [LargestMinGB=32, LargerMinGB=12, DefaultMinGB=8, SmallerMinGB=6, SmallestMinGB=0)
[2020.11.20-07.11.43:621][  0]LogInit: Going up to parent DeviceProfile []
[2020.11.20-07.11.43:621][  0]LogConfig: Applying CVar settings from Section [ViewDistanceQuality@3] File [D:/Dinosaurios/Game/DinosauriosWarriors/Ancient_Warriors/Saved/Config/Windows/Scalability.ini]
[2020.11.20-07.11.43:621][  0]LogConfig: Setting CVar [[r.SkeletalMeshLODBias:0]]
[2020.11.20-07.11.43:621][  0]LogConfig: Setting CVar [[r.ViewDistanceScale:1.0]]
[2020.11.20-07.11.43:621][  0]LogConfig: Applying CVar settings from Section [AntiAliasingQuality@3] File [D:/Dinosaurios/Game/DinosauriosWarriors/Ancient_Warriors/Saved/Config/Windows/Scalability.ini]
[2020.11.20-07.11.43:621][  0]LogConfig: Setting CVar [[r.PostProcessAAQuality:4]]
[2020.11.20-07.11.43:621][  0]LogConfig: Applying CVar settings from Section [ShadowQuality@3] File [D:/Dinosaurios/Game/DinosauriosWarriors/Ancient_Warriors/Saved/Config/Windows/Scalability.ini]
[2020.11.20-07.11.43:621][  0]LogConfig: Setting CVar [[r.LightFunctionQuality:1]]
[2020.11.20-07.11.43:621][  0]LogConfig: Setting CVar [[r.ShadowQuality:5]]
[2020.11.20-07.11.43:621][  0]LogConfig: Setting CVar [[r.Shadow.CSM.MaxCascades:10]]
[2020.11.20-07.11.43:621][  0]LogConfig: Setting CVar [[r.Shadow.MaxResolution:2048]]
[2020.11.20-07.11.43:622][  0]LogConfig: Setting CVar [[r.Shadow.MaxCSMResolution:2048]]
[2020.11.20-07.11.43:622][  0]LogConfig: Setting CVar [[r.Shadow.RadiusThreshold:0.01]]
[2020.11.20-07.11.43:622][  0]LogConfig: Setting CVar [[r.Shadow.DistanceScale:1.0]]
[2020.11.20-07.11.43:622][  0]LogConfig: Setting CVar [[r.Shadow.CSM.TransitionScale:1.0]]
[2020.11.20-07.11.43:622][  0]LogConfig: Setting CVar [[r.Shadow.PreShadowResolutionFactor:1.0]]
[2020.11.20-07.11.43:622][  0]LogConfig: Setting CVar [[r.DistanceFieldShadowing:1]]
[2020.11.20-07.11.43:622][  0]LogConfig: Setting CVar [[r.DistanceFieldAO:1]]
[2020.11.20-07.11.43:622][  0]LogConfig: Setting CVar [[r.AOQuality:2]]
[2020.11.20-07.11.43:622][  0]LogConfig: Setting CVar [[r.VolumetricFog:1]]
[2020.11.20-07.11.43:622][  0]LogConfig: Setting CVar [[r.VolumetricFog.GridPixelSize:8]]
[2020.11.20-07.11.43:622][  0]LogConfig: Setting CVar [[r.VolumetricFog.GridSizeZ:128]]
[2020.11.20-07.11.43:622][  0]LogConfig: Setting CVar [[r.VolumetricFog.HistoryMissSupersampleCount:4]]
[2020.11.20-07.11.43:622][  0]LogConfig: Setting CVar [[r.LightMaxDrawDistanceScale:1]]
[2020.11.20-07.11.43:622][  0]LogConfig: Setting CVar [[r.CapsuleShadows:1]]
[2020.11.20-07.11.43:622][  0]LogConfig: Applying CVar settings from Section [PostProcessQuality@3] File [D:/Dinosaurios/Game/DinosauriosWarriors/Ancient_Warriors/Saved/Config/Windows/Scalability.ini]
[2020.11.20-07.11.43:622][  0]LogConfig: Setting CVar [[r.MotionBlurQuality:4]]
[2020.11.20-07.11.43:622][  0]LogConfig: Setting CVar [[r.AmbientOcclusionMipLevelFactor:0.4]]
[2020.11.20-07.11.43:622][  0]LogConfig: Setting CVar [[r.AmbientOcclusionMaxQuality:100]]
[2020.11.20-07.11.43:622][  0]LogConfig: Setting CVar [[r.AmbientOcclusionLevels:-1]]
[2020.11.20-07.11.43:622][  0]LogConfig: Setting CVar [[r.AmbientOcclusionRadiusScale:1.0]]
[2020.11.20-07.11.43:622][  0]LogConfig: Setting CVar [[r.DepthOfFieldQuality:2]]
[2020.11.20-07.11.43:622][  0]LogConfig: Setting CVar [[r.RenderTargetPoolMin:400]]
[2020.11.20-07.11.43:622][  0]LogConfig: Setting CVar [[r.LensFlareQuality:2]]
[2020.11.20-07.11.43:622][  0]LogConfig: Setting CVar [[r.SceneColorFringeQuality:1]]
[2020.11.20-07.11.43:622][  0]LogConfig: Setting CVar [[r.EyeAdaptationQuality:2]]
[2020.11.20-07.11.43:622][  0]LogConfig: Setting CVar [[r.BloomQuality:5]]
[2020.11.20-07.11.43:622][  0]LogConfig: Setting CVar [[r.FastBlurThreshold:100]]
[2020.11.20-07.11.43:622][  0]LogConfig: Setting CVar [[r.Upscale.Quality:3]]
[2020.11.20-07.11.43:622][  0]LogConfig: Setting CVar [[r.Tonemapper.GrainQuantization:1]]
[2020.11.20-07.11.43:622][  0]LogConfig: Setting CVar [[r.LightShaftQuality:1]]
[2020.11.20-07.11.43:622][  0]LogConfig: Setting CVar [[r.Filter.SizeScale:1]]
[2020.11.20-07.11.43:622][  0]LogConfig: Setting CVar [[r.Tonemapper.Quality:5]]
[2020.11.20-07.11.43:622][  0]LogConfig: Setting CVar [[r.DOF.Gather.AccumulatorQuality:1        ; higher gathering accumulator quality]]
[2020.11.20-07.11.43:622][  0]LogConfig: Setting CVar [[r.DOF.Gather.PostfilterMethod:1          ; Median3x3 postfilering method]]
[2020.11.20-07.11.43:622][  0]LogConfig: Setting CVar [[r.DOF.Gather.EnableBokehSettings:0       ; no bokeh simulation when gathering]]
[2020.11.20-07.11.43:622][  0]LogConfig: Setting CVar [[r.DOF.Gather.RingCount:4                 ; medium number of samples when gathering]]
[2020.11.20-07.11.43:622][  0]LogConfig: Setting CVar [[r.DOF.Scatter.ForegroundCompositing:1    ; additive foreground scattering]]
[2020.11.20-07.11.43:622][  0]LogConfig: Setting CVar [[r.DOF.Scatter.BackgroundCompositing:2    ; additive background scattering]]
[2020.11.20-07.11.43:622][  0]LogConfig: Setting CVar [[r.DOF.Scatter.EnableBokehSettings:1      ; bokeh simulation when scattering]]
[2020.11.20-07.11.43:622][  0]LogConfig: Setting CVar [[r.DOF.Scatter.MaxSpriteRatio:0.1         ; only a maximum of 10% of scattered bokeh]]
[2020.11.20-07.11.43:622][  0]LogConfig: Setting CVar [[r.DOF.Recombine.Quality:1                ; cheap slight out of focus]]
[2020.11.20-07.11.43:622][  0]LogConfig: Setting CVar [[r.DOF.Recombine.EnableBokehSettings:0    ; no bokeh simulation on slight out of focus]]
[2020.11.20-07.11.43:622][  0]LogConfig: Setting CVar [[r.DOF.TemporalAAQuality:1                ; more stable temporal accumulation]]
[2020.11.20-07.11.43:622][  0]LogConfig: Setting CVar [[r.DOF.Kernel.MaxForegroundRadius:0.025]]
[2020.11.20-07.11.43:622][  0]LogConfig: Setting CVar [[r.DOF.Kernel.MaxBackgroundRadius:0.025]]
[2020.11.20-07.11.43:622][  0]LogConfig: Applying CVar settings from Section [TextureQuality@3] File [D:/Dinosaurios/Game/DinosauriosWarriors/Ancient_Warriors/Saved/Config/Windows/Scalability.ini]
[2020.11.20-07.11.43:622][  0]LogConfig: Setting CVar [[r.Streaming.MipBias:0]]
[2020.11.20-07.11.43:622][  0]LogConfig: Setting CVar [[r.Streaming.AmortizeCPUToGPUCopy:0]]
[2020.11.20-07.11.43:622][  0]LogConfig: Setting CVar [[r.Streaming.MaxNumTexturesToStreamPerFrame:0]]
[2020.11.20-07.11.43:622][  0]LogConfig: Setting CVar [[r.Streaming.Boost:1]]
[2020.11.20-07.11.43:622][  0]LogConfig: Setting CVar [[r.MaxAnisotropy:8]]
[2020.11.20-07.11.43:622][  0]LogConfig: Setting CVar [[r.VT.MaxAnisotropy:8]]
[2020.11.20-07.11.43:622][  0]LogConfig: Setting CVar [[r.Streaming.LimitPoolSizeToVRAM:0]]
[2020.11.20-07.11.43:622][  0]LogConfig: Setting CVar [[r.Streaming.PoolSize:1000]]
[2020.11.20-07.11.43:622][  0]LogConfig: Setting CVar [[r.Streaming.MaxEffectiveScreenSize:0]]
[2020.11.20-07.11.43:622][  0]LogConfig: Applying CVar settings from Section [EffectsQuality@3] File [D:/Dinosaurios/Game/DinosauriosWarriors/Ancient_Warriors/Saved/Config/Windows/Scalability.ini]
[2020.11.20-07.11.43:622][  0]LogConfig: Setting CVar [[r.TranslucencyLightingVolumeDim:64]]
[2020.11.20-07.11.43:622][  0]LogConfig: Setting CVar [[r.RefractionQuality:2]]
[2020.11.20-07.11.43:622][  0]LogConfig: Setting CVar [[r.SSR.Quality:3]]
[2020.11.20-07.11.43:622][  0]LogConfig: Setting CVar [[r.SSR.HalfResSceneColor:0]]
[2020.11.20-07.11.43:622][  0]LogConfig: Setting CVar [[r.SceneColorFormat:4]]
[2020.11.20-07.11.43:622][  0]LogConfig: Setting CVar [[r.DetailMode:2]]
[2020.11.20-07.11.43:622][  0]LogConfig: Setting CVar [[r.TranslucencyVolumeBlur:1]]
[2020.11.20-07.11.43:622][  0]LogConfig: Setting CVar [[r.MaterialQualityLevel:1 ; High quality]]
[2020.11.20-07.11.43:622][  0]LogConfig: Setting CVar [[r.SSS.Scale:1]]
[2020.11.20-07.11.43:622][  0]LogConfig: Setting CVar [[r.SSS.SampleSet:2]]
[2020.11.20-07.11.43:622][  0]LogConfig: Setting CVar [[r.SSS.Quality:1]]
[2020.11.20-07.11.43:622][  0]LogConfig: Setting CVar [[r.SSS.HalfRes:0]]
[2020.11.20-07.11.43:622][  0]LogConfig: Setting CVar [[r.SSGI.Quality:3]]
[2020.11.20-07.11.43:622][  0]LogConfig: Setting CVar [[r.EmitterSpawnRateScale:1.0]]
[2020.11.20-07.11.43:622][  0]LogConfig: Setting CVar [[r.ParticleLightQuality:2]]
[2020.11.20-07.11.43:622][  0]LogConfig: Setting CVar [[r.SkyAtmosphere.AerialPerspectiveLUT.FastApplyOnOpaque:1 ; Always have FastSkyLUT 1 in this case to avoid wrong sky]]
[2020.11.20-07.11.43:622][  0]LogConfig: Setting CVar [[r.SkyAtmosphere.AerialPerspectiveLUT.SampleCountPerSlice:1]]
[2020.11.20-07.11.43:622][  0]LogConfig: Setting CVar [[r.SkyAtmosphere.AerialPerspectiveLUT.DepthResolution:16.0]]
[2020.11.20-07.11.43:622][  0]LogConfig: Setting CVar [[r.SkyAtmosphere.FastSkyLUT:1]]
[2020.11.20-07.11.43:622][  0]LogConfig: Setting CVar [[r.SkyAtmosphere.FastSkyLUT.SampleCountMin:4.0]]
[2020.11.20-07.11.43:622][  0]LogConfig: Setting CVar [[r.SkyAtmosphere.FastSkyLUT.SampleCountMax:32.0]]
[2020.11.20-07.11.43:622][  0]LogConfig: Setting CVar [[r.SkyAtmosphere.SampleCountMin:4.0]]
[2020.11.20-07.11.43:622][  0]LogConfig: Setting CVar [[r.SkyAtmosphere.SampleCountMax:32.0]]
[2020.11.20-07.11.43:622][  0]LogConfig: Setting CVar [[r.SkyAtmosphere.TransmittanceLUT.UseSmallFormat:0]]
[2020.11.20-07.11.43:622][  0]LogConfig: Setting CVar [[r.SkyAtmosphere.TransmittanceLUT.SampleCount:10.0]]
[2020.11.20-07.11.43:622][  0]LogConfig: Setting CVar [[r.SkyAtmosphere.MultiScatteringLUT.SampleCount:15.0]]
[2020.11.20-07.11.43:622][  0]LogConfig: Applying CVar settings from Section [FoliageQuality@3] File [D:/Dinosaurios/Game/DinosauriosWarriors/Ancient_Warriors/Saved/Config/Windows/Scalability.ini]
[2020.11.20-07.11.43:622][  0]LogConfig: Setting CVar [[foliage.DensityScale:1.0]]
[2020.11.20-07.11.43:622][  0]LogConfig: Setting CVar [[grass.DensityScale:1.0]]
[2020.11.20-07.11.43:622][  0]LogConfig: Applying CVar settings from Section [ShadingQuality@3] File [D:/Dinosaurios/Game/DinosauriosWarriors/Ancient_Warriors/Saved/Config/Windows/Scalability.ini]
[2020.11.20-07.11.43:622][  0]LogConfig: Setting CVar [[r.HairStrands.SkyLighting.SampleCount:16]]
[2020.11.20-07.11.43:622][  0]LogConfig: Setting CVar [[r.HairStrands.SkyLighting.JitterIntegration:0]]
[2020.11.20-07.11.43:622][  0]LogConfig: Setting CVar [[r.HairStrands.SkyAO.SampleCount:16]]
[2020.11.20-07.11.43:622][  0]LogConfig: Setting CVar [[r.HairStrands.DeepShadow.SuperSampling:0]]
[2020.11.20-07.11.43:622][  0]LogConfig: Setting CVar [[r.HairStrands.VisibilityPPLL:0]]
[2020.11.20-07.11.43:622][  0]LogConfig: Setting CVar [[r.HairStrands.RasterizationScale:0.5]]
[2020.11.20-07.11.43:622][  0]LogConfig: Setting CVar [[r.HairStrands.VelocityRasterizationScale:1]]
[2020.11.20-07.11.43:622][  0]LogConfig: Applying CVar settings from Section [Startup] File [../../../Engine/Config/ConsoleVariables.ini]
[2020.11.20-07.11.43:623][  0]LogConfig: Setting CVar [[net.UseAdaptiveNetUpdateFrequency:0]]
[2020.11.20-07.11.43:623][  0]LogConfig: Setting CVar [[p.chaos.AllowCreatePhysxBodies:1]]
[2020.11.20-07.11.43:623][  0]LogConfig: Setting CVar [[fx.SkipVectorVMBackendOptimizations:1]]
[2020.11.20-07.11.43:623][  0]LogConfig: Applying CVar settings from Section [ConsoleVariables] File [D:/Dinosaurios/Game/DinosauriosWarriors/Ancient_Warriors/Saved/Config/Windows/Engine.ini]
[2020.11.20-07.11.43:623][  0]LogInit: Computer: DIT0190ES
[2020.11.20-07.11.43:623][  0]LogInit: User: gorkaunanue
[2020.11.20-07.11.43:623][  0]LogInit: CPU Page size=4096, Cores=4
[2020.11.20-07.11.43:623][  0]LogInit: High frequency timer resolution =10.000000 MHz
[2020.11.20-07.11.43:623][  0]LogMemory: Memory total: Physical=15.9GB (16GB approx)
[2020.11.20-07.11.43:623][  0]LogMemory: Platform Memory Stats for Windows
[2020.11.20-07.11.43:623][  0]LogMemory: Process Physical Memory: 115.57 MB used, 115.57 MB peak
[2020.11.20-07.11.43:623][  0]LogMemory: Process Virtual Memory: 98.09 MB used, 98.09 MB peak
[2020.11.20-07.11.43:623][  0]LogMemory: Physical Memory: 6338.91 MB used,  9924.30 MB free, 16263.21 MB total
[2020.11.20-07.11.43:623][  0]LogMemory: Virtual Memory: 5145.22 MB used,  134212584.00 MB free, 134217728.00 MB total
[2020.11.20-07.11.43:628][  0]LogWindows: WindowsPlatformFeatures enabled
[2020.11.20-07.11.43:652][  0]LogInit: Physics initialised using underlying interface: PhysX
[2020.11.20-07.11.43:652][  0]LogInit: Using OS detected language (en-US).
[2020.11.20-07.11.43:652][  0]LogInit: Using OS detected locale (es-ES).
[2020.11.20-07.11.43:658][  0]LogTextLocalizationManager: No specific localization for 'en-US' exists, so the 'en' localization will be used.
[2020.11.20-07.11.43:826][  0]LogInit: Setting process to per monitor DPI aware
[2020.11.20-07.11.43:852][  0]LogSlate: New Slate User Created.  User Index 0, Is Virtual User: 0
[2020.11.20-07.11.43:852][  0]LogSlate: Slate User Registered.  User Index 0, Is Virtual User: 0
[2020.11.20-07.11.43:970][  0]LogHMD: Failed to initialize OpenVR with code 110
[2020.11.20-07.11.43:970][  0]LogD3D11RHI: D3D11 min allowed feature level: 11_0
[2020.11.20-07.11.43:970][  0]LogD3D11RHI: D3D11 max allowed feature level: 11_0
[2020.11.20-07.11.43:970][  0]LogD3D11RHI: D3D11 adapters:
[2020.11.20-07.11.44:014][  0]LogD3D11RHI:    0. 'NVIDIA GeForce GTX 1050' (Feature Level 11_0)
[2020.11.20-07.11.44:014][  0]LogD3D11RHI:       1977/0/8131 MB DedicatedVideo/DedicatedSystem/SharedSystem, Outputs:2, VendorId:0x10de
[2020.11.20-07.11.44:031][  0]LogD3D11RHI:    1. 'Intel(R) HD Graphics 630' (Feature Level 11_0)
[2020.11.20-07.11.44:031][  0]LogD3D11RHI:       128/0/8131 MB DedicatedVideo/DedicatedSystem/SharedSystem, Outputs:0, VendorId:0x8086
[2020.11.20-07.11.44:035][  0]LogD3D11RHI:    2. 'Microsoft Basic Render Driver' (Feature Level 11_0)
[2020.11.20-07.11.44:035][  0]LogD3D11RHI:       0/0/8131 MB DedicatedVideo/DedicatedSystem/SharedSystem, Outputs:0, VendorId:0x1414
[2020.11.20-07.11.44:035][  0]LogD3D11RHI: Chosen D3D11 Adapter: 0
[2020.11.20-07.11.44:044][  0]LogD3D11RHI: Creating new Direct3DDevice
[2020.11.20-07.11.44:044][  0]LogD3D11RHI:     GPU DeviceId: 0x1c81 (for the marketing name, search the web for "GPU Device Id")
[2020.11.20-07.11.44:044][  0]LogWindows: EnumDisplayDevices:
[2020.11.20-07.11.44:044][  0]LogWindows:    0. 'NVIDIA GeForce GTX 1050' (P:0 D:1)
[2020.11.20-07.11.44:045][  0]LogWindows:    1. 'NVIDIA GeForce GTX 1050' (P:0 D:0)
[2020.11.20-07.11.44:045][  0]LogWindows:    2. 'NVIDIA GeForce GTX 1050' (P:1 D:1)
[2020.11.20-07.11.44:046][  0]LogWindows:    3. 'NVIDIA GeForce GTX 1050' (P:0 D:0)
[2020.11.20-07.11.44:046][  0]LogWindows:    4. 'Intel(R) HD Graphics 630' (P:0 D:0)
[2020.11.20-07.11.44:046][  0]LogWindows:    5. 'Intel(R) HD Graphics 630' (P:0 D:0)
[2020.11.20-07.11.44:047][  0]LogWindows:    6. 'Intel(R) HD Graphics 630' (P:0 D:0)
[2020.11.20-07.11.44:047][  0]LogWindows: DebugString: PrimaryIsNotTheChoosenAdapter PrimaryIsNotTheChoosenAdapter PrimaryIsNotTheChoosenAdapter FoundDriverCount:4 
[2020.11.20-07.11.44:047][  0]LogD3D11RHI:     Adapter Name: NVIDIA GeForce GTX 1050
[2020.11.20-07.11.44:047][  0]LogD3D11RHI:   Driver Version: 390.77 (internal:23.21.13.9077, unified:390.77)
[2020.11.20-07.11.44:047][  0]LogD3D11RHI:      Driver Date: 1-23-2018
[2020.11.20-07.11.44:047][  0]LogRHI: Texture pool is 1384 MB (70% of 1977 MB)
[2020.11.20-07.11.44:084][  0]LogD3D11RHI: RHI has support for 64 bit atomics
[2020.11.20-07.11.44:086][  0]LogD3D11RHI: [Aftermath] Enabled and primed
[2020.11.20-07.11.44:086][  0]LogD3D11RHI: Async texture creation enabled
[2020.11.20-07.11.44:086][  0]LogD3D11RHI: Array index from any shader is supported
[2020.11.20-07.11.44:204][  0]LogD3D11RHI: GPU Timing Frequency: 1000.000000 (Debug: 2 2)
[2020.11.20-07.11.44:489][  0]LogTargetPlatformManager: Display: Loaded TargetPlatform 'AllDesktop'
[2020.11.20-07.11.44:507][  0]LogTargetPlatformManager: Display: Loaded TargetPlatform 'Android'
[2020.11.20-07.11.44:507][  0]LogTargetPlatformManager: Display: Loaded TargetPlatform 'Android_ASTC'
[2020.11.20-07.11.44:507][  0]LogTargetPlatformManager: Display: Loaded TargetPlatform 'Android_DXT'
[2020.11.20-07.11.44:507][  0]LogTargetPlatformManager: Display: Loaded TargetPlatform 'Android_ETC2'
[2020.11.20-07.11.44:507][  0]LogTargetPlatformManager: Display: Loaded TargetPlatform 'AndroidClient'
[2020.11.20-07.11.44:507][  0]LogTargetPlatformManager: Display: Loaded TargetPlatform 'Android_ASTCClient'
[2020.11.20-07.11.44:507][  0]LogTargetPlatformManager: Display: Loaded TargetPlatform 'Android_DXTClient'
[2020.11.20-07.11.44:507][  0]LogTargetPlatformManager: Display: Loaded TargetPlatform 'Android_ETC2Client'
[2020.11.20-07.11.44:507][  0]LogTargetPlatformManager: Display: Loaded TargetPlatform 'Android_Multi'
[2020.11.20-07.11.44:507][  0]LogTargetPlatformManager: Display: Loaded TargetPlatform 'Android_MultiClient'
[2020.11.20-07.11.44:526][  0]LogTargetPlatformManager: Display: Loaded TargetPlatform 'IOSClient'
[2020.11.20-07.11.44:526][  0]LogTargetPlatformManager: Display: Loaded TargetPlatform 'IOS'
[2020.11.20-07.11.44:535][  0]LogTargetPlatformManager: Display: Loaded TargetPlatform 'Linux'
[2020.11.20-07.11.44:542][  0]LogTargetPlatformManager: Display: Loaded TargetPlatform 'LinuxNoEditor'
[2020.11.20-07.11.44:550][  0]LogTargetPlatformManager: Display: Loaded TargetPlatform 'LinuxClient'
[2020.11.20-07.11.44:557][  0]LogTargetPlatformManager: Display: Loaded TargetPlatform 'LinuxServer'
[2020.11.20-07.11.44:565][  0]LogTargetPlatformManager: Display: Loaded TargetPlatform 'LinuxAArch64NoEditor'
[2020.11.20-07.11.44:572][  0]LogTargetPlatformManager: Display: Loaded TargetPlatform 'LinuxAArch64Client'
[2020.11.20-07.11.44:580][  0]LogTargetPlatformManager: Display: Loaded TargetPlatform 'LinuxAArch64Server'
[2020.11.20-07.11.44:601][  0]LogTargetPlatformManager: Display: Loaded TargetPlatform 'Lumin'
[2020.11.20-07.11.44:601][  0]LogTargetPlatformManager: Display: Loaded TargetPlatform 'LuminClient'
[2020.11.20-07.11.44:614][  0]LogTargetPlatformManager: Display: Loaded TargetPlatform 'TVOSClient'
[2020.11.20-07.11.44:614][  0]LogTargetPlatformManager: Display: Loaded TargetPlatform 'TVOS'
[2020.11.20-07.11.44:622][  0]LogTargetPlatformManager: Display: Loaded TargetPlatform 'WindowsNoEditor'
[2020.11.20-07.11.44:631][  0]LogTargetPlatformManager: Display: Loaded TargetPlatform 'Windows'
[2020.11.20-07.11.44:637][  0]LogTargetPlatformManager: Display: Loaded TargetPlatform 'WindowsClient'
[2020.11.20-07.11.44:645][  0]LogTargetPlatformManager: Display: Loaded TargetPlatform 'WindowsServer'
[2020.11.20-07.11.44:645][  0]LogTargetPlatformManager: Display: Building Assets For Windows
[2020.11.20-07.11.44:651][  0]LogAudioDebug: Display: Lib vorbis DLL was dynamically loaded.
[2020.11.20-07.11.44:703][  0]LogShaderCompilers: Guid format shader working directory is -4 characters bigger than the processId version (D:/Dinosaurios/Game/DinosauriosWarriors/Ancient_Warriors/Intermediate/Shaders/WorkingDirectory/14052/).
[2020.11.20-07.11.44:703][  0]LogShaderCompilers: Cleaned the shader compiler working directory 'C:/Users/gorka.unanue/AppData/Local/Temp/UnrealShaderWorkingDir/CCE5D55B443EEFF855EF5FA5EF5B830B/'.
[2020.11.20-07.11.44:703][  0]LogXGEController: Cannot use XGE Controller as Incredibuild is not installed on this machine.
[2020.11.20-07.11.44:703][  0]LogShaderCompilers: Cannot use XGE Shader Compiler as Incredibuild is not installed on this machine.
[2020.11.20-07.11.44:704][  0]LogShaderCompilers: Display: Using Local Shader Compiler.
[2020.11.20-07.11.45:385][  0]LogDerivedDataCache: Display: Max Cache Size: 512 MB
[2020.11.20-07.11.45:436][  0]LogDerivedDataCache: Loaded boot cache 0.05s 77MB C:/Users/gorka.unanue/AppData/Local/UnrealEngine/4.25/DerivedDataCache/Boot.ddc.
[2020.11.20-07.11.45:436][  0]LogDerivedDataCache: Display: Loaded Boot cache: C:/Users/gorka.unanue/AppData/Local/UnrealEngine/4.25/DerivedDataCache/Boot.ddc
[2020.11.20-07.11.45:443][  0]LogDerivedDataCache: FDerivedDataBackendGraph:  Pak pak cache file D:/Dinosaurios/Game/DinosauriosWarriors/Ancient_Warriors/DerivedDataCache/DDC.ddp not found, will not use a pak cache.
[2020.11.20-07.11.45:443][  0]LogDerivedDataCache: Unable to find inner node Pak for hierarchical cache Hierarchy.
[2020.11.20-07.11.45:443][  0]LogDerivedDataCache: FDerivedDataBackendGraph:  CompressedPak pak cache file D:/Dinosaurios/Game/DinosauriosWarriors/Ancient_Warriors/DerivedDataCache/Compressed.ddp not found, will not use a pak cache.
[2020.11.20-07.11.45:443][  0]LogDerivedDataCache: Unable to find inner node CompressedPak for hierarchical cache Hierarchy.
[2020.11.20-07.11.45:452][  0]LogDerivedDataCache: Display: Pak cache opened for reading ../../../Engine/DerivedDataCache/Compressed.ddp.
[2020.11.20-07.11.45:452][  0]LogDerivedDataCache: FDerivedDataBackendGraph:  EnterprisePak pak cache file ../../../Enterprise/DerivedDataCache/Compressed.ddp not found, will not use a pak cache.
[2020.11.20-07.11.45:452][  0]LogDerivedDataCache: Unable to find inner node EnterprisePak for hierarchical cache Hierarchy.
[2020.11.20-07.11.45:453][  0]LogDerivedDataCache: Using Local data cache path C:/Users/gorka.unanue/AppData/Local/UnrealEngine/Common/DerivedDataCache: Writable
[2020.11.20-07.11.45:453][  0]LogDerivedDataCache: Shared data cache path not found in *engine.ini, will not use an Shared cache.
[2020.11.20-07.11.45:453][  0]LogDerivedDataCache: Unable to find inner node Shared for hierarchical cache Hierarchy.
[2020.11.20-07.11.45:497][  0]LogSlate: Using FreeType 2.10.0
[2020.11.20-07.11.45:497][  0]LogSlate: SlateFontServices - WITH_FREETYPE: 1, WITH_HARFBUZZ: 1
[2020.11.20-07.11.45:522][  0]LogAssetRegistry: FAssetRegistry took 0.0020 seconds to start up
[2020.11.20-07.11.45:709][  0]LogInit: Selected Device Profile: [Windows]
[2020.11.20-07.11.45:866][  0]LogMeshReduction: Using QuadricMeshReduction for automatic static mesh reduction
[2020.11.20-07.11.45:866][  0]LogMeshReduction: Using SimplygonMeshReduction for automatic skeletal mesh reduction
[2020.11.20-07.11.45:866][  0]LogMeshReduction: Using ProxyLODMeshReduction for automatic mesh merging
[2020.11.20-07.11.45:866][  0]LogMeshReduction: No distributed automatic mesh merging module available
[2020.11.20-07.11.45:866][  0]LogMeshMerging: No distributed automatic mesh merging module available
[2020.11.20-07.11.46:137][  0]LogNetVersion: Ancient_Warriors 1.0.0, NetCL: 13144385, EngineNetVer: 14, GameNetVer: 0 (Checksum: 3363560290)
[2020.11.20-07.11.48:155][  0]LogAISub: UAISubsystem::UAISubsystem AISubsystem (00000237E30A2880), frame # 0
[2020.11.20-07.11.48:155][  0]LogAISub: UAISubsystem::UAISubsystem AIPerceptionSystem (00000237E675C7C0), frame # 0
[2020.11.20-07.11.48:156][  0]LogAISub: UAISubsystem::UAISubsystem EnvQueryManager (00000237E6781A00), frame # 0
[2020.11.20-07.11.48:388][  0]LogPackageLocalizationCache: Processed 20 localized package path(s) for 1 prioritized culture(s) in 0.226519 seconds
[2020.11.20-07.11.48:392][  0]LogUObjectArray: 15913 objects as part of root set at end of initial load.
[2020.11.20-07.11.48:392][  0]LogUObjectAllocator: 3964304 out of 0 bytes used by permanent object pool.
[2020.11.20-07.11.48:392][  0]LogUObjectArray: CloseDisregardForGC: 0/0 objects in disregard for GC pool
[2020.11.20-07.11.48:680][  0]LogTcpMessaging: Initializing TcpMessaging bridge
[2020.11.20-07.11.48:683][  0]LogUdpMessaging: Initializing bridge on interface 0.0.0.0:0 to multicast group 230.0.0.1:6666.
[2020.11.20-07.11.49:797][  0]SourceControl: Source control is disabled
[2020.11.20-07.11.49:797][  0]SourceControl: Source control is disabled
[2020.11.20-07.11.49:799][  0]SourceControl: Source control is disabled
[2020.11.20-07.11.49:801][  0]SourceControl: Source control is disabled
[2020.11.20-07.11.49:806][  0]SourceControl: Source control is disabled
[2020.11.20-07.11.50:258][  0]LogTemp: Warning: You are using an old version of the Houdini plugin! Please visit https://github.com/sideeffects/HoudiniNiagara to get the newest version.
[2020.11.20-07.11.50:653][  0]LogAndroidPermission: UAndroidPermissionCallbackProxy::GetInstance
[2020.11.20-07.11.50:668][  0]LogAudioCaptureCore: Display: No Audio Capture implementations found. Audio input will be silent.
[2020.11.20-07.11.50:668][  0]LogAudioCaptureCore: Display: No Audio Capture implementations found. Audio input will be silent.
[2020.11.20-07.11.50:707][  0]LogOcInput: OculusInput pre-init called
[2020.11.20-07.11.50:717][  0]LogWindows: Failed to load 'OVRPlugin.dll' (GetLastError=126)
[2020.11.20-07.11.50:717][  0]LogWindows: File 'OVRPlugin.dll' does not exist
[2020.11.20-07.11.50:766][  0]LogEngine: Initializing Engine...
[2020.11.20-07.11.50:767][  0]LogHMD: Failed to initialize OpenVR with code 110
[2020.11.20-07.11.50:767][  0]LogMagicLeap: Warning: VR disabled because ZI is not enabled.  To enable, in the editor, Edit -> Project Settings -> Plugins -> Magic Leap Plugin -> Enable Zero Iteration
[2020.11.20-07.11.50:768][  0]LogStats: UGameplayTagsManager::InitializeManager -  0.000 s
[2020.11.20-07.11.50:900][  0]LogInit: Initializing FReadOnlyCVARCache
[2020.11.20-07.11.50:960][  0]LogAIModule: Creating AISystem for world Untitled
[2020.11.20-07.11.50:961][  0]LogAISub: UAISubsystem::UAISubsystem EnvQueryManager (00000237E9B43C00), frame # 0
[2020.11.20-07.11.50:961][  0]LogAISub: UAISubsystem::UAISubsystem AIPerceptionSystem (00000237E9B3FB00), frame # 0
[2020.11.20-07.11.50:965][  0]LogAudioMixer: Display: Audio Mixer Platform Settings:
[2020.11.20-07.11.50:965][  0]LogAudioMixer: Display: 	Sample Rate:						  48000
[2020.11.20-07.11.50:965][  0]LogAudioMixer: Display: 	Callback Buffer Frame Size Requested: 1024
[2020.11.20-07.11.50:965][  0]LogAudioMixer: Display: 	Callback Buffer Frame Size To Use:	  1024
[2020.11.20-07.11.50:965][  0]LogAudioMixer: Display: 	Number of buffers to queue:			  2
[2020.11.20-07.11.50:965][  0]LogAudioMixer: Display: 	Max Channels (voices):				  32
[2020.11.20-07.11.50:965][  0]LogAudioMixer: Display: 	Number of Async Source Workers:		  0
[2020.11.20-07.11.50:965][  0]LogAudio: Display: AudioDevice MaxSources: 32
[2020.11.20-07.11.50:965][  0]LogAudio: Display: Using built-in audio occlusion.
[2020.11.20-07.11.50:965][  0]LogAudioMixer: Display: Initializing audio mixer.
[2020.11.20-07.11.50:998][  0]LogAudioMixer: Display: 0: FrontLeft
[2020.11.20-07.11.50:998][  0]LogAudioMixer: Display: 1: FrontRight
[2020.11.20-07.11.51:068][  0]LogAudioMixer: Display: Using Audio Device LG FULL HD (NVIDIA High Definition Audio)
[2020.11.20-07.11.51:071][  0]LogAudioMixer: Display: Initializing Sound Submixes...
[2020.11.20-07.11.51:072][  0]LogAudioMixer: Display: Creating Master Submix 'MasterSubmixDefault'
[2020.11.20-07.11.51:072][  0]LogAudioMixer: Display: Creating Master Submix 'MasterReverbSubmixDefault'
[2020.11.20-07.11.51:073][  0]LogAudioMixer: Display: Creating Master Submix 'MasterEQSubmixDefault'
[2020.11.20-07.11.51:074][  0]LogInit: FAudioDevice initialized.
[2020.11.20-07.11.51:074][  0]LogNetVersion: Set ProjectVersion to 1.0.0.0. Version Checksum will be recalculated on next use.
[2020.11.20-07.11.52:313][  0]LogDerivedDataCache: Saved boot cache 1.24s 77MB C:/Users/gorka.unanue/AppData/Local/UnrealEngine/4.25/DerivedDataCache/Boot.ddc.
[2020.11.20-07.11.52:313][  0]LogInit: Texture streaming: Enabled
[2020.11.20-07.11.52:325][  0]LogEngineSessionManager: EngineSessionManager initialized
[2020.11.20-07.11.52:325][  0]LogEditorSessionSummary: Verbose: Initializing EditorSessionSummaryWriter for editor session tracking
[2020.11.20-07.11.52:327][  0]LogEditorSessionSummary: EditorSessionSummaryWriter initialized
[2020.11.20-07.11.52:418][  0]LogInit: Transaction tracking system initialized
[2020.11.20-07.11.52:435][  0]BlueprintLog: New page: Editor Load
[2020.11.20-07.11.52:490][  0]LocalizationService: Localization service is disabled
[2020.11.20-07.11.52:876][  0]LogCook: Display: Max memory allowance for cook 16384mb min free memory 0mb
[2020.11.20-07.11.52:876][  0]LogCook: Display: Mobile HDR setting 1
[2020.11.20-07.11.53:496][  0]LogFileCache: Scanning file cache for directory 'D:/Dinosaurios/Game/DinosauriosWarriors/Ancient_Warriors/Content/' took 0.01s
[2020.11.20-07.11.53:699][  0]SourceControl: Source control is disabled
[2020.11.20-07.11.53:699][  0]LogUnrealEdMisc: Loading editor; pre map load, took 12.887
[2020.11.20-07.11.53:699][  0]Cmd: MAP LOAD FILE="D:/Dinosaurios/Game/DinosauriosWarriors/Ancient_Warriors/Content/ThirdPersonBP/Maps/Stage_1_Plain_1.umap" TEMPLATE=0 SHOWPROGRESS=1 FEATURELEVEL=3
[2020.11.20-07.11.53:778][  0]LightingResults: New page: Lighting Build
[2020.11.20-07.11.53:779][  0]LogWorld: UWorld::CleanupWorld for Untitled, bSessionEnded=true, bCleanupResources=true
[2020.11.20-07.11.53:779][  0]LogSlate: InvalidateAllWidgets triggered.  All widgets were invalidated
[2020.11.20-07.11.53:779][  0]MapCheck: New page: Map Check
[2020.11.20-07.11.53:779][  0]LightingResults: New page: Lighting Build
[2020.11.20-07.11.53:896][  0]LogAISub: UAISubsystem::~UAISubsystem EnvQueryManager (00000237E9B43C00), frame # 0
[2020.11.20-07.11.53:896][  0]LogAISub: UAISubsystem::~UAISubsystem AIPerceptionSystem (00000237E9B3FB00), frame # 0
[2020.11.20-07.11.53:897][  0]LogUObjectHash: Compacting FUObjectHashTables data took   0.70ms
[2020.11.20-07.11.59:341][  0]LogBlueprint: Warning: [Compiler Cataw_EM_Skeleton_AnimBlueprint] Walk to Hit With Weapon  will never be taken, please connect something to  Can Enter Transition
[2020.11.20-07.11.59:341][  0]LogBlueprint: Warning: [Compiler Cataw_EM_Skeleton_AnimBlueprint] Idle to Hit With Weapon  will never be taken, please connect something to  Can Enter Transition
[2020.11.20-07.11.59:342][  0]LogBlueprint: Warning: [Compiler Cataw_EM_Skeleton_AnimBlueprint] Walk to Throw a Weapon  will never be taken, please connect something to  Can Enter Transition
[2020.11.20-07.11.59:342][  0]LogBlueprint: Warning: [Compiler Cataw_EM_Skeleton_AnimBlueprint] Idle to Throw a Weapon  will never be taken, please connect something to  Can Enter Transition
[2020.11.20-07.11.59:512][  0]LogBlueprint: Warning: [Compiler CatawCharacter] No delegate property found for  CharacterPosition
[2020.11.20-07.12.41:501][  0]LogAIModule: Creating AISystem for world Stage_1_Plain_1
[2020.11.20-07.12.41:501][  0]LogAISub: UAISubsystem::UAISubsystem EnvQueryManager (00000237F3994A00), frame # 0
[2020.11.20-07.12.41:501][  0]LogAISub: UAISubsystem::UAISubsystem AIPerceptionSystem (00000237F373A480), frame # 0
[2020.11.20-07.12.48:408][  0]LogEditorServer: Finished looking for orphan Actors (0.000 secs)
[2020.11.20-07.12.48:461][  0]LogUObjectHash: Compacting FUObjectHashTables data took   1.15ms
[2020.11.20-07.12.48:462][  0]Cmd: MAP CHECKDEP NOCLEARLOG
[2020.11.20-07.12.48:462][  0]MapCheck: Map check complete: 0 Error(s), 0 Warning(s), took 0,109ms to complete.
[2020.11.20-07.12.48:462][  0]LogFileHelpers: Loading map 'Stage_1_Plain_1' took 54.762
[2020.11.20-07.12.48:702][  0]LogUnrealEdMisc: Total Editor Startup Time, took 67.890
[2020.11.20-07.12.49:555][  0]LogSlate: Updating window title bar state: overlay mode, drag disabled, window buttons hidden, title bar hidden
[2020.11.20-07.12.49:568][  0]LogSlate: Updating window title bar state: overlay mode, drag disabled, window buttons hidden, title bar hidden
[2020.11.20-07.12.49:576][  0]LogSlate: Updating window title bar state: overlay mode, drag disabled, window buttons hidden, title bar hidden
[2020.11.20-07.12.49:586][  0]LogSlate: Updating window title bar state: overlay mode, drag disabled, window buttons hidden, title bar hidden
[2020.11.20-07.12.49:706][  0]LogCollectionManager: Loaded 0 collections in 0.001790 seconds
[2020.11.20-07.12.50:106][  0]LogFileCache: Scanning file cache for directory 'D:/Dinosaurios/Game/DinosauriosWarriors/Ancient_Warriors/Saved/Collections/' took 0.00s
[2020.11.20-07.12.50:107][  0]LogFileCache: Scanning file cache for directory 'D:/Dinosaurios/Game/DinosauriosWarriors/Ancient_Warriors/Content/Developers/gorkaunanue/Collections/' took 0.00s
[2020.11.20-07.12.50:107][  0]LogFileCache: Scanning file cache for directory 'D:/Dinosaurios/Game/DinosauriosWarriors/Ancient_Warriors/Content/Collections/' took 0.00s
[2020.11.20-07.12.50:107][  0]LogContentBrowser: Native class hierarchy populated in 0.0150 seconds. Added 3439 classes and 832 folders.
[2020.11.20-07.12.50:300][  0]LogContentBrowser: Native class hierarchy updated for 'WidgetCarousel' in 0.0003 seconds. Added 0 classes and 0 folders.
[2020.11.20-07.12.55:983][  0]LogContentBrowser: Native class hierarchy updated for 'AddContentDialog' in 0.0003 seconds. Added 0 classes and 0 folders.
[2020.11.20-07.12.56:134][  0]LogContentBrowser: Native class hierarchy updated for 'SceneOutliner' in 0.0003 seconds. Added 2 classes and 0 folders.
[2020.11.20-07.12.58:630][  0]LogSlate: Took 0.000241 seconds to synchronously load lazily loaded font '../../../Engine/Content/Slate/Fonts/Roboto-Regular.ttf' (155K)
[2020.11.20-07.12.58:645][  0]LogSlate: Took 0.000148 seconds to synchronously load lazily loaded font '../../../Engine/Content/Slate/Fonts/Roboto-Bold.ttf' (160K)
[2020.11.20-07.12.58:746][  0]LogSlate: Took 0.015766 seconds to synchronously load lazily loaded font '../../../Engine/Content/Editor/Slate/Fonts/FontAwesome.ttf' (139K)
[2020.11.20-07.12.59:392][  0]LogRenderer: Reallocating scene render targets to support 1208x572 Format 10 NumSamples 1 (Frame:1).
[2020.11.20-07.13.00:384][  0]LogContentBrowser: Native class hierarchy updated for 'HierarchicalLODOutliner' in 0.0002 seconds. Added 0 classes and 0 folders.
[2020.11.20-07.13.00:384][  0]LogLoad: (Engine Initialization) Total time: 79.57 seconds
[2020.11.20-07.13.00:384][  0]LogLoad: (Engine Initialization) Total Blueprint compile time: 0.00 seconds
[2020.11.20-07.13.00:531][  0]LogContentStreaming: Texture pool size now 1000 MB
[2020.11.20-07.13.00:602][  0]LogSlate: Took 0.018417 seconds to synchronously load lazily loaded font '../../../Engine/Content/Slate/Fonts/Roboto-Light.ttf' (167K)
[2020.11.20-07.13.01:616][  5]LogSlate: Took 0.000134 seconds to synchronously load lazily loaded font '../../../Engine/Content/Slate/Fonts/Roboto-Light.ttf' (167K)
[2020.11.20-07.13.01:721][  8]LogAssetRegistry: Asset discovery search completed in 76.2001 seconds
[2020.11.20-07.13.01:724][  8]LogCollectionManager: Fixed up redirectors for 0 collections in 0.000002 seconds (updated 0 objects)
[2020.11.20-07.26.21:279][401]LogTemp: Repeating last play command: Selected Viewport
[2020.11.20-07.26.22:016][401]LogPlayLevel: PlayLevel: No blueprints needed recompiling
[2020.11.20-07.26.22:047][401]PIE: New page: PIE session: Stage_1_Plain_1 (20 nov. 2020 9:26:22)
[2020.11.20-07.26.22:061][401]LogOnline: OSS: Creating online subsystem instance for: NULL
[2020.11.20-07.26.22:073][401]LogOnline: OSS: TryLoadSubsystemAndSetDefault: Loaded subsystem for module [NULL]
[2020.11.20-07.26.22:073][401]LogPlayLevel: Creating play world package: /Game/ThirdPersonBP/Maps/UEDPIE_0_Stage_1_Plain_1
[2020.11.20-07.26.22:145][401]LogPlayLevel: PIE: StaticDuplicateObject took: (0.072749s)
[2020.11.20-07.26.22:147][401]LogAIModule: Creating AISystem for world Stage_1_Plain_1
[2020.11.20-07.26.22:147][401]LogAISub: UAISubsystem::UAISubsystem EnvQueryManager (000002380DD1FE00), frame # 2401
[2020.11.20-07.26.22:147][401]LogAISub: UAISubsystem::UAISubsystem AIPerceptionSystem (0000023784561A80), frame # 2401
[2020.11.20-07.26.22:147][401]LogPlayLevel: PIE: World Init took: (0.001863s)
[2020.11.20-07.26.22:147][401]LogPlayLevel: PIE: Created PIE world by copying editor world from /Game/ThirdPersonBP/Maps/Stage_1_Plain_1.Stage_1_Plain_1 to /Game/ThirdPersonBP/Maps/UEDPIE_0_Stage_1_Plain_1.Stage_1_Plain_1 (0.074835s)
[2020.11.20-07.26.22:158][401]LogUObjectHash: Compacting FUObjectHashTables data took   0.81ms
[2020.11.20-07.26.22:160][401]LogAudioMixer: Display: Audio Mixer Platform Settings:
[2020.11.20-07.26.22:160][401]LogAudioMixer: Display: 	Sample Rate:						  48000
[2020.11.20-07.26.22:160][401]LogAudioMixer: Display: 	Callback Buffer Frame Size Requested: 1024
[2020.11.20-07.26.22:160][401]LogAudioMixer: Display: 	Callback Buffer Frame Size To Use:	  1024
[2020.11.20-07.26.22:161][401]LogAudioMixer: Display: 	Number of buffers to queue:			  2
[2020.11.20-07.26.22:161][401]LogAudioMixer: Display: 	Max Channels (voices):				  32
[2020.11.20-07.26.22:161][401]LogAudioMixer: Display: 	Number of Async Source Workers:		  0
[2020.11.20-07.26.22:161][401]LogAudio: Display: AudioDevice MaxSources: 32
[2020.11.20-07.26.22:161][401]LogAudio: Display: Using built-in audio occlusion.
[2020.11.20-07.26.22:161][401]LogAudioMixer: Display: Initializing audio mixer.
[2020.11.20-07.26.22:166][401]LogAudioMixer: Display: 0: FrontLeft
[2020.11.20-07.26.22:166][401]LogAudioMixer: Display: 1: FrontRight
[2020.11.20-07.26.22:186][401]LogAudioMixer: Display: Using Audio Device LG FULL HD (NVIDIA High Definition Audio)
[2020.11.20-07.26.22:186][401]LogAudioMixer: Display: Initializing Sound Submixes...
[2020.11.20-07.26.22:186][401]LogAudioMixer: Display: Creating Master Submix 'MasterSubmixDefault'
[2020.11.20-07.26.22:186][401]LogAudioMixer: Display: Creating Master Submix 'MasterReverbSubmixDefault'
[2020.11.20-07.26.22:187][401]LogAudioMixer: Display: Creating Master Submix 'MasterEQSubmixDefault'
[2020.11.20-07.26.22:198][401]LogInit: FAudioDevice initialized.
[2020.11.20-07.26.22:204][401]LogLoad: Game class is 'BeatemupGameMode_C'
[2020.11.20-07.26.22:253][401]LogWorld: Bringing World /Game/ThirdPersonBP/Maps/UEDPIE_0_Stage_1_Plain_1.Stage_1_Plain_1 up for play (max tick rate 0) at 2020.11.20-08.26.22
[2020.11.20-07.26.22:254][401]LogWorld: Bringing up level for play took: 0.016625
[2020.11.20-07.26.22:254][401]LogOnline: OSS: Creating online subsystem instance for: :Context_2
[2020.11.20-07.26.22:305][401]LogSpawn: Warning: SpawnActor failed because no class was specified
[2020.11.20-07.26.22:320][401]LogContentBrowser: Native class hierarchy updated for 'MovieSceneCapture' in 0.0003 seconds. Added 20 classes and 0 folders.
[2020.11.20-07.26.22:364][401]LogPawn: Error: EnableInput can only be specified on a Pawn for its Controller
[2020.11.20-07.26.22:375][401]PIE: Server logged in
[2020.11.20-07.26.22:376][401]PIE: Play in editor total start time 0,369 seconds.
[2020.11.20-07.26.25:903][680]PIE: Warning: The widget 'Pause_Menu_C' was already added to the screen.
[2020.11.20-07.26.30:164][ 60]LogBlueprintUserMessages: [CatawCharacter_C_0] Right pressed
[2020.11.20-07.26.30:221][ 65]LogParticles: Warning: Particle Notify: Anim 'Cataw_Walk' tried to spawn infinitely looping particle system 'FootStepParticle'. Spawning suppressed.
[2020.11.20-07.26.30:232][ 66]LogParticles: Warning: Particle Notify: Anim 'Cataw_Walk' tried to spawn infinitely looping particle system 'FootStepParticle'. Spawning suppressed.
[2020.11.20-07.26.30:232][ 66]LogParticles: Warning: Particle Notify: Anim 'Cataw_Walk' tried to spawn infinitely looping particle system 'FootStepParticle'. Spawning suppressed.
[2020.11.20-07.26.30:618][ 99]LogParticles: Warning: Particle Notify: Anim 'Cataw_Walk' tried to spawn infinitely looping particle system 'FootStepParticle'. Spawning suppressed.
[2020.11.20-07.26.30:629][100]LogParticles: Warning: Particle Notify: Anim 'Cataw_Walk' tried to spawn infinitely looping particle system 'FootStepParticle'. Spawning suppressed.
[2020.11.20-07.26.30:629][100]LogParticles: Warning: Particle Notify: Anim 'Cataw_Walk' tried to spawn infinitely looping particle system 'FootStepParticle'. Spawning suppressed.
[2020.11.20-07.26.30:926][125]PIE: Warning: The widget 'Pause_Menu_C' was already added to the screen.
[2020.11.20-07.26.34:161][407]LogBlueprintUserMessages: [CatawCharacter_C_0] Right pressed
[2020.11.20-07.26.34:228][413]LogParticles: Warning: Particle Notify: Anim 'Cataw_Walk' tried to spawn infinitely looping particle system 'FootStepParticle'. Spawning suppressed.
[2020.11.20-07.26.34:239][414]LogParticles: Warning: Particle Notify: Anim 'Cataw_Walk' tried to spawn infinitely looping particle system 'FootStepParticle'. Spawning suppressed.
[2020.11.20-07.26.34:239][414]LogParticles: Warning: Particle Notify: Anim 'Cataw_Walk' tried to spawn infinitely looping particle system 'FootStepParticle'. Spawning suppressed.
[2020.11.20-07.26.34:620][447]LogParticles: Warning: Particle Notify: Anim 'Cataw_Walk' tried to spawn infinitely looping particle system 'FootStepParticle'. Spawning suppressed.
[2020.11.20-07.26.34:631][448]LogParticles: Warning: Particle Notify: Anim 'Cataw_Walk' tried to spawn infinitely looping particle system 'FootStepParticle'. Spawning suppressed.
[2020.11.20-07.26.34:631][448]LogParticles: Warning: Particle Notify: Anim 'Cataw_Walk' tried to spawn infinitely looping particle system 'FootStepParticle'. Spawning suppressed.
[2020.11.20-07.26.35:193][496]LogParticles: Warning: Particle Notify: Anim 'Cataw_Walk' tried to spawn infinitely looping particle system 'FootStepParticle'. Spawning suppressed.
[2020.11.20-07.26.35:205][497]LogParticles: Warning: Particle Notify: Anim 'Cataw_Walk' tried to spawn infinitely looping particle system 'FootStepParticle'. Spawning suppressed.
[2020.11.20-07.26.35:206][497]LogParticles: Warning: Particle Notify: Anim 'Cataw_Walk' tried to spawn infinitely looping particle system 'FootStepParticle'. Spawning suppressed.
[2020.11.20-07.26.35:228][499]PIE: Warning: The widget 'Pause_Menu_C' was already added to the screen.
[2020.11.20-07.26.37:261][675]LogBlueprintUserMessages: [CatawCharacter_C_0] Right pressed
[2020.11.20-07.26.37:321][680]LogParticles: Warning: Particle Notify: Anim 'Cataw_Walk' tried to spawn infinitely looping particle system 'FootStepParticle'. Spawning suppressed.
[2020.11.20-07.26.37:342][681]LogParticles: Warning: Particle Notify: Anim 'Cataw_Walk' tried to spawn infinitely looping particle system 'FootStepParticle'. Spawning suppressed.
[2020.11.20-07.26.37:342][681]LogParticles: Warning: Particle Notify: Anim 'Cataw_Walk' tried to spawn infinitely looping particle system 'FootStepParticle'. Spawning suppressed.
[2020.11.20-07.26.37:718][713]LogParticles: Warning: Particle Notify: Anim 'Cataw_Walk' tried to spawn infinitely looping particle system 'FootStepParticle'. Spawning suppressed.
[2020.11.20-07.26.37:729][714]LogParticles: Warning: Particle Notify: Anim 'Cataw_Walk' tried to spawn infinitely looping particle system 'FootStepParticle'. Spawning suppressed.
[2020.11.20-07.26.37:729][714]LogParticles: Warning: Particle Notify: Anim 'Cataw_Walk' tried to spawn infinitely looping particle system 'FootStepParticle'. Spawning suppressed.
[2020.11.20-07.26.38:287][760]LogParticles: Warning: Particle Notify: Anim 'Cataw_Walk' tried to spawn infinitely looping particle system 'FootStepParticle'. Spawning suppressed.
[2020.11.20-07.26.38:298][761]LogParticles: Warning: Particle Notify: Anim 'Cataw_Walk' tried to spawn infinitely looping particle system 'FootStepParticle'. Spawning suppressed.
[2020.11.20-07.26.38:298][761]LogParticles: Warning: Particle Notify: Anim 'Cataw_Walk' tried to spawn infinitely looping particle system 'FootStepParticle'. Spawning suppressed.
[2020.11.20-07.26.38:682][794]LogParticles: Warning: Particle Notify: Anim 'Cataw_Walk' tried to spawn infinitely looping particle system 'FootStepParticle'. Spawning suppressed.
[2020.11.20-07.26.38:693][795]LogParticles: Warning: Particle Notify: Anim 'Cataw_Walk' tried to spawn infinitely looping particle system 'FootStepParticle'. Spawning suppressed.
[2020.11.20-07.26.38:693][795]LogParticles: Warning: Particle Notify: Anim 'Cataw_Walk' tried to spawn infinitely looping particle system 'FootStepParticle'. Spawning suppressed.
[2020.11.20-07.26.38:777][802]PIE: Warning: The widget 'Pause_Menu_C' was already added to the screen.
[2020.11.20-07.26.40:389][942]LogBlueprintUserMessages: [CatawCharacter_C_0] Right pressed
[2020.11.20-07.26.40:457][948]LogParticles: Warning: Particle Notify: Anim 'Cataw_Walk' tried to spawn infinitely looping particle system 'FootStepParticle'. Spawning suppressed.
[2020.11.20-07.26.40:468][949]LogParticles: Warning: Particle Notify: Anim 'Cataw_Walk' tried to spawn infinitely looping particle system 'FootStepParticle'. Spawning suppressed.
[2020.11.20-07.26.40:469][949]LogParticles: Warning: Particle Notify: Anim 'Cataw_Walk' tried to spawn infinitely looping particle system 'FootStepParticle'. Spawning suppressed.
[2020.11.20-07.26.40:850][982]LogParticles: Warning: Particle Notify: Anim 'Cataw_Walk' tried to spawn infinitely looping particle system 'FootStepParticle'. Spawning suppressed.
[2020.11.20-07.26.40:863][983]LogParticles: Warning: Particle Notify: Anim 'Cataw_Walk' tried to spawn infinitely looping particle system 'FootStepParticle'. Spawning suppressed.
[2020.11.20-07.26.40:863][983]LogParticles: Warning: Particle Notify: Anim 'Cataw_Walk' tried to spawn infinitely looping particle system 'FootStepParticle'. Spawning suppressed.
[2020.11.20-07.26.41:425][ 31]LogParticles: Warning: Particle Notify: Anim 'Cataw_Walk' tried to spawn infinitely looping particle system 'FootStepParticle'. Spawning suppressed.
[2020.11.20-07.26.41:436][ 32]LogParticles: Warning: Particle Notify: Anim 'Cataw_Walk' tried to spawn infinitely looping particle system 'FootStepParticle'. Spawning suppressed.
[2020.11.20-07.26.41:437][ 32]LogParticles: Warning: Particle Notify: Anim 'Cataw_Walk' tried to spawn infinitely looping particle system 'FootStepParticle'. Spawning suppressed.
[2020.11.20-07.26.41:791][ 61]LogParticles: Warning: Particle Notify: Anim 'Cataw_Walk' tried to spawn infinitely looping particle system 'FootStepParticle'. Spawning suppressed.
[2020.11.20-07.26.41:815][ 63]LogParticles: Warning: Particle Notify: Anim 'Cataw_Walk' tried to spawn infinitely looping particle system 'FootStepParticle'. Spawning suppressed.
[2020.11.20-07.26.41:815][ 63]LogParticles: Warning: Particle Notify: Anim 'Cataw_Walk' tried to spawn infinitely looping particle system 'FootStepParticle'. Spawning suppressed.
[2020.11.20-07.26.42:192][ 96]LogParticles: Warning: Particle Notify: Anim 'Cataw_Walk' tried to spawn infinitely looping particle system 'FootStepParticle'. Spawning suppressed.
[2020.11.20-07.26.42:215][ 98]LogParticles: Warning: Particle Notify: Anim 'Cataw_Walk' tried to spawn infinitely looping particle system 'FootStepParticle'. Spawning suppressed.
[2020.11.20-07.26.42:215][ 98]LogParticles: Warning: Particle Notify: Anim 'Cataw_Walk' tried to spawn infinitely looping particle system 'FootStepParticle'. Spawning suppressed.
[2020.11.20-07.26.42:757][143]LogParticles: Warning: Particle Notify: Anim 'Cataw_Walk' tried to spawn infinitely looping particle system 'FootStepParticle'. Spawning suppressed.
[2020.11.20-07.26.42:781][145]LogParticles: Warning: Particle Notify: Anim 'Cataw_Walk' tried to spawn infinitely looping particle system 'FootStepParticle'. Spawning suppressed.
[2020.11.20-07.26.42:781][145]LogParticles: Warning: Particle Notify: Anim 'Cataw_Walk' tried to spawn infinitely looping particle system 'FootStepParticle'. Spawning suppressed.
[2020.11.20-07.26.43:156][177]LogParticles: Warning: Particle Notify: Anim 'Cataw_Walk' tried to spawn infinitely looping particle system 'FootStepParticle'. Spawning suppressed.
[2020.11.20-07.26.43:182][179]LogParticles: Warning: Particle Notify: Anim 'Cataw_Walk' tried to spawn infinitely looping particle system 'FootStepParticle'. Spawning suppressed.
[2020.11.20-07.26.43:182][179]LogParticles: Warning: Particle Notify: Anim 'Cataw_Walk' tried to spawn infinitely looping particle system 'FootStepParticle'. Spawning suppressed.
[2020.11.20-07.26.43:727][225]LogParticles: Warning: Particle Notify: Anim 'Cataw_Walk' tried to spawn infinitely looping particle system 'FootStepParticle'. Spawning suppressed.
[2020.11.20-07.26.43:749][227]LogParticles: Warning: Particle Notify: Anim 'Cataw_Walk' tried to spawn infinitely looping particle system 'FootStepParticle'. Spawning suppressed.
[2020.11.20-07.26.43:749][227]LogParticles: Warning: Particle Notify: Anim 'Cataw_Walk' tried to spawn infinitely looping particle system 'FootStepParticle'. Spawning suppressed.
[2020.11.20-07.26.44:123][259]LogParticles: Warning: Particle Notify: Anim 'Cataw_Walk' tried to spawn infinitely looping particle system 'FootStepParticle'. Spawning suppressed.
[2020.11.20-07.26.44:148][261]LogParticles: Warning: Particle Notify: Anim 'Cataw_Walk' tried to spawn infinitely looping particle system 'FootStepParticle'. Spawning suppressed.
[2020.11.20-07.26.44:148][261]LogParticles: Warning: Particle Notify: Anim 'Cataw_Walk' tried to spawn infinitely looping particle system 'FootStepParticle'. Spawning suppressed.
[2020.11.20-07.26.44:692][306]LogParticles: Warning: Particle Notify: Anim 'Cataw_Walk' tried to spawn infinitely looping particle system 'FootStepParticle'. Spawning suppressed.
[2020.11.20-07.26.44:715][308]LogParticles: Warning: Particle Notify: Anim 'Cataw_Walk' tried to spawn infinitely looping particle system 'FootStepParticle'. Spawning suppressed.
[2020.11.20-07.26.44:715][308]LogParticles: Warning: Particle Notify: Anim 'Cataw_Walk' tried to spawn infinitely looping particle system 'FootStepParticle'. Spawning suppressed.
[2020.11.20-07.26.45:093][340]LogParticles: Warning: Particle Notify: Anim 'Cataw_Walk' tried to spawn infinitely looping particle system 'FootStepParticle'. Spawning suppressed.
[2020.11.20-07.26.45:118][342]LogParticles: Warning: Particle Notify: Anim 'Cataw_Walk' tried to spawn infinitely looping particle system 'FootStepParticle'. Spawning suppressed.
[2020.11.20-07.26.45:118][342]LogParticles: Warning: Particle Notify: Anim 'Cataw_Walk' tried to spawn infinitely looping particle system 'FootStepParticle'. Spawning suppressed.
[2020.11.20-07.26.45:665][388]LogParticles: Warning: Particle Notify: Anim 'Cataw_Walk' tried to spawn infinitely looping particle system 'FootStepParticle'. Spawning suppressed.
[2020.11.20-07.26.45:677][389]LogParticles: Warning: Particle Notify: Anim 'Cataw_Walk' tried to spawn infinitely looping particle system 'FootStepParticle'. Spawning suppressed.
[2020.11.20-07.26.45:677][389]LogParticles: Warning: Particle Notify: Anim 'Cataw_Walk' tried to spawn infinitely looping particle system 'FootStepParticle'. Spawning suppressed.
[2020.11.20-07.26.46:057][420]LogParticles: Warning: Particle Notify: Anim 'Cataw_Walk' tried to spawn infinitely looping particle system 'FootStepParticle'. Spawning suppressed.
[2020.11.20-07.26.46:079][422]LogParticles: Warning: Particle Notify: Anim 'Cataw_Walk' tried to spawn infinitely looping particle system 'FootStepParticle'. Spawning suppressed.
[2020.11.20-07.26.46:080][422]LogParticles: Warning: Particle Notify: Anim 'Cataw_Walk' tried to spawn infinitely looping particle system 'FootStepParticle'. Spawning suppressed.
[2020.11.20-07.26.46:627][469]LogParticles: Warning: Particle Notify: Anim 'Cataw_Walk' tried to spawn infinitely looping particle system 'FootStepParticle'. Spawning suppressed.
[2020.11.20-07.26.46:650][471]LogParticles: Warning: Particle Notify: Anim 'Cataw_Walk' tried to spawn infinitely looping particle system 'FootStepParticle'. Spawning suppressed.
[2020.11.20-07.26.46:650][471]LogParticles: Warning: Particle Notify: Anim 'Cataw_Walk' tried to spawn infinitely looping particle system 'FootStepParticle'. Spawning suppressed.
[2020.11.20-07.26.46:948][495]PIE: Warning: The widget 'Pause_Menu_C' was already added to the screen.
[2020.11.20-07.27.59:862][765]LogSlate: Updating window title bar state: overlay mode, drag disabled, window buttons hidden, title bar hidden
[2020.11.20-07.27.59:862][765]LogWorld: BeginTearingDown for /Game/ThirdPersonBP/Maps/UEDPIE_0_Stage_1_Plain_1
[2020.11.20-07.27.59:863][765]LogWorld: UWorld::CleanupWorld for Stage_1_Plain_1, bSessionEnded=true, bCleanupResources=true
[2020.11.20-07.27.59:866][765]LogSlate: InvalidateAllWidgets triggered.  All widgets were invalidated
[2020.11.20-07.27.59:872][765]LogPlayLevel: Display: Shutting down PIE online subsystems
[2020.11.20-07.27.59:874][765]LogSlate: InvalidateAllWidgets triggered.  All widgets were invalidated
[2020.11.20-07.27.59:900][765]LogSlate: Updating window title bar state: overlay mode, drag disabled, window buttons hidden, title bar hidden
[2020.11.20-07.27.59:902][765]LogAISub: UAISubsystem::~UAISubsystem AIPerceptionSystem (0000023784561A80), frame # 10765
[2020.11.20-07.27.59:903][765]LogAISub: UAISubsystem::~UAISubsystem EnvQueryManager (000002380DD1FE00), frame # 10765
[2020.11.20-07.27.59:905][765]LogUObjectHash: Compacting FUObjectHashTables data took   0.75ms
[2020.11.20-07.28.00:403][765]LogSlate: Took 0.010444 seconds to synchronously load lazily loaded font '../../../Engine/Content/Slate/Fonts/DroidSansMono.ttf' (77K)
[2020.11.20-07.28.00:425][766]LogPlayLevel: Display: Destroying online subsystem :Context_2
[2020.11.20-07.28.01:769][829]LogSlate: Window 'Message Log' being destroyed
[2020.11.20-07.28.01:791][829]LogSlate: Window 'Message Log' being destroyed
[2020.11.20-07.54.36:540][964]LogEditorViewport: Clicking on Actor (LMB): StaticMeshActor (Floor_01_01_A)
[2020.11.20-07.54.38:927][ 84]LogTemp: Repeating last play command: Selected Viewport
[2020.11.20-07.54.38:965][ 84]LogPlayLevel: PlayLevel: No blueprints needed recompiling
[2020.11.20-07.54.38:965][ 84]PIE: New page: PIE session: Stage_1_Plain_1 (20 nov. 2020 9:54:38)
[2020.11.20-07.54.38:965][ 84]LogPlayLevel: Creating play world package: /Game/ThirdPersonBP/Maps/UEDPIE_0_Stage_1_Plain_1
[2020.11.20-07.54.39:020][ 84]LogPlayLevel: PIE: StaticDuplicateObject took: (0.055180s)
[2020.11.20-07.54.39:022][ 84]LogAIModule: Creating AISystem for world Stage_1_Plain_1
[2020.11.20-07.54.39:022][ 84]LogAISub: UAISubsystem::UAISubsystem EnvQueryManager (000002380701FC00), frame # 23084
[2020.11.20-07.54.39:022][ 84]LogAISub: UAISubsystem::UAISubsystem AIPerceptionSystem (0000023784467740), frame # 23084
[2020.11.20-07.54.39:022][ 84]LogPlayLevel: PIE: World Init took: (0.001631s)
[2020.11.20-07.54.39:022][ 84]LogPlayLevel: PIE: Created PIE world by copying editor world from /Game/ThirdPersonBP/Maps/Stage_1_Plain_1.Stage_1_Plain_1 to /Game/ThirdPersonBP/Maps/UEDPIE_0_Stage_1_Plain_1.Stage_1_Plain_1 (0.056953s)
[2020.11.20-07.54.39:032][ 84]LogUObjectHash: Compacting FUObjectHashTables data took   0.77ms
[2020.11.20-07.54.39:034][ 84]LogAudioMixer: Display: Audio Mixer Platform Settings:
[2020.11.20-07.54.39:034][ 84]LogAudioMixer: Display: 	Sample Rate:						  48000
[2020.11.20-07.54.39:034][ 84]LogAudioMixer: Display: 	Callback Buffer Frame Size Requested: 1024
[2020.11.20-07.54.39:034][ 84]LogAudioMixer: Display: 	Callback Buffer Frame Size To Use:	  1024
[2020.11.20-07.54.39:034][ 84]LogAudioMixer: Display: 	Number of buffers to queue:			  2
[2020.11.20-07.54.39:034][ 84]LogAudioMixer: Display: 	Max Channels (voices):				  32
[2020.11.20-07.54.39:034][ 84]LogAudioMixer: Display: 	Number of Async Source Workers:		  0
[2020.11.20-07.54.39:034][ 84]LogAudio: Display: AudioDevice MaxSources: 32
[2020.11.20-07.54.39:034][ 84]LogAudio: Display: Using built-in audio occlusion.
[2020.11.20-07.54.39:034][ 84]LogAudioMixer: Display: Initializing audio mixer.
[2020.11.20-07.54.39:039][ 84]LogAudioMixer: Display: 0: FrontLeft
[2020.11.20-07.54.39:039][ 84]LogAudioMixer: Display: 1: FrontRight
[2020.11.20-07.54.39:057][ 84]LogAudioMixer: Display: Using Audio Device LG FULL HD (NVIDIA High Definition Audio)
[2020.11.20-07.54.39:057][ 84]LogAudioMixer: Display: Initializing Sound Submixes...
[2020.11.20-07.54.39:057][ 84]LogAudioMixer: Display: Creating Master Submix 'MasterSubmixDefault'
[2020.11.20-07.54.39:057][ 84]LogAudioMixer: Display: Creating Master Submix 'MasterReverbSubmixDefault'
[2020.11.20-07.54.39:058][ 84]LogAudioMixer: Display: Creating Master Submix 'MasterEQSubmixDefault'
[2020.11.20-07.54.39:070][ 84]LogInit: FAudioDevice initialized.
[2020.11.20-07.54.39:079][ 84]LogLoad: Game class is 'BeatemupGameMode_C'
[2020.11.20-07.54.39:094][ 84]LogWorld: Bringing World /Game/ThirdPersonBP/Maps/UEDPIE_0_Stage_1_Plain_1.Stage_1_Plain_1 up for play (max tick rate 0) at 2020.11.20-08.54.39
[2020.11.20-07.54.39:095][ 84]LogWorld: Bringing up level for play took: 0.015396
[2020.11.20-07.54.39:096][ 84]LogOnline: OSS: Creating online subsystem instance for: :Context_3
[2020.11.20-07.54.39:097][ 84]LogSpawn: Warning: SpawnActor failed because no class was specified
[2020.11.20-07.54.39:101][ 84]LogPawn: Error: EnableInput can only be specified on a Pawn for its Controller
[2020.11.20-07.54.39:101][ 84]PIE: Server logged in
[2020.11.20-07.54.39:102][ 84]PIE: Play in editor total start time 0,139 seconds.
[2020.11.20-07.54.42:724][341]PIE: Warning: The widget 'Pause_Menu_C' was already added to the screen.
[2020.11.20-07.55.01:580][766]LogSlate: Updating window title bar state: overlay mode, drag disabled, window buttons hidden, title bar hidden
[2020.11.20-07.55.01:580][766]LogWorld: BeginTearingDown for /Game/ThirdPersonBP/Maps/UEDPIE_0_Stage_1_Plain_1
[2020.11.20-07.55.01:580][766]LogWorld: UWorld::CleanupWorld for Stage_1_Plain_1, bSessionEnded=true, bCleanupResources=true
[2020.11.20-07.55.01:582][766]LogSlate: InvalidateAllWidgets triggered.  All widgets were invalidated
[2020.11.20-07.55.01:587][766]LogPlayLevel: Display: Shutting down PIE online subsystems
[2020.11.20-07.55.01:589][766]LogSlate: InvalidateAllWidgets triggered.  All widgets were invalidated
[2020.11.20-07.55.01:600][766]LogSlate: Updating window title bar state: overlay mode, drag disabled, window buttons hidden, title bar hidden
[2020.11.20-07.55.01:618][766]LogAISub: UAISubsystem::~UAISubsystem AIPerceptionSystem (0000023784467740), frame # 24766
[2020.11.20-07.55.01:618][766]LogAISub: UAISubsystem::~UAISubsystem EnvQueryManager (000002380701FC00), frame # 24766
[2020.11.20-07.55.01:621][766]LogUObjectHash: Compacting FUObjectHashTables data took   1.12ms
[2020.11.20-07.55.01:759][767]LogPlayLevel: Display: Destroying online subsystem :Context_3
[2020.11.20-07.55.04:023][910]LogSlate: Window 'Message Log' being destroyed
[2020.11.20-07.55.04:038][910]LogSlate: Window 'Message Log' being destroyed
[2020.11.20-10.28.00:489][723]LogHttp: Warning: 000002380E501600: invalid HTTP response code received. URL: https://datarouter.ol.epicgames.com/datarouter/api/v1/public/data?SessionID=%7B754400F0-4754-40F8-ADF4-A3B432A19BAF%7D&AppID=UEEditor.Rocket.Release&AppVersion=4.25.3-13942748%2B%2B%2BUE4%2BRelease-4.25&UserID=2cd2960f4eafe15f11c38080c01f185e%7Cddb88b5ff4be4ce69ef94d598e983fdf%7C38d2672a-2a0a-4791-bfe6-1084e49f3ab3&AppEnvironment=datacollector-source&UploadType=eteventstream, HTTP code: 0, content length: 0, actual payload size: 0
[2020.11.20-10.28.00:489][723]LogHttp: Warning: 000002380E501600: request failed, libcurl error: 7 (Couldn't connect to server)
[2020.11.20-10.28.00:489][723]LogHttp: Warning: 000002380E501600: libcurl info message cache 0 (Connection 81 seems to be dead!)
[2020.11.20-10.28.00:489][723]LogHttp: Warning: 000002380E501600: libcurl info message cache 1 (Closing connection 81)
[2020.11.20-10.28.00:489][723]LogHttp: Warning: 000002380E501600: libcurl info message cache 2 (TLSv1.2 (OUT), TLS alert, Client hello (1):)
[2020.11.20-10.28.00:489][723]LogHttp: Warning: 000002380E501600: libcurl info message cache 3 (  Trying 54.164.85.111...)
[2020.11.20-10.28.00:489][723]LogHttp: Warning: 000002380E501600: libcurl info message cache 4 (TCP_NODELAY set)
[2020.11.20-10.28.00:489][723]LogHttp: Warning: 000002380E501600: libcurl info message cache 5 (connect to 54.164.85.111 port 443 failed: Timed out)
[2020.11.20-10.28.00:489][723]LogHttp: Warning: 000002380E501600: libcurl info message cache 6 (  Trying 52.207.202.240...)
[2020.11.20-10.28.00:489][723]LogHttp: Warning: 000002380E501600: libcurl info message cache 7 (TCP_NODELAY set)
[2020.11.20-10.28.00:489][723]LogHttp: Warning: 000002380E501600: libcurl info message cache 8 (After 19500ms connect time, move on!)
[2020.11.20-10.28.00:489][723]LogHttp: Warning: 000002380E501600: libcurl info message cache 9 (connect to 52.207.202.240 port 443 failed: Timed out)
[2020.11.20-10.28.00:489][723]LogHttp: Warning: 000002380E501600: libcurl info message cache 10 (  Trying 34.197.129.116...)
[2020.11.20-10.28.00:489][723]LogHttp: Warning: 000002380E501600: libcurl info message cache 11 (TCP_NODELAY set)
[2020.11.20-10.28.00:489][723]LogHttp: Warning: 000002380E501600: libcurl info message cache 12 (After 9750ms connect time, move on!)
[2020.11.20-10.28.00:489][723]LogHttp: Warning: 000002380E501600: libcurl info message cache 13 (connect to 34.197.129.116 port 443 failed: Timed out)
[2020.11.20-10.28.00:489][723]LogHttp: Warning: 000002380E501600: libcurl info message cache 14 (  Trying 54.87.71.10...)
[2020.11.20-10.28.00:489][723]LogHttp: Warning: 000002380E501600: libcurl info message cache 15 (TCP_NODELAY set)
[2020.11.20-10.28.00:489][723]LogHttp: Warning: 000002380E501600: libcurl info message cache 16 (After 4875ms connect time, move on!)
[2020.11.20-10.28.00:489][723]LogHttp: Warning: 000002380E501600: libcurl info message cache 17 (connect to 54.87.71.10 port 443 failed: Timed out)
[2020.11.20-10.28.00:489][723]LogHttp: Warning: 000002380E501600: libcurl info message cache 18 (  Trying 3.232.164.126...)
[2020.11.20-10.28.00:489][723]LogHttp: Warning: 000002380E501600: libcurl info message cache 19 (TCP_NODELAY set)
[2020.11.20-10.28.00:489][723]LogHttp: Warning: 000002380E501600: libcurl info message cache 20 (After 2437ms connect time, move on!)
[2020.11.20-10.28.00:489][723]LogHttp: Warning: 000002380E501600: libcurl info message cache 21 (connect to 3.232.164.126 port 443 failed: Timed out)
[2020.11.20-10.28.00:489][723]LogHttp: Warning: 000002380E501600: libcurl info message cache 22 (  Trying 3.213.182.132...)
[2020.11.20-10.28.00:489][723]LogHttp: Warning: 000002380E501600: libcurl info message cache 23 (TCP_NODELAY set)
[2020.11.20-10.28.00:489][723]LogHttp: Warning: 000002380E501600: libcurl info message cache 24 (After 1219ms connect time, move on!)
[2020.11.20-10.28.00:489][723]LogHttp: Warning: 000002380E501600: libcurl info message cache 25 (connect to 3.213.182.132 port 443 failed: Timed out)
[2020.11.20-10.28.00:489][723]LogHttp: Warning: 000002380E501600: libcurl info message cache 26 (  Trying 54.197.154.200...)
[2020.11.20-10.28.00:489][723]LogHttp: Warning: 000002380E501600: libcurl info message cache 27 (TCP_NODELAY set)
[2020.11.20-10.28.00:489][723]LogHttp: Warning: 000002380E501600: libcurl info message cache 28 (After 609ms connect time, move on!)
[2020.11.20-10.28.00:489][723]LogHttp: Warning: 000002380E501600: libcurl info message cache 29 (connect to 54.197.154.200 port 443 failed: Timed out)
[2020.11.20-10.28.00:489][723]LogHttp: Warning: 000002380E501600: libcurl info message cache 30 (  Trying 52.20.1.12...)
[2020.11.20-10.28.00:489][723]LogHttp: Warning: 000002380E501600: libcurl info message cache 31 (TCP_NODELAY set)
[2020.11.20-10.28.00:489][723]LogHttp: Warning: 000002380E501600: libcurl info message cache 32 (After 304ms connect time, move on!)
[2020.11.20-10.28.00:489][723]LogHttp: Warning: 000002380E501600: libcurl info message cache 33 (connect to 52.20.1.12 port 443 failed: Timed out)
[2020.11.20-10.28.00:489][723]LogHttp: Warning: 000002380E501600: libcurl info message cache 34 (Failed to connect to datarouter.ol.epicgames.com port 443: Timed out)
[2020.11.20-10.28.00:489][723]LogHttp: Warning: 000002380E501600: libcurl info message cache 35 (Closing connection 82)
[2020.11.20-10.28.00:825][724]LogHttp: Warning: Retry exhausted on https://datarouter.ol.epicgames.com/datarouter/api/v1/public/data?SessionID=%7B754400F0-4754-40F8-ADF4-A3B432A19BAF%7D&AppID=UEEditor.Rocket.Release&AppVersion=4.25.3-13942748%2B%2B%2BUE4%2BRelease-4.25&UserID=2cd2960f4eafe15f11c38080c01f185e%7Cddb88b5ff4be4ce69ef94d598e983fdf%7C38d2672a-2a0a-4791-bfe6-1084e49f3ab3&AppEnvironment=datacollector-source&UploadType=eteventstream
[2020.11.20-10.54.07:007][400]LogWindowsTextInputMethodSystem: Display: IME system now deactivated.
[2020.11.20-10.54.07:007][400]LogWindowsTextInputMethodSystem: Display: IME system now deactivated.
[2020.11.20-12.15.16:040][897]LogUObjectHash: Compacting FUObjectHashTables data took  15.38ms
[2020.11.20-12.15.18:428][897]LogSlate: Window 'Ancient_Warriors - Unreal Editor' being destroyed
[2020.11.20-12.15.18:505][897]LogWindowsTextInputMethodSystem: Display: IME system now deactivated.
[2020.11.20-12.15.26:218][898]Cmd: QUIT_EDITOR
[2020.11.20-12.15.26:236][898]LogCore: Engine exit requested (reason: UUnrealEdEngine::CloseEditor())
[2020.11.20-12.15.27:639][898]LogCore: Engine exit requested (reason: EngineExit() was called; note: exit was already requested)
[2020.11.20-12.15.34:529][898]LogExit: Preparing to exit.
